[ 2017-05-06T08:19:13+08:00 ] ::1 /trainer/index.php/home/index/advice
INFO: [ app_init ] --START--
INFO: Run Behavior\BuildLiteBehavior [ RunTime:0.000033s ]
INFO: [ app_init ] --END-- [ RunTime:0.001867s ]
INFO: [ app_begin ] --START--
INFO: Run Behavior\ReadHtmlCacheBehavior [ RunTime:0.001096s ]
INFO: [ app_begin ] --END-- [ RunTime:0.001232s ]
SQL: SHOW COLUMNS FROM `trainer_user` [ RunTime:0.0491s ]
SQL: SELECT `username` FROM `trainer_user` WHERE ( openid = "myopenid_djjasjdjas" and status=1  ) ORDER BY ID desc LIMIT 1   [ RunTime:0.0208s ]
SQL: SELECT `username` FROM `trainer_user` WHERE ( openid = "myopenid_djjasjdjas" and status=1  ) ORDER BY ID desc LIMIT 1   [ RunTime:0.0009s ]
INFO: [ view_parse ] --START--
INFO: [ template_filter ] --START--
INFO: Run Behavior\ContentReplaceBehavior [ RunTime:0.019500s ]
INFO: [ template_filter ] --END-- [ RunTime:0.019757s ]
INFO: Run Behavior\ParseTemplateBehavior [ RunTime:0.102779s ]
INFO: [ view_parse ] --END-- [ RunTime:0.103131s ]
INFO: [ view_filter ] --START--
INFO: Run Behavior\WriteHtmlCacheBehavior [ RunTime:0.057403s ]
INFO: [ view_filter ] --END-- [ RunTime:0.057633s ]

[ 2017-05-06T08:19:46+08:00 ] ::1 /trainer/index.php/home/index/advice
INFO: [ app_init ] --START--
INFO: Run Behavior\BuildLiteBehavior [ RunTime:0.000028s ]
INFO: [ app_init ] --END-- [ RunTime:0.000685s ]
INFO: [ app_begin ] --START--
INFO: Run Behavior\ReadHtmlCacheBehavior [ RunTime:0.001383s ]
INFO: [ app_begin ] --END-- [ RunTime:0.001509s ]
SQL: SHOW COLUMNS FROM `trainer_user` [ RunTime:0.0094s ]
SQL: SELECT `username` FROM `trainer_user` WHERE ( openid = "myopenid_djjasjdjas" and status=1  ) ORDER BY ID desc LIMIT 1   [ RunTime:0.0005s ]
SQL: SHOW COLUMNS FROM `trainer_advice` [ RunTime:0.0071s ]
SQL: SELECT * FROM `trainer_advice` WHERE ( openid = "myopenid_djjasjdjas" and status=1  ) ORDER BY ID desc LIMIT 1   [ RunTime:0.0006s ]
INFO: [ view_parse ] --START--
INFO: [ template_filter ] --START--
INFO: Run Behavior\ContentReplaceBehavior [ RunTime:0.000052s ]
INFO: [ template_filter ] --END-- [ RunTime:0.000131s ]
INFO: Run Behavior\ParseTemplateBehavior [ RunTime:0.030219s ]
INFO: [ view_parse ] --END-- [ RunTime:0.030355s ]
INFO: [ view_filter ] --START--
INFO: Run Behavior\WriteHtmlCacheBehavior [ RunTime:0.000663s ]
INFO: [ view_filter ] --END-- [ RunTime:0.000729s ]
INFO: [ app_end ] --START--
INFO: Run Behavior\ShowPageTraceBehavior [ RunTime:0.010008s ]
INFO: [ app_end ] --END-- [ RunTime:0.010086s ]

[ 2017-05-06T09:18:13+08:00 ] ::1 /trainer/index.php/Home/Index/advice.html
INFO: [ app_init ] --START--
INFO: Run Behavior\BuildLiteBehavior [ RunTime:0.000015s ]
INFO: [ app_init ] --END-- [ RunTime:0.000292s ]
INFO: [ app_begin ] --START--
INFO: Run Behavior\ReadHtmlCacheBehavior [ RunTime:0.000468s ]
INFO: [ app_begin ] --END-- [ RunTime:0.000536s ]
SQL: SHOW COLUMNS FROM `trainer_user` [ RunTime:0.0048s ]
SQL: SELECT `username` FROM `trainer_user` WHERE ( openid = "myopenid_djjasjdjas" and status=1  ) ORDER BY ID desc LIMIT 1   [ RunTime:0.0003s ]
SQL: SHOW COLUMNS FROM `trainer_advice` [ RunTime:0.0039s ]
SQL: SELECT * FROM `trainer_advice` WHERE ( openid = "myopenid_djjasjdjas" and status=1  ) ORDER BY ID desc LIMIT 1   [ RunTime:0.0003s ]
SQL: INSERT INTO `trainer_advice` (`userName`,`adviceClass`,`adviceService`,`adviceDealRoom`,`adviceTeacher`,`adviceText`,`openid`,`time`,`ip`,`status`) VALUES ('黄安康','差','一般','好','非常好','','myopenid_djjasjdjas','2017-05-06 09:18:13','0.0.0.0','1') [ RunTime:0.0490s ]
INFO: [ view_parse ] --START--
INFO: [ template_filter ] --START--
INFO: Run Behavior\ContentReplaceBehavior [ RunTime:0.000048s ]
INFO: [ template_filter ] --END-- [ RunTime:0.000117s ]
NOTIC: [8] Undefined variable: error E:\wamp\www\trainer\Application\Runtime\Cache\Home\b677e772227aa20472e3ad97d4150dbc.php 第 25 行.
INFO: Run Behavior\ParseTemplateBehavior [ RunTime:0.006304s ]
INFO: [ view_parse ] --END-- [ RunTime:0.006368s ]
INFO: [ view_filter ] --START--
INFO: Run Behavior\WriteHtmlCacheBehavior [ RunTime:0.000330s ]
INFO: [ view_filter ] --END-- [ RunTime:0.000385s ]

[ 2017-05-06T09:23:42+08:00 ] ::1 /trainer/index.php/Home/Index/advice.html
INFO: [ app_init ] --START--
INFO: Run Behavior\BuildLiteBehavior [ RunTime:0.000017s ]
INFO: [ app_init ] --END-- [ RunTime:0.000323s ]
INFO: [ app_begin ] --START--
INFO: Run Behavior\ReadHtmlCacheBehavior [ RunTime:0.000545s ]
INFO: [ app_begin ] --END-- [ RunTime:0.000615s ]
SQL: SHOW COLUMNS FROM `trainer_user` [ RunTime:0.0048s ]
SQL: SELECT `username` FROM `trainer_user` WHERE ( openid = "myopenid_djjasjdjas" and status=1  ) ORDER BY ID desc LIMIT 1   [ RunTime:0.0003s ]
SQL: SHOW COLUMNS FROM `trainer_advice` [ RunTime:0.0039s ]
SQL: SELECT * FROM `trainer_advice` WHERE ( openid = "myopenid_djjasjdjas" and status=1  ) ORDER BY ID desc LIMIT 1   [ RunTime:0.0003s ]
INFO: [ view_parse ] --START--
INFO: [ template_filter ] --START--
INFO: Run Behavior\ContentReplaceBehavior [ RunTime:0.000103s ]
INFO: [ template_filter ] --END-- [ RunTime:0.000202s ]
INFO: Run Behavior\ParseTemplateBehavior [ RunTime:0.029081s ]
INFO: [ view_parse ] --END-- [ RunTime:0.029170s ]
INFO: [ view_filter ] --START--
INFO: Run Behavior\WriteHtmlCacheBehavior [ RunTime:0.000320s ]
INFO: [ view_filter ] --END-- [ RunTime:0.000376s ]

