[ 2017-02-07T08:13:01+08:00 ] 127.0.0.1 /trainer/index.php/home/index/dinner
INFO: [ app_init ] --START--
INFO: Run Behavior\BuildLiteBehavior [ RunTime:0.000032s ]
INFO: [ app_init ] --END-- [ RunTime:0.074952s ]
INFO: [ app_begin ] --START--
INFO: Run Behavior\ReadHtmlCacheBehavior [ RunTime:0.014277s ]
INFO: [ app_begin ] --END-- [ RunTime:0.014448s ]
NOTIC: [8] Undefined variable: lunchStart E:\wamp\www\trainer\Application\Home\Controller\IndexController.class.php 第 81 行.
NOTIC: [8] Undefined variable: lunchStop E:\wamp\www\trainer\Application\Home\Controller\IndexController.class.php 第 81 行.
INFO: [ view_parse ] --START--
INFO: [ template_filter ] --START--
INFO: Run Behavior\ContentReplaceBehavior [ RunTime:0.137531s ]
INFO: [ template_filter ] --END-- [ RunTime:0.137692s ]
INFO: Run Behavior\ParseTemplateBehavior [ RunTime:0.537399s ]
INFO: [ view_parse ] --END-- [ RunTime:0.537547s ]
INFO: [ view_filter ] --START--
INFO: Run Behavior\WriteHtmlCacheBehavior [ RunTime:0.049624s ]
INFO: [ view_filter ] --END-- [ RunTime:0.049787s ]
INFO: [ app_end ] --START--
INFO: Run Behavior\ShowPageTraceBehavior [ RunTime:0.010602s ]
INFO: [ app_end ] --END-- [ RunTime:0.010754s ]

[ 2017-02-07T08:13:26+08:00 ] 127.0.0.1 /trainer/
INFO: [ app_init ] --START--
INFO: Run Behavior\BuildLiteBehavior [ RunTime:0.000026s ]
INFO: [ app_init ] --END-- [ RunTime:0.000467s ]
INFO: [ app_begin ] --START--
INFO: Run Behavior\ReadHtmlCacheBehavior [ RunTime:0.000599s ]
INFO: [ app_begin ] --END-- [ RunTime:0.000705s ]
INFO: [ view_parse ] --START--
INFO: [ template_filter ] --START--
INFO: Run Behavior\ContentReplaceBehavior [ RunTime:0.000076s ]
INFO: [ template_filter ] --END-- [ RunTime:0.000187s ]
INFO: Run Behavior\ParseTemplateBehavior [ RunTime:0.008391s ]
INFO: [ view_parse ] --END-- [ RunTime:0.008509s ]
INFO: [ view_filter ] --START--
INFO: Run Behavior\WriteHtmlCacheBehavior [ RunTime:0.000293s ]
INFO: [ view_filter ] --END-- [ RunTime:0.000389s ]
INFO: [ app_end ] --START--
INFO: Run Behavior\ShowPageTraceBehavior [ RunTime:0.000576s ]
INFO: [ app_end ] --END-- [ RunTime:0.000676s ]

[ 2017-02-07T08:16:17+08:00 ] 127.0.0.1 /trainer/index.php/home/index/dinner
INFO: [ app_init ] --START--
INFO: Run Behavior\BuildLiteBehavior [ RunTime:0.000027s ]
INFO: [ app_init ] --END-- [ RunTime:0.000531s ]
INFO: [ app_begin ] --START--
INFO: Run Behavior\ReadHtmlCacheBehavior [ RunTime:0.000827s ]
INFO: [ app_begin ] --END-- [ RunTime:0.000980s ]
NOTIC: [8] Undefined variable: lunchStart E:\wamp\www\trainer\Application\Home\Controller\IndexController.class.php 第 81 行.
NOTIC: [8] Undefined variable: lunchStop E:\wamp\www\trainer\Application\Home\Controller\IndexController.class.php 第 81 行.
INFO: [ view_parse ] --START--
INFO: [ template_filter ] --START--
INFO: Run Behavior\ContentReplaceBehavior [ RunTime:0.000082s ]
INFO: [ template_filter ] --END-- [ RunTime:0.000195s ]
INFO: Run Behavior\ParseTemplateBehavior [ RunTime:0.009503s ]
INFO: [ view_parse ] --END-- [ RunTime:0.009631s ]
INFO: [ view_filter ] --START--
INFO: Run Behavior\WriteHtmlCacheBehavior [ RunTime:0.000409s ]
INFO: [ view_filter ] --END-- [ RunTime:0.000505s ]
INFO: [ app_end ] --START--
INFO: Run Behavior\ShowPageTraceBehavior [ RunTime:0.000689s ]
INFO: [ app_end ] --END-- [ RunTime:0.000787s ]

[ 2017-02-07T08:16:17+08:00 ] 127.0.0.1 /trainer/index.php/home/index/dinner
INFO: [ app_init ] --START--
INFO: Run Behavior\BuildLiteBehavior [ RunTime:0.000027s ]
INFO: [ app_init ] --END-- [ RunTime:0.000470s ]
INFO: [ app_begin ] --START--
INFO: Run Behavior\ReadHtmlCacheBehavior [ RunTime:0.000591s ]
INFO: [ app_begin ] --END-- [ RunTime:0.000698s ]
NOTIC: [8] Undefined variable: lunchStart E:\wamp\www\trainer\Application\Home\Controller\IndexController.class.php 第 81 行.
NOTIC: [8] Undefined variable: lunchStop E:\wamp\www\trainer\Application\Home\Controller\IndexController.class.php 第 81 行.
INFO: [ view_parse ] --START--
INFO: [ template_filter ] --START--
INFO: Run Behavior\ContentReplaceBehavior [ RunTime:0.000076s ]
INFO: [ template_filter ] --END-- [ RunTime:0.000182s ]
INFO: Run Behavior\ParseTemplateBehavior [ RunTime:0.008190s ]
INFO: [ view_parse ] --END-- [ RunTime:0.008314s ]
INFO: [ view_filter ] --START--
INFO: Run Behavior\WriteHtmlCacheBehavior [ RunTime:0.000288s ]
INFO: [ view_filter ] --END-- [ RunTime:0.000387s ]
INFO: [ app_end ] --START--
INFO: Run Behavior\ShowPageTraceBehavior [ RunTime:0.000587s ]
INFO: [ app_end ] --END-- [ RunTime:0.000686s ]

[ 2017-02-07T10:03:35+08:00 ] ::1 /trainer/
INFO: [ app_init ] --START--
INFO: Run Behavior\BuildLiteBehavior [ RunTime:0.000028s ]
INFO: [ app_init ] --END-- [ RunTime:0.000559s ]
INFO: [ app_begin ] --START--
INFO: Run Behavior\ReadHtmlCacheBehavior [ RunTime:0.000817s ]
INFO: [ app_begin ] --END-- [ RunTime:0.000937s ]
INFO: [ view_parse ] --START--
INFO: [ template_filter ] --START--
INFO: Run Behavior\ContentReplaceBehavior [ RunTime:0.000084s ]
INFO: [ template_filter ] --END-- [ RunTime:0.000203s ]
INFO: Run Behavior\ParseTemplateBehavior [ RunTime:0.014293s ]
INFO: [ view_parse ] --END-- [ RunTime:0.014461s ]
INFO: [ view_filter ] --START--
INFO: Run Behavior\WriteHtmlCacheBehavior [ RunTime:0.000401s ]
INFO: [ view_filter ] --END-- [ RunTime:0.000497s ]
INFO: [ app_end ] --START--
INFO: Run Behavior\ShowPageTraceBehavior [ RunTime:0.001028s ]
INFO: [ app_end ] --END-- [ RunTime:0.001195s ]

[ 2017-02-07T10:59:18+08:00 ] ::1 /trainer/index.php/home/index/dinner
INFO: [ app_init ] --START--
INFO: Run Behavior\BuildLiteBehavior [ RunTime:0.000047s ]
INFO: [ app_init ] --END-- [ RunTime:0.000922s ]
INFO: [ app_begin ] --START--
INFO: Run Behavior\ReadHtmlCacheBehavior [ RunTime:0.000982s ]
INFO: [ app_begin ] --END-- [ RunTime:0.001154s ]
NOTIC: [8] Undefined variable: lunchStart E:\wamp\www\trainer\Application\Home\Controller\IndexController.class.php 第 81 行.
NOTIC: [8] Undefined variable: lunchStop E:\wamp\www\trainer\Application\Home\Controller\IndexController.class.php 第 81 行.
INFO: [ view_parse ] --START--
INFO: [ template_filter ] --START--
INFO: Run Behavior\ContentReplaceBehavior [ RunTime:0.000082s ]
INFO: [ template_filter ] --END-- [ RunTime:0.000198s ]
INFO: Run Behavior\ParseTemplateBehavior [ RunTime:0.013443s ]
INFO: [ view_parse ] --END-- [ RunTime:0.013627s ]
INFO: [ view_filter ] --START--
INFO: Run Behavior\WriteHtmlCacheBehavior [ RunTime:0.000417s ]
INFO: [ view_filter ] --END-- [ RunTime:0.000513s ]
INFO: [ app_end ] --START--
INFO: Run Behavior\ShowPageTraceBehavior [ RunTime:0.000752s ]
INFO: [ app_end ] --END-- [ RunTime:0.000880s ]

[ 2017-02-07T11:32:26+08:00 ] ::1 /trainer/index.php/home/index/dinner
INFO: [ app_init ] --START--
INFO: Run Behavior\BuildLiteBehavior [ RunTime:0.000030s ]
INFO: [ app_init ] --END-- [ RunTime:0.000589s ]
INFO: [ app_begin ] --START--
INFO: Run Behavior\ReadHtmlCacheBehavior [ RunTime:0.000753s ]
INFO: [ app_begin ] --END-- [ RunTime:0.000859s ]
NOTIC: [8] Undefined variable: ceshi E:\wamp\www\trainer\Application\Home\Controller\IndexController.class.php 第 83 行.
INFO: [ view_parse ] --START--
INFO: [ template_filter ] --START--
INFO: Run Behavior\ContentReplaceBehavior [ RunTime:0.000090s ]
INFO: [ template_filter ] --END-- [ RunTime:0.000210s ]
INFO: Run Behavior\ParseTemplateBehavior [ RunTime:0.010767s ]
INFO: [ view_parse ] --END-- [ RunTime:0.010884s ]
INFO: [ view_filter ] --START--
INFO: Run Behavior\WriteHtmlCacheBehavior [ RunTime:0.000397s ]
INFO: [ view_filter ] --END-- [ RunTime:0.000494s ]
INFO: [ app_end ] --START--
INFO: Run Behavior\ShowPageTraceBehavior [ RunTime:0.000691s ]
INFO: [ app_end ] --END-- [ RunTime:0.000791s ]

[ 2017-02-07T11:32:29+08:00 ] ::1 /trainer/index.php/Home/Index/getDinner.html
INFO: [ app_init ] --START--
INFO: Run Behavior\BuildLiteBehavior [ RunTime:0.000028s ]
INFO: [ app_init ] --END-- [ RunTime:0.000493s ]
INFO: [ app_begin ] --START--
INFO: Run Behavior\ReadHtmlCacheBehavior [ RunTime:0.000587s ]
INFO: [ app_begin ] --END-- [ RunTime:0.000696s ]
INFO: [ app_end ] --START--
INFO: Run Behavior\ShowPageTraceBehavior [ RunTime:0.000769s ]
INFO: [ app_end ] --END-- [ RunTime:0.000912s ]

[ 2017-02-07T11:32:49+08:00 ] ::1 /trainer/index.php/home/index/dinner
INFO: [ app_init ] --START--
INFO: Run Behavior\BuildLiteBehavior [ RunTime:0.000029s ]
INFO: [ app_init ] --END-- [ RunTime:0.000513s ]
INFO: [ app_begin ] --START--
INFO: Run Behavior\ReadHtmlCacheBehavior [ RunTime:0.000610s ]
INFO: [ app_begin ] --END-- [ RunTime:0.000718s ]
NOTIC: [8] Undefined variable: ceshi E:\wamp\www\trainer\Application\Home\Controller\IndexController.class.php 第 83 行.
INFO: [ view_parse ] --START--
INFO: [ template_filter ] --START--
INFO: Run Behavior\ContentReplaceBehavior [ RunTime:0.000080s ]
INFO: [ template_filter ] --END-- [ RunTime:0.000196s ]
INFO: Run Behavior\ParseTemplateBehavior [ RunTime:0.010236s ]
INFO: [ view_parse ] --END-- [ RunTime:0.010350s ]
INFO: [ view_filter ] --START--
INFO: Run Behavior\WriteHtmlCacheBehavior [ RunTime:0.000290s ]
INFO: [ view_filter ] --END-- [ RunTime:0.000386s ]
INFO: [ app_end ] --START--
INFO: Run Behavior\ShowPageTraceBehavior [ RunTime:0.000697s ]
INFO: [ app_end ] --END-- [ RunTime:0.000807s ]

[ 2017-02-07T11:32:50+08:00 ] ::1 /trainer/index.php/Home/Index/getDinner.html
INFO: [ app_init ] --START--
INFO: Run Behavior\BuildLiteBehavior [ RunTime:0.000027s ]
INFO: [ app_init ] --END-- [ RunTime:0.000490s ]
INFO: [ app_begin ] --START--
INFO: Run Behavior\ReadHtmlCacheBehavior [ RunTime:0.000612s ]
INFO: [ app_begin ] --END-- [ RunTime:0.000733s ]
INFO: [ app_end ] --START--
INFO: Run Behavior\ShowPageTraceBehavior [ RunTime:0.000673s ]
INFO: [ app_end ] --END-- [ RunTime:0.000810s ]

[ 2017-02-07T11:33:07+08:00 ] ::1 /trainer/index.php/home/index/dinner
INFO: [ app_init ] --START--
INFO: Run Behavior\BuildLiteBehavior [ RunTime:0.000042s ]
INFO: [ app_init ] --END-- [ RunTime:0.000768s ]
INFO: [ app_begin ] --START--
INFO: Run Behavior\ReadHtmlCacheBehavior [ RunTime:0.000796s ]
INFO: [ app_begin ] --END-- [ RunTime:0.000971s ]
NOTIC: [8] Undefined variable: ceshi E:\wamp\www\trainer\Application\Home\Controller\IndexController.class.php 第 83 行.
INFO: [ view_parse ] --START--
INFO: [ template_filter ] --START--
INFO: Run Behavior\ContentReplaceBehavior [ RunTime:0.000083s ]
INFO: [ template_filter ] --END-- [ RunTime:0.000202s ]
INFO: Run Behavior\ParseTemplateBehavior [ RunTime:0.010428s ]
INFO: [ view_parse ] --END-- [ RunTime:0.010562s ]
INFO: [ view_filter ] --START--
INFO: Run Behavior\WriteHtmlCacheBehavior [ RunTime:0.000317s ]
INFO: [ view_filter ] --END-- [ RunTime:0.000416s ]
INFO: [ app_end ] --START--
INFO: Run Behavior\ShowPageTraceBehavior [ RunTime:0.001050s ]
INFO: [ app_end ] --END-- [ RunTime:0.001263s ]

[ 2017-02-07T11:33:19+08:00 ] ::1 /trainer/index.php/home/index/dinner
INFO: [ app_init ] --START--
INFO: Run Behavior\BuildLiteBehavior [ RunTime:0.000031s ]
INFO: [ app_init ] --END-- [ RunTime:0.000596s ]
INFO: [ app_begin ] --START--
INFO: Run Behavior\ReadHtmlCacheBehavior [ RunTime:0.000825s ]
INFO: [ app_begin ] --END-- [ RunTime:0.000967s ]
NOTIC: [8] Undefined variable: ceshi E:\wamp\www\trainer\Application\Home\Controller\IndexController.class.php 第 83 行.
INFO: [ view_parse ] --START--
INFO: [ template_filter ] --START--
INFO: Run Behavior\ContentReplaceBehavior [ RunTime:0.000083s ]
INFO: [ template_filter ] --END-- [ RunTime:0.000211s ]
INFO: Run Behavior\ParseTemplateBehavior [ RunTime:0.010910s ]
INFO: [ view_parse ] --END-- [ RunTime:0.011046s ]
INFO: [ view_filter ] --START--
INFO: Run Behavior\WriteHtmlCacheBehavior [ RunTime:0.000452s ]
INFO: [ view_filter ] --END-- [ RunTime:0.000560s ]
INFO: [ app_end ] --START--
INFO: Run Behavior\ShowPageTraceBehavior [ RunTime:0.000778s ]
INFO: [ app_end ] --END-- [ RunTime:0.000888s ]

[ 2017-02-07T11:33:38+08:00 ] ::1 /trainer/index.php/home/index/dinner
INFO: [ app_init ] --START--
INFO: Run Behavior\BuildLiteBehavior [ RunTime:0.000030s ]
INFO: [ app_init ] --END-- [ RunTime:0.000535s ]
INFO: [ app_begin ] --START--
INFO: Run Behavior\ReadHtmlCacheBehavior [ RunTime:0.000654s ]
INFO: [ app_begin ] --END-- [ RunTime:0.000784s ]
NOTIC: [8] Undefined variable: ceshi E:\wamp\www\trainer\Application\Home\Controller\IndexController.class.php 第 83 行.
INFO: [ view_parse ] --START--
INFO: [ template_filter ] --START--
INFO: Run Behavior\ContentReplaceBehavior [ RunTime:0.000083s ]
INFO: [ template_filter ] --END-- [ RunTime:0.000201s ]
INFO: Run Behavior\ParseTemplateBehavior [ RunTime:0.013192s ]
INFO: [ view_parse ] --END-- [ RunTime:0.013415s ]
INFO: [ view_filter ] --START--
INFO: Run Behavior\WriteHtmlCacheBehavior [ RunTime:0.000471s ]
INFO: [ view_filter ] --END-- [ RunTime:0.000652s ]
INFO: [ app_end ] --START--
INFO: Run Behavior\ShowPageTraceBehavior [ RunTime:0.000981s ]
INFO: [ app_end ] --END-- [ RunTime:0.001180s ]

[ 2017-02-07T11:34:23+08:00 ] ::1 /trainer/index.php/home/index/dinner
INFO: [ app_init ] --START--
INFO: Run Behavior\BuildLiteBehavior [ RunTime:0.000029s ]
INFO: [ app_init ] --END-- [ RunTime:0.000571s ]
INFO: [ app_begin ] --START--
INFO: Run Behavior\ReadHtmlCacheBehavior [ RunTime:0.000673s ]
INFO: [ app_begin ] --END-- [ RunTime:0.000821s ]
NOTIC: [8] Undefined variable: ceshi E:\wamp\www\trainer\Application\Home\Controller\IndexController.class.php 第 83 行.
INFO: [ view_parse ] --START--
INFO: [ template_filter ] --START--
INFO: Run Behavior\ContentReplaceBehavior [ RunTime:0.000132s ]
INFO: [ template_filter ] --END-- [ RunTime:0.000302s ]
INFO: Run Behavior\ParseTemplateBehavior [ RunTime:0.012495s ]
INFO: [ view_parse ] --END-- [ RunTime:0.012716s ]
INFO: [ view_filter ] --START--
INFO: Run Behavior\WriteHtmlCacheBehavior [ RunTime:0.000469s ]
INFO: [ view_filter ] --END-- [ RunTime:0.000655s ]
INFO: [ app_end ] --START--
INFO: Run Behavior\ShowPageTraceBehavior [ RunTime:0.001081s ]
INFO: [ app_end ] --END-- [ RunTime:0.001305s ]

[ 2017-02-07T11:34:32+08:00 ] ::1 /trainer/index.php/home/index/dinner
INFO: [ app_init ] --START--
INFO: Run Behavior\BuildLiteBehavior [ RunTime:0.000029s ]
INFO: [ app_init ] --END-- [ RunTime:0.000474s ]
INFO: [ app_begin ] --START--
INFO: Run Behavior\ReadHtmlCacheBehavior [ RunTime:0.000613s ]
INFO: [ app_begin ] --END-- [ RunTime:0.000732s ]
NOTIC: [8] Undefined variable: ceshi E:\wamp\www\trainer\Application\Home\Controller\IndexController.class.php 第 83 行.
INFO: [ view_parse ] --START--
INFO: [ template_filter ] --START--
INFO: Run Behavior\ContentReplaceBehavior [ RunTime:0.000081s ]
INFO: [ template_filter ] --END-- [ RunTime:0.000202s ]
INFO: Run Behavior\ParseTemplateBehavior [ RunTime:0.011413s ]
INFO: [ view_parse ] --END-- [ RunTime:0.011560s ]
INFO: [ view_filter ] --START--
INFO: Run Behavior\WriteHtmlCacheBehavior [ RunTime:0.000305s ]
INFO: [ view_filter ] --END-- [ RunTime:0.000403s ]
INFO: [ app_end ] --START--
INFO: Run Behavior\ShowPageTraceBehavior [ RunTime:0.000591s ]
INFO: [ app_end ] --END-- [ RunTime:0.000692s ]

[ 2017-02-07T11:34:55+08:00 ] ::1 /trainer/index.php/home/index/dinner
INFO: [ app_init ] --START--
INFO: Run Behavior\BuildLiteBehavior [ RunTime:0.000027s ]
INFO: [ app_init ] --END-- [ RunTime:0.000486s ]
INFO: [ app_begin ] --START--
INFO: Run Behavior\ReadHtmlCacheBehavior [ RunTime:0.000611s ]
INFO: [ app_begin ] --END-- [ RunTime:0.000732s ]
NOTIC: [8] Undefined variable: ceshi E:\wamp\www\trainer\Application\Home\Controller\IndexController.class.php 第 83 行.
INFO: [ view_parse ] --START--
INFO: [ template_filter ] --START--
INFO: Run Behavior\ContentReplaceBehavior [ RunTime:0.000127s ]
INFO: [ template_filter ] --END-- [ RunTime:0.000334s ]
INFO: Run Behavior\ParseTemplateBehavior [ RunTime:0.008750s ]
INFO: [ view_parse ] --END-- [ RunTime:0.008873s ]
INFO: [ view_filter ] --START--
INFO: Run Behavior\WriteHtmlCacheBehavior [ RunTime:0.000317s ]
INFO: [ view_filter ] --END-- [ RunTime:0.000416s ]
INFO: [ app_end ] --START--
INFO: Run Behavior\ShowPageTraceBehavior [ RunTime:0.000588s ]
INFO: [ app_end ] --END-- [ RunTime:0.000688s ]

[ 2017-02-07T11:35:23+08:00 ] ::1 /trainer/index.php/home/index/dinner
INFO: [ app_init ] --START--
INFO: Run Behavior\BuildLiteBehavior [ RunTime:0.000030s ]
INFO: [ app_init ] --END-- [ RunTime:0.000623s ]
INFO: [ app_begin ] --START--
INFO: Run Behavior\ReadHtmlCacheBehavior [ RunTime:0.001686s ]
INFO: [ app_begin ] --END-- [ RunTime:0.002020s ]
NOTIC: [8] Undefined variable: ceshi E:\wamp\www\trainer\Application\Home\Controller\IndexController.class.php 第 83 行.
INFO: [ view_parse ] --START--
INFO: [ template_filter ] --START--
INFO: Run Behavior\ContentReplaceBehavior [ RunTime:0.000130s ]
INFO: [ template_filter ] --END-- [ RunTime:0.000368s ]
INFO: Run Behavior\ParseTemplateBehavior [ RunTime:0.011909s ]
INFO: [ view_parse ] --END-- [ RunTime:0.012128s ]
INFO: [ view_filter ] --START--
INFO: Run Behavior\WriteHtmlCacheBehavior [ RunTime:0.000465s ]
INFO: [ view_filter ] --END-- [ RunTime:0.000572s ]
INFO: [ app_end ] --START--
INFO: Run Behavior\ShowPageTraceBehavior [ RunTime:0.000744s ]
INFO: [ app_end ] --END-- [ RunTime:0.000851s ]

[ 2017-02-07T13:19:47+08:00 ] ::1 /trainer/index.php/home/index/dinner
INFO: [ app_init ] --START--
INFO: Run Behavior\BuildLiteBehavior [ RunTime:0.000039s ]
INFO: [ app_init ] --END-- [ RunTime:0.000768s ]
INFO: [ app_begin ] --START--
INFO: Run Behavior\ReadHtmlCacheBehavior [ RunTime:0.000772s ]
INFO: [ app_begin ] --END-- [ RunTime:0.000905s ]
NOTIC: [8] Undefined variable: ceshi E:\wamp\www\trainer\Application\Home\Controller\IndexController.class.php 第 83 行.
INFO: [ view_parse ] --START--
INFO: [ template_filter ] --START--
INFO: Run Behavior\ContentReplaceBehavior [ RunTime:0.000081s ]
INFO: [ template_filter ] --END-- [ RunTime:0.000201s ]
INFO: Run Behavior\ParseTemplateBehavior [ RunTime:0.009162s ]
INFO: [ view_parse ] --END-- [ RunTime:0.009283s ]
INFO: [ view_filter ] --START--
INFO: Run Behavior\WriteHtmlCacheBehavior [ RunTime:0.000408s ]
INFO: [ view_filter ] --END-- [ RunTime:0.000537s ]
INFO: [ app_end ] --START--
INFO: Run Behavior\ShowPageTraceBehavior [ RunTime:0.001022s ]
INFO: [ app_end ] --END-- [ RunTime:0.001164s ]

[ 2017-02-07T13:20:23+08:00 ] ::1 /trainer/index.php/home/index/dinner
INFO: [ app_init ] --START--
INFO: Run Behavior\BuildLiteBehavior [ RunTime:0.000029s ]
INFO: [ app_init ] --END-- [ RunTime:0.000569s ]
INFO: [ app_begin ] --START--
INFO: Run Behavior\ReadHtmlCacheBehavior [ RunTime:0.000785s ]
INFO: [ app_begin ] --END-- [ RunTime:0.000922s ]
NOTIC: [8] Undefined variable: ceshi E:\wamp\www\trainer\Application\Home\Controller\IndexController.class.php 第 83 行.
INFO: [ view_parse ] --START--
INFO: [ template_filter ] --START--
INFO: Run Behavior\ContentReplaceBehavior [ RunTime:0.000082s ]
INFO: [ template_filter ] --END-- [ RunTime:0.000199s ]
INFO: Run Behavior\ParseTemplateBehavior [ RunTime:0.011677s ]
INFO: [ view_parse ] --END-- [ RunTime:0.011860s ]
INFO: [ view_filter ] --START--
INFO: Run Behavior\WriteHtmlCacheBehavior [ RunTime:0.000362s ]
INFO: [ view_filter ] --END-- [ RunTime:0.000466s ]
INFO: [ app_end ] --START--
INFO: Run Behavior\ShowPageTraceBehavior [ RunTime:0.000677s ]
INFO: [ app_end ] --END-- [ RunTime:0.000785s ]

[ 2017-02-07T13:29:45+08:00 ] ::1 /trainer/index.php/home/index/dinner
INFO: [ app_init ] --START--
INFO: Run Behavior\BuildLiteBehavior [ RunTime:0.000028s ]
INFO: [ app_init ] --END-- [ RunTime:0.000550s ]
INFO: [ app_begin ] --START--
INFO: Run Behavior\ReadHtmlCacheBehavior [ RunTime:0.000766s ]
INFO: [ app_begin ] --END-- [ RunTime:0.000971s ]
NOTIC: [8] Undefined variable: ceshi E:\wamp\www\trainer\Application\Home\Controller\IndexController.class.php 第 83 行.
INFO: [ view_parse ] --START--
INFO: [ template_filter ] --START--
INFO: Run Behavior\ContentReplaceBehavior [ RunTime:0.000083s ]
INFO: [ template_filter ] --END-- [ RunTime:0.000231s ]
INFO: Run Behavior\ParseTemplateBehavior [ RunTime:0.009449s ]
INFO: [ view_parse ] --END-- [ RunTime:0.009597s ]
INFO: [ view_filter ] --START--
INFO: Run Behavior\WriteHtmlCacheBehavior [ RunTime:0.000414s ]
INFO: [ view_filter ] --END-- [ RunTime:0.000523s ]
INFO: [ app_end ] --START--
INFO: Run Behavior\ShowPageTraceBehavior [ RunTime:0.000695s ]
INFO: [ app_end ] --END-- [ RunTime:0.000795s ]

[ 2017-02-07T13:31:40+08:00 ] 127.0.0.1 /trainer/index.php/home/index/dinner
INFO: [ app_init ] --START--
INFO: Run Behavior\BuildLiteBehavior [ RunTime:0.000028s ]
INFO: [ app_init ] --END-- [ RunTime:0.000495s ]
INFO: [ app_begin ] --START--
INFO: Run Behavior\ReadHtmlCacheBehavior [ RunTime:0.000600s ]
INFO: [ app_begin ] --END-- [ RunTime:0.000709s ]
NOTIC: [8] Undefined variable: ceshi E:\wamp\www\trainer\Application\Home\Controller\IndexController.class.php 第 83 行.
INFO: [ view_parse ] --START--
INFO: [ template_filter ] --START--
INFO: Run Behavior\ContentReplaceBehavior [ RunTime:0.000080s ]
INFO: [ template_filter ] --END-- [ RunTime:0.000193s ]
INFO: Run Behavior\ParseTemplateBehavior [ RunTime:0.008758s ]
INFO: [ view_parse ] --END-- [ RunTime:0.008881s ]
INFO: [ view_filter ] --START--
INFO: Run Behavior\WriteHtmlCacheBehavior [ RunTime:0.000319s ]
INFO: [ view_filter ] --END-- [ RunTime:0.000429s ]
INFO: [ app_end ] --START--
INFO: Run Behavior\ShowPageTraceBehavior [ RunTime:0.000614s ]
INFO: [ app_end ] --END-- [ RunTime:0.000714s ]

[ 2017-02-07T13:32:52+08:00 ] ::1 /trainer/index.php/Home/Index/getDinner.html
INFO: [ app_init ] --START--
INFO: Run Behavior\BuildLiteBehavior [ RunTime:0.000029s ]
INFO: [ app_init ] --END-- [ RunTime:0.000698s ]
INFO: [ app_begin ] --START--
INFO: Run Behavior\ReadHtmlCacheBehavior [ RunTime:0.000804s ]
INFO: [ app_begin ] --END-- [ RunTime:0.000921s ]
INFO: [ app_end ] --START--
INFO: Run Behavior\ShowPageTraceBehavior [ RunTime:0.001009s ]
INFO: [ app_end ] --END-- [ RunTime:0.001251s ]

[ 2017-02-07T13:33:04+08:00 ] ::1 /trainer/index.php/Home/Index/getDinner.html
INFO: [ app_init ] --START--
INFO: Run Behavior\BuildLiteBehavior [ RunTime:0.000027s ]
INFO: [ app_init ] --END-- [ RunTime:0.000497s ]
INFO: [ app_begin ] --START--
INFO: Run Behavior\ReadHtmlCacheBehavior [ RunTime:0.000597s ]
INFO: [ app_begin ] --END-- [ RunTime:0.000713s ]
INFO: [ app_end ] --START--
INFO: Run Behavior\ShowPageTraceBehavior [ RunTime:0.000606s ]
INFO: [ app_end ] --END-- [ RunTime:0.000717s ]

[ 2017-02-07T13:33:24+08:00 ] ::1 /trainer/index.php/home/index/dinner
INFO: [ app_init ] --START--
INFO: Run Behavior\BuildLiteBehavior [ RunTime:0.000030s ]
INFO: [ app_init ] --END-- [ RunTime:0.000488s ]
INFO: [ app_begin ] --START--
INFO: Run Behavior\ReadHtmlCacheBehavior [ RunTime:0.000698s ]
INFO: [ app_begin ] --END-- [ RunTime:0.000859s ]
NOTIC: [8] Undefined variable: ceshi E:\wamp\www\trainer\Application\Home\Controller\IndexController.class.php 第 83 行.
INFO: [ view_parse ] --START--
INFO: [ template_filter ] --START--
INFO: Run Behavior\ContentReplaceBehavior [ RunTime:0.000083s ]
INFO: [ template_filter ] --END-- [ RunTime:0.000197s ]
INFO: Run Behavior\ParseTemplateBehavior [ RunTime:0.010427s ]
INFO: [ view_parse ] --END-- [ RunTime:0.010542s ]
INFO: [ view_filter ] --START--
INFO: Run Behavior\WriteHtmlCacheBehavior [ RunTime:0.000484s ]
INFO: [ view_filter ] --END-- [ RunTime:0.000593s ]
INFO: [ app_end ] --START--
INFO: Run Behavior\ShowPageTraceBehavior [ RunTime:0.000747s ]
INFO: [ app_end ] --END-- [ RunTime:0.000854s ]

[ 2017-02-07T13:33:57+08:00 ] ::1 /trainer/index.php/Home/Index/getDinner.html
INFO: [ app_init ] --START--
INFO: Run Behavior\BuildLiteBehavior [ RunTime:0.000029s ]
INFO: [ app_init ] --END-- [ RunTime:0.000556s ]
INFO: [ app_begin ] --START--
INFO: Run Behavior\ReadHtmlCacheBehavior [ RunTime:0.000690s ]
INFO: [ app_begin ] --END-- [ RunTime:0.000817s ]
INFO: [ app_end ] --START--
INFO: Run Behavior\ShowPageTraceBehavior [ RunTime:0.000619s ]
INFO: [ app_end ] --END-- [ RunTime:0.000731s ]

[ 2017-02-07T13:35:07+08:00 ] ::1 /trainer/index.php/home/index/dinner
INFO: [ app_init ] --START--
INFO: Run Behavior\BuildLiteBehavior [ RunTime:0.000028s ]
INFO: [ app_init ] --END-- [ RunTime:0.000541s ]
INFO: [ app_begin ] --START--
INFO: Run Behavior\ReadHtmlCacheBehavior [ RunTime:0.000801s ]
INFO: [ app_begin ] --END-- [ RunTime:0.000909s ]
NOTIC: [8] Undefined variable: ceshi E:\wamp\www\trainer\Application\Home\Controller\IndexController.class.php 第 83 行.
INFO: [ view_parse ] --START--
INFO: [ template_filter ] --START--
INFO: Run Behavior\ContentReplaceBehavior [ RunTime:0.000081s ]
INFO: [ template_filter ] --END-- [ RunTime:0.000198s ]
INFO: Run Behavior\ParseTemplateBehavior [ RunTime:0.009791s ]
INFO: [ view_parse ] --END-- [ RunTime:0.009918s ]
INFO: [ view_filter ] --START--
INFO: Run Behavior\WriteHtmlCacheBehavior [ RunTime:0.000477s ]
INFO: [ view_filter ] --END-- [ RunTime:0.000572s ]
INFO: [ app_end ] --START--
INFO: Run Behavior\ShowPageTraceBehavior [ RunTime:0.000704s ]
INFO: [ app_end ] --END-- [ RunTime:0.000804s ]

[ 2017-02-07T13:35:08+08:00 ] ::1 /trainer/index.php/home/index/dinner
INFO: [ app_init ] --START--
INFO: Run Behavior\BuildLiteBehavior [ RunTime:0.000050s ]
INFO: [ app_init ] --END-- [ RunTime:0.000909s ]
INFO: [ app_begin ] --START--
INFO: Run Behavior\ReadHtmlCacheBehavior [ RunTime:0.002297s ]
INFO: [ app_begin ] --END-- [ RunTime:0.002656s ]
NOTIC: [8] Undefined variable: ceshi E:\wamp\www\trainer\Application\Home\Controller\IndexController.class.php 第 83 行.
INFO: [ view_parse ] --START--
INFO: [ template_filter ] --START--
INFO: Run Behavior\ContentReplaceBehavior [ RunTime:0.000134s ]
INFO: [ template_filter ] --END-- [ RunTime:0.000348s ]
INFO: Run Behavior\ParseTemplateBehavior [ RunTime:0.015328s ]
INFO: [ view_parse ] --END-- [ RunTime:0.015522s ]
INFO: [ view_filter ] --START--
INFO: Run Behavior\WriteHtmlCacheBehavior [ RunTime:0.000671s ]
INFO: [ view_filter ] --END-- [ RunTime:0.000857s ]
INFO: [ app_end ] --START--
INFO: Run Behavior\ShowPageTraceBehavior [ RunTime:0.001189s ]
INFO: [ app_end ] --END-- [ RunTime:0.001393s ]

[ 2017-02-07T13:35:14+08:00 ] ::1 /trainer/index.php/Home/Index/getDinner.html
INFO: [ app_init ] --START--
INFO: Run Behavior\BuildLiteBehavior [ RunTime:0.000028s ]
INFO: [ app_init ] --END-- [ RunTime:0.000483s ]
INFO: [ app_begin ] --START--
INFO: Run Behavior\ReadHtmlCacheBehavior [ RunTime:0.000581s ]
INFO: [ app_begin ] --END-- [ RunTime:0.000701s ]
INFO: [ app_end ] --START--
INFO: Run Behavior\ShowPageTraceBehavior [ RunTime:0.000588s ]
INFO: [ app_end ] --END-- [ RunTime:0.000709s ]

[ 2017-02-07T13:35:18+08:00 ] ::1 /trainer/index.php/home/index/dinner
INFO: [ app_init ] --START--
INFO: Run Behavior\BuildLiteBehavior [ RunTime:0.000030s ]
INFO: [ app_init ] --END-- [ RunTime:0.000515s ]
INFO: [ app_begin ] --START--
INFO: Run Behavior\ReadHtmlCacheBehavior [ RunTime:0.000925s ]
INFO: [ app_begin ] --END-- [ RunTime:0.001242s ]
NOTIC: [8] Undefined variable: ceshi E:\wamp\www\trainer\Application\Home\Controller\IndexController.class.php 第 83 行.
INFO: [ view_parse ] --START--
INFO: [ template_filter ] --START--
INFO: Run Behavior\ContentReplaceBehavior [ RunTime:0.000109s ]
INFO: [ template_filter ] --END-- [ RunTime:0.000261s ]
INFO: Run Behavior\ParseTemplateBehavior [ RunTime:0.008754s ]
INFO: [ view_parse ] --END-- [ RunTime:0.008871s ]
INFO: [ view_filter ] --START--
INFO: Run Behavior\WriteHtmlCacheBehavior [ RunTime:0.000347s ]
INFO: [ view_filter ] --END-- [ RunTime:0.000443s ]
INFO: [ app_end ] --START--
INFO: Run Behavior\ShowPageTraceBehavior [ RunTime:0.000603s ]
INFO: [ app_end ] --END-- [ RunTime:0.000704s ]

[ 2017-02-07T13:35:19+08:00 ] ::1 /trainer/index.php/Home/Index/getDinner.html
INFO: [ app_init ] --START--
INFO: Run Behavior\BuildLiteBehavior [ RunTime:0.000064s ]
INFO: [ app_init ] --END-- [ RunTime:0.000760s ]
INFO: [ app_begin ] --START--
INFO: Run Behavior\ReadHtmlCacheBehavior [ RunTime:0.001021s ]
INFO: [ app_begin ] --END-- [ RunTime:0.001235s ]
INFO: [ app_end ] --START--
INFO: Run Behavior\ShowPageTraceBehavior [ RunTime:0.000611s ]
INFO: [ app_end ] --END-- [ RunTime:0.000729s ]

[ 2017-02-07T13:35:22+08:00 ] ::1 /trainer/index.php/home/index/dinner
INFO: [ app_init ] --START--
INFO: Run Behavior\BuildLiteBehavior [ RunTime:0.000028s ]
INFO: [ app_init ] --END-- [ RunTime:0.000500s ]
INFO: [ app_begin ] --START--
INFO: Run Behavior\ReadHtmlCacheBehavior [ RunTime:0.000625s ]
INFO: [ app_begin ] --END-- [ RunTime:0.000750s ]
NOTIC: [8] Undefined variable: ceshi E:\wamp\www\trainer\Application\Home\Controller\IndexController.class.php 第 83 行.
INFO: [ view_parse ] --START--
INFO: [ template_filter ] --START--
INFO: Run Behavior\ContentReplaceBehavior [ RunTime:0.000083s ]
INFO: [ template_filter ] --END-- [ RunTime:0.000206s ]
INFO: Run Behavior\ParseTemplateBehavior [ RunTime:0.009327s ]
INFO: [ view_parse ] --END-- [ RunTime:0.009459s ]
INFO: [ view_filter ] --START--
INFO: Run Behavior\WriteHtmlCacheBehavior [ RunTime:0.000305s ]
INFO: [ view_filter ] --END-- [ RunTime:0.000407s ]
INFO: [ app_end ] --START--
INFO: Run Behavior\ShowPageTraceBehavior [ RunTime:0.000607s ]
INFO: [ app_end ] --END-- [ RunTime:0.000710s ]

[ 2017-02-07T13:35:23+08:00 ] ::1 /trainer/index.php/Home/Index/getDinner.html
INFO: [ app_init ] --START--
INFO: Run Behavior\BuildLiteBehavior [ RunTime:0.000027s ]
INFO: [ app_init ] --END-- [ RunTime:0.000499s ]
INFO: [ app_begin ] --START--
INFO: Run Behavior\ReadHtmlCacheBehavior [ RunTime:0.000980s ]
INFO: [ app_begin ] --END-- [ RunTime:0.001205s ]
INFO: [ app_end ] --START--
INFO: Run Behavior\ShowPageTraceBehavior [ RunTime:0.000626s ]
INFO: [ app_end ] --END-- [ RunTime:0.000749s ]

[ 2017-02-07T13:41:11+08:00 ] ::1 /trainer/index.php/Home/Index/getDinner.html
INFO: [ app_init ] --START--
INFO: Run Behavior\BuildLiteBehavior [ RunTime:0.000044s ]
INFO: [ app_init ] --END-- [ RunTime:0.000851s ]
INFO: [ app_begin ] --START--
INFO: Run Behavior\ReadHtmlCacheBehavior [ RunTime:0.001303s ]
INFO: [ app_begin ] --END-- [ RunTime:0.001558s ]
INFO: [ app_end ] --START--
INFO: Run Behavior\ShowPageTraceBehavior [ RunTime:0.000879s ]
INFO: [ app_end ] --END-- [ RunTime:0.001029s ]

[ 2017-02-07T13:46:35+08:00 ] ::1 /trainer/index.php/home/index/dinner
INFO: [ app_init ] --START--
INFO: Run Behavior\BuildLiteBehavior [ RunTime:0.000033s ]
INFO: [ app_init ] --END-- [ RunTime:0.000659s ]
INFO: [ app_begin ] --START--
INFO: Run Behavior\ReadHtmlCacheBehavior [ RunTime:0.001331s ]
INFO: [ app_begin ] --END-- [ RunTime:0.001503s ]
NOTIC: [8] Undefined variable: ceshi E:\wamp\www\trainer\Application\Home\Controller\IndexController.class.php 第 83 行.
INFO: [ view_parse ] --START--
INFO: [ template_filter ] --START--
INFO: Run Behavior\ContentReplaceBehavior [ RunTime:0.000093s ]
INFO: [ template_filter ] --END-- [ RunTime:0.000223s ]
INFO: Run Behavior\ParseTemplateBehavior [ RunTime:0.010277s ]
INFO: [ view_parse ] --END-- [ RunTime:0.010431s ]
INFO: [ view_filter ] --START--
INFO: Run Behavior\WriteHtmlCacheBehavior [ RunTime:0.000568s ]
INFO: [ view_filter ] --END-- [ RunTime:0.000709s ]
INFO: [ app_end ] --START--
INFO: Run Behavior\ShowPageTraceBehavior [ RunTime:0.000983s ]
INFO: [ app_end ] --END-- [ RunTime:0.001126s ]

[ 2017-02-07T13:46:36+08:00 ] ::1 /trainer/index.php/home/index/dinner
INFO: [ app_init ] --START--
INFO: Run Behavior\BuildLiteBehavior [ RunTime:0.000064s ]
INFO: [ app_init ] --END-- [ RunTime:0.000648s ]
INFO: [ app_begin ] --START--
INFO: Run Behavior\ReadHtmlCacheBehavior [ RunTime:0.001238s ]
INFO: [ app_begin ] --END-- [ RunTime:0.001460s ]
NOTIC: [8] Undefined variable: ceshi E:\wamp\www\trainer\Application\Home\Controller\IndexController.class.php 第 83 行.
INFO: [ view_parse ] --START--
INFO: [ template_filter ] --START--
INFO: Run Behavior\ContentReplaceBehavior [ RunTime:0.000127s ]
INFO: [ template_filter ] --END-- [ RunTime:0.000301s ]
INFO: Run Behavior\ParseTemplateBehavior [ RunTime:0.010056s ]
INFO: [ view_parse ] --END-- [ RunTime:0.010180s ]
INFO: [ view_filter ] --START--
INFO: Run Behavior\WriteHtmlCacheBehavior [ RunTime:0.000409s ]
INFO: [ view_filter ] --END-- [ RunTime:0.000509s ]
INFO: [ app_end ] --START--
INFO: Run Behavior\ShowPageTraceBehavior [ RunTime:0.000735s ]
INFO: [ app_end ] --END-- [ RunTime:0.000835s ]

[ 2017-02-07T13:47:04+08:00 ] ::1 /trainer/index.php/home/index/dinner
INFO: [ app_init ] --START--
INFO: Run Behavior\BuildLiteBehavior [ RunTime:0.000028s ]
INFO: [ app_init ] --END-- [ RunTime:0.000479s ]
INFO: [ app_begin ] --START--
INFO: Run Behavior\ReadHtmlCacheBehavior [ RunTime:0.000598s ]
INFO: [ app_begin ] --END-- [ RunTime:0.000714s ]
NOTIC: [8] Undefined variable: ceshi E:\wamp\www\trainer\Application\Home\Controller\IndexController.class.php 第 83 行.
INFO: [ view_parse ] --START--
INFO: [ template_filter ] --START--
INFO: Run Behavior\ContentReplaceBehavior [ RunTime:0.000081s ]
INFO: [ template_filter ] --END-- [ RunTime:0.000198s ]
INFO: Run Behavior\ParseTemplateBehavior [ RunTime:0.009297s ]
INFO: [ view_parse ] --END-- [ RunTime:0.009415s ]
INFO: [ view_filter ] --START--
INFO: Run Behavior\WriteHtmlCacheBehavior [ RunTime:0.000297s ]
INFO: [ view_filter ] --END-- [ RunTime:0.000392s ]
INFO: [ app_end ] --START--
INFO: Run Behavior\ShowPageTraceBehavior [ RunTime:0.000599s ]
INFO: [ app_end ] --END-- [ RunTime:0.000700s ]

[ 2017-02-07T13:47:14+08:00 ] ::1 /trainer/index.php/Home/Index/getDinner.html
INFO: [ app_init ] --START--
INFO: Run Behavior\BuildLiteBehavior [ RunTime:0.000027s ]
INFO: [ app_init ] --END-- [ RunTime:0.000482s ]
INFO: [ app_begin ] --START--
INFO: Run Behavior\ReadHtmlCacheBehavior [ RunTime:0.000594s ]
INFO: [ app_begin ] --END-- [ RunTime:0.000704s ]
INFO: [ app_end ] --START--
INFO: Run Behavior\ShowPageTraceBehavior [ RunTime:0.000642s ]
INFO: [ app_end ] --END-- [ RunTime:0.000777s ]

[ 2017-02-07T13:47:21+08:00 ] ::1 /trainer/index.php/home/index/dinner
INFO: [ app_init ] --START--
INFO: Run Behavior\BuildLiteBehavior [ RunTime:0.000027s ]
INFO: [ app_init ] --END-- [ RunTime:0.000481s ]
INFO: [ app_begin ] --START--
INFO: Run Behavior\ReadHtmlCacheBehavior [ RunTime:0.001018s ]
INFO: [ app_begin ] --END-- [ RunTime:0.001170s ]
NOTIC: [8] Undefined variable: ceshi E:\wamp\www\trainer\Application\Home\Controller\IndexController.class.php 第 83 行.
INFO: [ view_parse ] --START--
INFO: [ template_filter ] --START--
INFO: Run Behavior\ContentReplaceBehavior [ RunTime:0.000078s ]
INFO: [ template_filter ] --END-- [ RunTime:0.000189s ]
INFO: Run Behavior\ParseTemplateBehavior [ RunTime:0.008509s ]
INFO: [ view_parse ] --END-- [ RunTime:0.008639s ]
INFO: [ view_filter ] --START--
INFO: Run Behavior\WriteHtmlCacheBehavior [ RunTime:0.000313s ]
INFO: [ view_filter ] --END-- [ RunTime:0.000410s ]
INFO: [ app_end ] --START--
INFO: Run Behavior\ShowPageTraceBehavior [ RunTime:0.000671s ]
INFO: [ app_end ] --END-- [ RunTime:0.000775s ]

[ 2017-02-07T13:47:55+08:00 ] 127.0.0.1 /trainer/index.php/home/index/dinner
INFO: [ app_init ] --START--
INFO: Run Behavior\BuildLiteBehavior [ RunTime:0.000027s ]
INFO: [ app_init ] --END-- [ RunTime:0.000504s ]
INFO: [ app_begin ] --START--
INFO: Run Behavior\ReadHtmlCacheBehavior [ RunTime:0.000586s ]
INFO: [ app_begin ] --END-- [ RunTime:0.000692s ]
NOTIC: [8] Undefined variable: ceshi E:\wamp\www\trainer\Application\Home\Controller\IndexController.class.php 第 83 行.
INFO: [ view_parse ] --START--
INFO: [ template_filter ] --START--
INFO: Run Behavior\ContentReplaceBehavior [ RunTime:0.000080s ]
INFO: [ template_filter ] --END-- [ RunTime:0.000197s ]
INFO: Run Behavior\ParseTemplateBehavior [ RunTime:0.008728s ]
INFO: [ view_parse ] --END-- [ RunTime:0.008856s ]
INFO: [ view_filter ] --START--
INFO: Run Behavior\WriteHtmlCacheBehavior [ RunTime:0.000316s ]
INFO: [ view_filter ] --END-- [ RunTime:0.000415s ]
INFO: [ app_end ] --START--
INFO: Run Behavior\ShowPageTraceBehavior [ RunTime:0.000642s ]
INFO: [ app_end ] --END-- [ RunTime:0.000778s ]

[ 2017-02-07T13:54:35+08:00 ] 127.0.0.1 /trainer/index.php/home/index/dinner
INFO: [ app_init ] --START--
INFO: Run Behavior\BuildLiteBehavior [ RunTime:0.000029s ]
INFO: [ app_init ] --END-- [ RunTime:0.000547s ]
INFO: [ app_begin ] --START--
INFO: Run Behavior\ReadHtmlCacheBehavior [ RunTime:0.000789s ]
INFO: [ app_begin ] --END-- [ RunTime:0.000908s ]
NOTIC: [8] Undefined variable: ceshi E:\wamp\www\trainer\Application\Home\Controller\IndexController.class.php 第 83 行.
INFO: [ view_parse ] --START--
INFO: [ template_filter ] --START--
INFO: Run Behavior\ContentReplaceBehavior [ RunTime:0.000079s ]
INFO: [ template_filter ] --END-- [ RunTime:0.000194s ]
INFO: Run Behavior\ParseTemplateBehavior [ RunTime:0.009153s ]
INFO: [ view_parse ] --END-- [ RunTime:0.009272s ]
INFO: [ view_filter ] --START--
INFO: Run Behavior\WriteHtmlCacheBehavior [ RunTime:0.000405s ]
INFO: [ view_filter ] --END-- [ RunTime:0.000506s ]
INFO: [ app_end ] --START--
INFO: Run Behavior\ShowPageTraceBehavior [ RunTime:0.000755s ]
INFO: [ app_end ] --END-- [ RunTime:0.000941s ]

[ 2017-02-07T13:57:29+08:00 ] 127.0.0.1 /trainer/
INFO: [ app_init ] --START--
INFO: Run Behavior\BuildLiteBehavior [ RunTime:0.000036s ]
INFO: [ app_init ] --END-- [ RunTime:0.000564s ]
INFO: [ app_begin ] --START--
INFO: Run Behavior\ReadHtmlCacheBehavior [ RunTime:0.000739s ]
INFO: [ app_begin ] --END-- [ RunTime:0.000845s ]
INFO: [ view_parse ] --START--
INFO: [ template_filter ] --START--
INFO: Run Behavior\ContentReplaceBehavior [ RunTime:0.000082s ]
INFO: [ template_filter ] --END-- [ RunTime:0.000212s ]
INFO: Run Behavior\ParseTemplateBehavior [ RunTime:0.009709s ]
INFO: [ view_parse ] --END-- [ RunTime:0.009844s ]
INFO: [ view_filter ] --START--
INFO: Run Behavior\WriteHtmlCacheBehavior [ RunTime:0.000399s ]
INFO: [ view_filter ] --END-- [ RunTime:0.000508s ]
INFO: [ app_end ] --START--
INFO: Run Behavior\ShowPageTraceBehavior [ RunTime:0.000684s ]
INFO: [ app_end ] --END-- [ RunTime:0.000806s ]

[ 2017-02-07T13:57:30+08:00 ] 127.0.0.1 /trainer/
INFO: [ app_init ] --START--
INFO: Run Behavior\BuildLiteBehavior [ RunTime:0.000026s ]
INFO: [ app_init ] --END-- [ RunTime:0.000484s ]
INFO: [ app_begin ] --START--
INFO: Run Behavior\ReadHtmlCacheBehavior [ RunTime:0.000843s ]
INFO: [ app_begin ] --END-- [ RunTime:0.000960s ]
INFO: [ view_parse ] --START--
INFO: [ template_filter ] --START--
INFO: Run Behavior\ContentReplaceBehavior [ RunTime:0.000080s ]
INFO: [ template_filter ] --END-- [ RunTime:0.000247s ]
INFO: Run Behavior\ParseTemplateBehavior [ RunTime:0.008594s ]
INFO: [ view_parse ] --END-- [ RunTime:0.008725s ]
INFO: [ view_filter ] --START--
INFO: Run Behavior\WriteHtmlCacheBehavior [ RunTime:0.000294s ]
INFO: [ view_filter ] --END-- [ RunTime:0.000403s ]
INFO: [ app_end ] --START--
INFO: Run Behavior\ShowPageTraceBehavior [ RunTime:0.000608s ]
INFO: [ app_end ] --END-- [ RunTime:0.000751s ]

[ 2017-02-07T14:12:21+08:00 ] ::1 /trainer/index.php/Home/Index/getDinner.html
INFO: [ app_init ] --START--
INFO: Run Behavior\BuildLiteBehavior [ RunTime:0.000027s ]
INFO: [ app_init ] --END-- [ RunTime:0.000564s ]
INFO: [ app_begin ] --START--
INFO: Run Behavior\ReadHtmlCacheBehavior [ RunTime:0.000787s ]
INFO: [ app_begin ] --END-- [ RunTime:0.000905s ]
INFO: [ app_end ] --START--
INFO: Run Behavior\ShowPageTraceBehavior [ RunTime:0.000705s ]
INFO: [ app_end ] --END-- [ RunTime:0.000819s ]

[ 2017-02-07T14:13:36+08:00 ] ::1 /trainer/index.php/Home/Index/getDinner.html
INFO: [ app_init ] --START--
INFO: Run Behavior\BuildLiteBehavior [ RunTime:0.000032s ]
INFO: [ app_init ] --END-- [ RunTime:0.000820s ]
INFO: [ app_begin ] --START--
INFO: Run Behavior\ReadHtmlCacheBehavior [ RunTime:0.000720s ]
INFO: [ app_begin ] --END-- [ RunTime:0.000855s ]
INFO: [ app_end ] --START--
INFO: Run Behavior\ShowPageTraceBehavior [ RunTime:0.000598s ]
INFO: [ app_end ] --END-- [ RunTime:0.000712s ]

[ 2017-02-07T14:13:50+08:00 ] ::1 /trainer/index.php/home/index/dinner
INFO: [ app_init ] --START--
INFO: Run Behavior\BuildLiteBehavior [ RunTime:0.000049s ]
INFO: [ app_init ] --END-- [ RunTime:0.000558s ]
INFO: [ app_begin ] --START--
INFO: Run Behavior\ReadHtmlCacheBehavior [ RunTime:0.000608s ]
INFO: [ app_begin ] --END-- [ RunTime:0.000716s ]
NOTIC: [8] Undefined variable: ceshi E:\wamp\www\trainer\Application\Home\Controller\IndexController.class.php 第 83 行.
INFO: [ view_parse ] --START--
INFO: [ template_filter ] --START--
INFO: Run Behavior\ContentReplaceBehavior [ RunTime:0.000081s ]
INFO: [ template_filter ] --END-- [ RunTime:0.000219s ]
INFO: Run Behavior\ParseTemplateBehavior [ RunTime:0.010074s ]
INFO: [ view_parse ] --END-- [ RunTime:0.010215s ]
INFO: [ view_filter ] --START--
INFO: Run Behavior\WriteHtmlCacheBehavior [ RunTime:0.000427s ]
INFO: [ view_filter ] --END-- [ RunTime:0.000537s ]
INFO: [ app_end ] --START--
INFO: Run Behavior\ShowPageTraceBehavior [ RunTime:0.000628s ]
INFO: [ app_end ] --END-- [ RunTime:0.000743s ]

[ 2017-02-07T14:14:04+08:00 ] ::1 /trainer/index.php/home/index/dinner
INFO: [ app_init ] --START--
INFO: Run Behavior\BuildLiteBehavior [ RunTime:0.000030s ]
INFO: [ app_init ] --END-- [ RunTime:0.000539s ]
INFO: [ app_begin ] --START--
INFO: Run Behavior\ReadHtmlCacheBehavior [ RunTime:0.000607s ]
INFO: [ app_begin ] --END-- [ RunTime:0.000718s ]
NOTIC: [8] Undefined variable: ceshi E:\wamp\www\trainer\Application\Home\Controller\IndexController.class.php 第 83 行.
INFO: [ view_parse ] --START--
INFO: [ template_filter ] --START--
INFO: Run Behavior\ContentReplaceBehavior [ RunTime:0.000083s ]
INFO: [ template_filter ] --END-- [ RunTime:0.000218s ]
INFO: Run Behavior\ParseTemplateBehavior [ RunTime:0.009584s ]
INFO: [ view_parse ] --END-- [ RunTime:0.009712s ]
INFO: [ view_filter ] --START--
INFO: Run Behavior\WriteHtmlCacheBehavior [ RunTime:0.000313s ]
INFO: [ view_filter ] --END-- [ RunTime:0.000423s ]
INFO: [ app_end ] --START--
INFO: Run Behavior\ShowPageTraceBehavior [ RunTime:0.000606s ]
INFO: [ app_end ] --END-- [ RunTime:0.000718s ]

[ 2017-02-07T15:08:34+08:00 ] ::1 /trainer/index.php/home/index/dinner
INFO: [ app_init ] --START--
INFO: Run Behavior\BuildLiteBehavior [ RunTime:0.000031s ]
INFO: [ app_init ] --END-- [ RunTime:0.000674s ]
INFO: [ app_begin ] --START--
INFO: Run Behavior\ReadHtmlCacheBehavior [ RunTime:0.001152s ]
INFO: [ app_begin ] --END-- [ RunTime:0.001260s ]
NOTIC: [8] Undefined variable: ceshi E:\wamp\www\trainer\Application\Home\Controller\IndexController.class.php 第 83 行.
INFO: [ view_parse ] --START--
INFO: [ template_filter ] --START--
INFO: Run Behavior\ContentReplaceBehavior [ RunTime:0.000085s ]
INFO: [ template_filter ] --END-- [ RunTime:0.000212s ]
INFO: Run Behavior\ParseTemplateBehavior [ RunTime:0.011373s ]
INFO: [ view_parse ] --END-- [ RunTime:0.011494s ]
INFO: [ view_filter ] --START--
INFO: Run Behavior\WriteHtmlCacheBehavior [ RunTime:0.000666s ]
INFO: [ view_filter ] --END-- [ RunTime:0.000765s ]
INFO: [ app_end ] --START--
INFO: Run Behavior\ShowPageTraceBehavior [ RunTime:0.000959s ]
INFO: [ app_end ] --END-- [ RunTime:0.001059s ]

[ 2017-02-07T15:36:26+08:00 ] ::1 /trainer/index.php/home/index/signup
INFO: [ app_init ] --START--
INFO: Run Behavior\BuildLiteBehavior [ RunTime:0.000081s ]
INFO: [ app_init ] --END-- [ RunTime:0.001673s ]
INFO: [ app_begin ] --START--
INFO: Run Behavior\ReadHtmlCacheBehavior [ RunTime:0.001779s ]
INFO: [ app_begin ] --END-- [ RunTime:0.002031s ]

[ 2017-02-07T15:36:38+08:00 ] ::1 /trainer/index.php/home/index/signup
INFO: [ app_init ] --START--
INFO: Run Behavior\BuildLiteBehavior [ RunTime:0.000029s ]
INFO: [ app_init ] --END-- [ RunTime:0.000566s ]
INFO: [ app_begin ] --START--
INFO: Run Behavior\ReadHtmlCacheBehavior [ RunTime:0.000961s ]
INFO: [ app_begin ] --END-- [ RunTime:0.001067s ]
NOTIC: [8] Undefined variable: meal E:\wamp\www\trainer\Application\Home\Controller\IndexController.class.php 第 119 行.
NOTIC: [8] Undefined variable: meal E:\wamp\www\trainer\Application\Home\Controller\IndexController.class.php 第 119 行.
INFO: [ view_parse ] --START--
INFO: [ template_filter ] --START--
INFO: Run Behavior\ContentReplaceBehavior [ RunTime:0.000085s ]
INFO: [ template_filter ] --END-- [ RunTime:0.000204s ]
INFO: Run Behavior\ParseTemplateBehavior [ RunTime:0.011917s ]
INFO: [ view_parse ] --END-- [ RunTime:0.012045s ]
INFO: [ view_filter ] --START--
INFO: Run Behavior\WriteHtmlCacheBehavior [ RunTime:0.000665s ]
INFO: [ view_filter ] --END-- [ RunTime:0.000764s ]
INFO: [ app_end ] --START--
INFO: Run Behavior\ShowPageTraceBehavior [ RunTime:0.001671s ]
INFO: [ app_end ] --END-- [ RunTime:0.001846s ]

[ 2017-02-07T15:37:10+08:00 ] ::1 /trainer/index.php/home/index/signup
INFO: [ app_init ] --START--
INFO: Run Behavior\BuildLiteBehavior [ RunTime:0.000030s ]
INFO: [ app_init ] --END-- [ RunTime:0.000641s ]
INFO: [ app_begin ] --START--
INFO: Run Behavior\ReadHtmlCacheBehavior [ RunTime:0.000963s ]
INFO: [ app_begin ] --END-- [ RunTime:0.001078s ]
NOTIC: [8] Undefined variable: meal E:\wamp\www\trainer\Application\Home\Controller\IndexController.class.php 第 119 行.
NOTIC: [8] Undefined variable: meal E:\wamp\www\trainer\Application\Home\Controller\IndexController.class.php 第 119 行.
INFO: [ view_parse ] --START--
INFO: [ template_filter ] --START--
INFO: Run Behavior\ContentReplaceBehavior [ RunTime:0.000112s ]
INFO: [ template_filter ] --END-- [ RunTime:0.000234s ]
INFO: Run Behavior\ParseTemplateBehavior [ RunTime:0.011272s ]
INFO: [ view_parse ] --END-- [ RunTime:0.011401s ]
INFO: [ view_filter ] --START--
INFO: Run Behavior\WriteHtmlCacheBehavior [ RunTime:0.000649s ]
INFO: [ view_filter ] --END-- [ RunTime:0.000744s ]
INFO: [ app_end ] --START--
INFO: Run Behavior\ShowPageTraceBehavior [ RunTime:0.001060s ]
INFO: [ app_end ] --END-- [ RunTime:0.001173s ]

[ 2017-02-07T15:37:14+08:00 ] ::1 /trainer/index.php/home/index/signup
INFO: [ app_init ] --START--
INFO: Run Behavior\BuildLiteBehavior [ RunTime:0.000030s ]
INFO: [ app_init ] --END-- [ RunTime:0.000557s ]
INFO: [ app_begin ] --START--
INFO: Run Behavior\ReadHtmlCacheBehavior [ RunTime:0.000965s ]
INFO: [ app_begin ] --END-- [ RunTime:0.001076s ]
NOTIC: [8] Undefined variable: meal E:\wamp\www\trainer\Application\Home\Controller\IndexController.class.php 第 119 行.
NOTIC: [8] Undefined variable: meal E:\wamp\www\trainer\Application\Home\Controller\IndexController.class.php 第 119 行.
INFO: [ view_parse ] --START--
INFO: [ template_filter ] --START--
INFO: Run Behavior\ContentReplaceBehavior [ RunTime:0.000084s ]
INFO: [ template_filter ] --END-- [ RunTime:0.000224s ]
INFO: Run Behavior\ParseTemplateBehavior [ RunTime:0.011233s ]
INFO: [ view_parse ] --END-- [ RunTime:0.011444s ]
INFO: [ view_filter ] --START--
INFO: Run Behavior\WriteHtmlCacheBehavior [ RunTime:0.000653s ]
INFO: [ view_filter ] --END-- [ RunTime:0.000751s ]
INFO: [ app_end ] --START--
INFO: Run Behavior\ShowPageTraceBehavior [ RunTime:0.000968s ]
INFO: [ app_end ] --END-- [ RunTime:0.001151s ]

[ 2017-02-07T15:37:21+08:00 ] ::1 /trainer/index.php/home/index/signup
INFO: [ app_init ] --START--
INFO: Run Behavior\BuildLiteBehavior [ RunTime:0.000030s ]
INFO: [ app_init ] --END-- [ RunTime:0.000561s ]
INFO: [ app_begin ] --START--
INFO: Run Behavior\ReadHtmlCacheBehavior [ RunTime:0.001149s ]
INFO: [ app_begin ] --END-- [ RunTime:0.001312s ]
NOTIC: [8] Undefined variable: meal E:\wamp\www\trainer\Application\Home\Controller\IndexController.class.php 第 119 行.
NOTIC: [8] Undefined variable: meal E:\wamp\www\trainer\Application\Home\Controller\IndexController.class.php 第 119 行.
INFO: [ view_parse ] --START--
INFO: [ template_filter ] --START--
INFO: Run Behavior\ContentReplaceBehavior [ RunTime:0.000085s ]
INFO: [ template_filter ] --END-- [ RunTime:0.000210s ]
INFO: Run Behavior\ParseTemplateBehavior [ RunTime:0.011391s ]
INFO: [ view_parse ] --END-- [ RunTime:0.011524s ]
INFO: [ view_filter ] --START--
INFO: Run Behavior\WriteHtmlCacheBehavior [ RunTime:0.000766s ]
INFO: [ view_filter ] --END-- [ RunTime:0.000888s ]
INFO: [ app_end ] --START--
INFO: Run Behavior\ShowPageTraceBehavior [ RunTime:0.001060s ]
INFO: [ app_end ] --END-- [ RunTime:0.001179s ]

[ 2017-02-07T15:37:52+08:00 ] ::1 /trainer/index.php/home/index/signup
INFO: [ app_init ] --START--
INFO: Run Behavior\BuildLiteBehavior [ RunTime:0.000032s ]
INFO: [ app_init ] --END-- [ RunTime:0.000583s ]
INFO: [ app_begin ] --START--
INFO: Run Behavior\ReadHtmlCacheBehavior [ RunTime:0.001053s ]
INFO: [ app_begin ] --END-- [ RunTime:0.001177s ]
NOTIC: [8] Undefined variable: meal E:\wamp\www\trainer\Application\Home\Controller\IndexController.class.php 第 119 行.
NOTIC: [8] Undefined variable: meal E:\wamp\www\trainer\Application\Home\Controller\IndexController.class.php 第 119 行.
INFO: [ view_parse ] --START--
INFO: [ template_filter ] --START--
INFO: Run Behavior\ContentReplaceBehavior [ RunTime:0.000084s ]
INFO: [ template_filter ] --END-- [ RunTime:0.000207s ]
INFO: Run Behavior\ParseTemplateBehavior [ RunTime:0.011216s ]
INFO: [ view_parse ] --END-- [ RunTime:0.011336s ]
INFO: [ view_filter ] --START--
INFO: Run Behavior\WriteHtmlCacheBehavior [ RunTime:0.000891s ]
INFO: [ view_filter ] --END-- [ RunTime:0.001082s ]
INFO: [ app_end ] --START--
INFO: Run Behavior\ShowPageTraceBehavior [ RunTime:0.001299s ]
INFO: [ app_end ] --END-- [ RunTime:0.001467s ]

[ 2017-02-07T15:38:17+08:00 ] 127.0.0.1 /trainer/index.php/home/index/dinner
INFO: [ app_init ] --START--
INFO: Run Behavior\BuildLiteBehavior [ RunTime:0.000030s ]
INFO: [ app_init ] --END-- [ RunTime:0.000558s ]
INFO: [ app_begin ] --START--
INFO: Run Behavior\ReadHtmlCacheBehavior [ RunTime:0.000976s ]
INFO: [ app_begin ] --END-- [ RunTime:0.001090s ]
NOTIC: [8] Undefined variable: ceshi E:\wamp\www\trainer\Application\Home\Controller\IndexController.class.php 第 83 行.
INFO: [ view_parse ] --START--
INFO: [ template_filter ] --START--
INFO: Run Behavior\ContentReplaceBehavior [ RunTime:0.000078s ]
INFO: [ template_filter ] --END-- [ RunTime:0.000201s ]
INFO: Run Behavior\ParseTemplateBehavior [ RunTime:0.011535s ]
INFO: [ view_parse ] --END-- [ RunTime:0.011665s ]
INFO: [ view_filter ] --START--
INFO: Run Behavior\WriteHtmlCacheBehavior [ RunTime:0.000646s ]
INFO: [ view_filter ] --END-- [ RunTime:0.000751s ]
INFO: [ app_end ] --START--
INFO: Run Behavior\ShowPageTraceBehavior [ RunTime:0.000938s ]
INFO: [ app_end ] --END-- [ RunTime:0.001044s ]

[ 2017-02-07T15:38:36+08:00 ] 127.0.0.1 /trainer/index.php/home/index/signup
INFO: [ app_init ] --START--
INFO: Run Behavior\BuildLiteBehavior [ RunTime:0.000030s ]
INFO: [ app_init ] --END-- [ RunTime:0.000542s ]
INFO: [ app_begin ] --START--
INFO: Run Behavior\ReadHtmlCacheBehavior [ RunTime:0.001033s ]
INFO: [ app_begin ] --END-- [ RunTime:0.001163s ]
NOTIC: [8] Undefined variable: meal E:\wamp\www\trainer\Application\Home\Controller\IndexController.class.php 第 119 行.
NOTIC: [8] Undefined variable: meal E:\wamp\www\trainer\Application\Home\Controller\IndexController.class.php 第 119 行.
INFO: [ view_parse ] --START--
INFO: [ template_filter ] --START--
INFO: Run Behavior\ContentReplaceBehavior [ RunTime:0.000187s ]
INFO: [ template_filter ] --END-- [ RunTime:0.000412s ]
INFO: Run Behavior\ParseTemplateBehavior [ RunTime:0.011644s ]
INFO: [ view_parse ] --END-- [ RunTime:0.011778s ]
INFO: [ view_filter ] --START--
INFO: Run Behavior\WriteHtmlCacheBehavior [ RunTime:0.000687s ]
INFO: [ view_filter ] --END-- [ RunTime:0.000789s ]
INFO: [ app_end ] --START--
INFO: Run Behavior\ShowPageTraceBehavior [ RunTime:0.000972s ]
INFO: [ app_end ] --END-- [ RunTime:0.001081s ]

[ 2017-02-07T17:28:00+08:00 ] 127.0.0.1 /trainer/index.php/home/index/signup
INFO: [ app_init ] --START--
INFO: Run Behavior\BuildLiteBehavior [ RunTime:0.000052s ]
INFO: [ app_init ] --END-- [ RunTime:0.000991s ]
INFO: [ app_begin ] --START--
INFO: Run Behavior\ReadHtmlCacheBehavior [ RunTime:0.001096s ]
INFO: [ app_begin ] --END-- [ RunTime:0.001251s ]
NOTIC: [8] Undefined variable: meal E:\wamp\www\trainer\Application\Home\Controller\IndexController.class.php 第 119 行.
NOTIC: [8] Undefined variable: meal E:\wamp\www\trainer\Application\Home\Controller\IndexController.class.php 第 119 行.
INFO: [ view_parse ] --START--
INFO: [ template_filter ] --START--
INFO: Run Behavior\ContentReplaceBehavior [ RunTime:0.000084s ]
INFO: [ template_filter ] --END-- [ RunTime:0.000207s ]
INFO: Run Behavior\ParseTemplateBehavior [ RunTime:0.011533s ]
INFO: [ view_parse ] --END-- [ RunTime:0.011653s ]
INFO: [ view_filter ] --START--
INFO: Run Behavior\WriteHtmlCacheBehavior [ RunTime:0.000934s ]
INFO: [ view_filter ] --END-- [ RunTime:0.001047s ]
INFO: [ app_end ] --START--
INFO: Run Behavior\ShowPageTraceBehavior [ RunTime:0.000977s ]
INFO: [ app_end ] --END-- [ RunTime:0.001085s ]

[ 2017-02-07T17:30:53+08:00 ] 127.0.0.1 /trainer/index.php/home/index/signup
INFO: [ app_init ] --START--
INFO: Run Behavior\BuildLiteBehavior [ RunTime:0.000031s ]
INFO: [ app_init ] --END-- [ RunTime:0.000621s ]
INFO: [ app_begin ] --START--
INFO: Run Behavior\ReadHtmlCacheBehavior [ RunTime:0.000998s ]
INFO: [ app_begin ] --END-- [ RunTime:0.001116s ]
NOTIC: [8] Undefined variable: meal E:\wamp\www\trainer\Application\Home\Controller\IndexController.class.php 第 119 行.
NOTIC: [8] Undefined variable: meal E:\wamp\www\trainer\Application\Home\Controller\IndexController.class.php 第 119 行.
INFO: [ view_parse ] --START--
INFO: [ template_filter ] --START--
INFO: Run Behavior\ContentReplaceBehavior [ RunTime:0.000082s ]
INFO: [ template_filter ] --END-- [ RunTime:0.000196s ]
INFO: Run Behavior\ParseTemplateBehavior [ RunTime:0.010675s ]
INFO: [ view_parse ] --END-- [ RunTime:0.010792s ]
INFO: [ view_filter ] --START--
INFO: Run Behavior\WriteHtmlCacheBehavior [ RunTime:0.000693s ]
INFO: [ view_filter ] --END-- [ RunTime:0.000796s ]
INFO: [ app_end ] --START--
INFO: Run Behavior\ShowPageTraceBehavior [ RunTime:0.001005s ]
INFO: [ app_end ] --END-- [ RunTime:0.001114s ]

[ 2017-02-07T17:32:13+08:00 ] 127.0.0.1 /trainer/index.php/home/index/signup
INFO: [ app_init ] --START--
INFO: Run Behavior\BuildLiteBehavior [ RunTime:0.000030s ]
INFO: [ app_init ] --END-- [ RunTime:0.000556s ]
INFO: [ app_begin ] --START--
INFO: Run Behavior\ReadHtmlCacheBehavior [ RunTime:0.000959s ]
INFO: [ app_begin ] --END-- [ RunTime:0.001077s ]
NOTIC: [8] Undefined variable: meal E:\wamp\www\trainer\Application\Home\Controller\IndexController.class.php 第 119 行.
NOTIC: [8] Undefined variable: meal E:\wamp\www\trainer\Application\Home\Controller\IndexController.class.php 第 119 行.
INFO: [ view_parse ] --START--
INFO: [ template_filter ] --START--
INFO: Run Behavior\ContentReplaceBehavior [ RunTime:0.000081s ]
INFO: [ template_filter ] --END-- [ RunTime:0.000198s ]
INFO: Run Behavior\ParseTemplateBehavior [ RunTime:0.010951s ]
INFO: [ view_parse ] --END-- [ RunTime:0.011079s ]
INFO: [ view_filter ] --START--
INFO: Run Behavior\WriteHtmlCacheBehavior [ RunTime:0.000703s ]
INFO: [ view_filter ] --END-- [ RunTime:0.000803s ]
INFO: [ app_end ] --START--
INFO: Run Behavior\ShowPageTraceBehavior [ RunTime:0.001074s ]
INFO: [ app_end ] --END-- [ RunTime:0.001194s ]

[ 2017-02-07T17:33:04+08:00 ] 127.0.0.1 /trainer/index.php/home/index/signup
INFO: [ app_init ] --START--
INFO: Run Behavior\BuildLiteBehavior [ RunTime:0.000029s ]
INFO: [ app_init ] --END-- [ RunTime:0.000548s ]
INFO: [ app_begin ] --START--
INFO: Run Behavior\ReadHtmlCacheBehavior [ RunTime:0.001042s ]
INFO: [ app_begin ] --END-- [ RunTime:0.001162s ]
NOTIC: [8] Undefined variable: meal E:\wamp\www\trainer\Application\Home\Controller\IndexController.class.php 第 119 行.
NOTIC: [8] Undefined variable: meal E:\wamp\www\trainer\Application\Home\Controller\IndexController.class.php 第 119 行.
INFO: [ view_parse ] --START--
INFO: [ template_filter ] --START--
INFO: Run Behavior\ContentReplaceBehavior [ RunTime:0.000110s ]
INFO: [ template_filter ] --END-- [ RunTime:0.000247s ]
INFO: Run Behavior\ParseTemplateBehavior [ RunTime:0.011174s ]
INFO: [ view_parse ] --END-- [ RunTime:0.011291s ]
INFO: [ view_filter ] --START--
INFO: Run Behavior\WriteHtmlCacheBehavior [ RunTime:0.000661s ]
INFO: [ view_filter ] --END-- [ RunTime:0.000761s ]
INFO: [ app_end ] --START--
INFO: Run Behavior\ShowPageTraceBehavior [ RunTime:0.000960s ]
INFO: [ app_end ] --END-- [ RunTime:0.001070s ]

[ 2017-02-07T17:38:27+08:00 ] 127.0.0.1 /trainer/index.php/Home/Index/getSignup.html
INFO: [ app_init ] --START--
INFO: Run Behavior\BuildLiteBehavior [ RunTime:0.000030s ]
INFO: [ app_init ] --END-- [ RunTime:0.000567s ]
INFO: [ app_begin ] --START--
INFO: Run Behavior\ReadHtmlCacheBehavior [ RunTime:0.001024s ]
INFO: [ app_begin ] --END-- [ RunTime:0.001156s ]
INFO: [ app_end ] --START--
INFO: Run Behavior\ShowPageTraceBehavior [ RunTime:0.001004s ]
INFO: [ app_end ] --END-- [ RunTime:0.001175s ]

[ 2017-02-07T17:38:32+08:00 ] 127.0.0.1 /trainer/index.php/Home/Index/getSignup.html
INFO: [ app_init ] --START--
INFO: Run Behavior\BuildLiteBehavior [ RunTime:0.000082s ]
INFO: [ app_init ] --END-- [ RunTime:0.000616s ]
INFO: [ app_begin ] --START--
INFO: Run Behavior\ReadHtmlCacheBehavior [ RunTime:0.000962s ]
INFO: [ app_begin ] --END-- [ RunTime:0.001077s ]
INFO: [ app_end ] --START--
INFO: Run Behavior\ShowPageTraceBehavior [ RunTime:0.000994s ]
INFO: [ app_end ] --END-- [ RunTime:0.001116s ]

[ 2017-02-07T17:48:58+08:00 ] ::1 /trainer/index.php/home/index/signup
INFO: [ app_init ] --START--
INFO: Run Behavior\BuildLiteBehavior [ RunTime:0.000030s ]
INFO: [ app_init ] --END-- [ RunTime:0.000564s ]
INFO: [ app_begin ] --START--
INFO: Run Behavior\ReadHtmlCacheBehavior [ RunTime:0.001902s ]
INFO: [ app_begin ] --END-- [ RunTime:0.002308s ]
NOTIC: [8] Undefined variable: meal E:\wamp\www\trainer\Application\Home\Controller\IndexController.class.php 第 119 行.
NOTIC: [8] Undefined variable: meal E:\wamp\www\trainer\Application\Home\Controller\IndexController.class.php 第 119 行.
INFO: [ view_parse ] --START--
INFO: [ template_filter ] --START--
INFO: Run Behavior\ContentReplaceBehavior [ RunTime:0.000084s ]
INFO: [ template_filter ] --END-- [ RunTime:0.000199s ]
INFO: Run Behavior\ParseTemplateBehavior [ RunTime:0.011202s ]
INFO: [ view_parse ] --END-- [ RunTime:0.011347s ]
INFO: [ view_filter ] --START--
INFO: Run Behavior\WriteHtmlCacheBehavior [ RunTime:0.000786s ]
INFO: [ view_filter ] --END-- [ RunTime:0.000895s ]
INFO: [ app_end ] --START--
INFO: Run Behavior\ShowPageTraceBehavior [ RunTime:0.000963s ]
INFO: [ app_end ] --END-- [ RunTime:0.001072s ]

[ 2017-02-07T17:49:31+08:00 ] 127.0.0.1 /trainer/
INFO: [ app_init ] --START--
INFO: Run Behavior\BuildLiteBehavior [ RunTime:0.000029s ]
INFO: [ app_init ] --END-- [ RunTime:0.000550s ]
INFO: [ app_begin ] --START--
INFO: Run Behavior\ReadHtmlCacheBehavior [ RunTime:0.001052s ]
INFO: [ app_begin ] --END-- [ RunTime:0.001174s ]
INFO: [ view_parse ] --START--
INFO: [ template_filter ] --START--
INFO: Run Behavior\ContentReplaceBehavior [ RunTime:0.000081s ]
INFO: [ template_filter ] --END-- [ RunTime:0.000196s ]
INFO: Run Behavior\ParseTemplateBehavior [ RunTime:0.011360s ]
INFO: [ view_parse ] --END-- [ RunTime:0.011507s ]
INFO: [ view_filter ] --START--
INFO: Run Behavior\WriteHtmlCacheBehavior [ RunTime:0.000693s ]
INFO: [ view_filter ] --END-- [ RunTime:0.000803s ]
INFO: [ app_end ] --START--
INFO: Run Behavior\ShowPageTraceBehavior [ RunTime:0.001043s ]
INFO: [ app_end ] --END-- [ RunTime:0.001188s ]

[ 2017-02-07T17:49:52+08:00 ] ::1 /trainer/index.php/home/index/dinner
INFO: [ app_init ] --START--
INFO: Run Behavior\BuildLiteBehavior [ RunTime:0.000032s ]
INFO: [ app_init ] --END-- [ RunTime:0.000582s ]
INFO: [ app_begin ] --START--
INFO: Run Behavior\ReadHtmlCacheBehavior [ RunTime:0.000975s ]
INFO: [ app_begin ] --END-- [ RunTime:0.001093s ]
NOTIC: [8] Undefined variable: ceshi E:\wamp\www\trainer\Application\Home\Controller\IndexController.class.php 第 83 行.
INFO: [ view_parse ] --START--
INFO: [ template_filter ] --START--
INFO: Run Behavior\ContentReplaceBehavior [ RunTime:0.000081s ]
INFO: [ template_filter ] --END-- [ RunTime:0.000197s ]
INFO: Run Behavior\ParseTemplateBehavior [ RunTime:0.011496s ]
INFO: [ view_parse ] --END-- [ RunTime:0.011624s ]
INFO: [ view_filter ] --START--
INFO: Run Behavior\WriteHtmlCacheBehavior [ RunTime:0.000656s ]
INFO: [ view_filter ] --END-- [ RunTime:0.000757s ]
INFO: [ app_end ] --START--
INFO: Run Behavior\ShowPageTraceBehavior [ RunTime:0.001083s ]
INFO: [ app_end ] --END-- [ RunTime:0.001309s ]

[ 2017-02-07T17:50:14+08:00 ] 127.0.0.1 //trainer/index.php/home/index/dinner
INFO: [ app_init ] --START--
INFO: Run Behavior\BuildLiteBehavior [ RunTime:0.000029s ]
INFO: [ app_init ] --END-- [ RunTime:0.000565s ]
INFO: [ app_begin ] --START--
INFO: Run Behavior\ReadHtmlCacheBehavior [ RunTime:0.001027s ]
INFO: [ app_begin ] --END-- [ RunTime:0.001233s ]
NOTIC: [8] Undefined variable: ceshi E:\wamp\www\trainer\Application\Home\Controller\IndexController.class.php 第 83 行.
INFO: [ view_parse ] --START--
INFO: [ template_filter ] --START--
INFO: Run Behavior\ContentReplaceBehavior [ RunTime:0.000079s ]
INFO: [ template_filter ] --END-- [ RunTime:0.000197s ]
INFO: Run Behavior\ParseTemplateBehavior [ RunTime:0.011354s ]
INFO: [ view_parse ] --END-- [ RunTime:0.011497s ]
INFO: [ view_filter ] --START--
INFO: Run Behavior\WriteHtmlCacheBehavior [ RunTime:0.000719s ]
INFO: [ view_filter ] --END-- [ RunTime:0.000835s ]
INFO: [ app_end ] --START--
INFO: Run Behavior\ShowPageTraceBehavior [ RunTime:0.000978s ]
INFO: [ app_end ] --END-- [ RunTime:0.001089s ]

[ 2017-02-07T17:50:18+08:00 ] 127.0.0.1 /trainer/index.php/home/index/dinner
INFO: [ app_init ] --START--
INFO: Run Behavior\BuildLiteBehavior [ RunTime:0.000030s ]
INFO: [ app_init ] --END-- [ RunTime:0.000572s ]
INFO: [ app_begin ] --START--
INFO: Run Behavior\ReadHtmlCacheBehavior [ RunTime:0.000950s ]
INFO: [ app_begin ] --END-- [ RunTime:0.001063s ]
NOTIC: [8] Undefined variable: ceshi E:\wamp\www\trainer\Application\Home\Controller\IndexController.class.php 第 83 行.
INFO: [ view_parse ] --START--
INFO: [ template_filter ] --START--
INFO: Run Behavior\ContentReplaceBehavior [ RunTime:0.000079s ]
INFO: [ template_filter ] --END-- [ RunTime:0.000195s ]
INFO: Run Behavior\ParseTemplateBehavior [ RunTime:0.012154s ]
INFO: [ view_parse ] --END-- [ RunTime:0.012290s ]
INFO: [ view_filter ] --START--
INFO: Run Behavior\WriteHtmlCacheBehavior [ RunTime:0.000657s ]
INFO: [ view_filter ] --END-- [ RunTime:0.000757s ]
INFO: [ app_end ] --START--
INFO: Run Behavior\ShowPageTraceBehavior [ RunTime:0.000953s ]
INFO: [ app_end ] --END-- [ RunTime:0.001063s ]

[ 2017-02-07T17:50:35+08:00 ] 127.0.0.1 /trainer/
INFO: [ app_init ] --START--
INFO: Run Behavior\BuildLiteBehavior [ RunTime:0.000029s ]
INFO: [ app_init ] --END-- [ RunTime:0.000547s ]
INFO: [ app_begin ] --START--
INFO: Run Behavior\ReadHtmlCacheBehavior [ RunTime:0.000970s ]
INFO: [ app_begin ] --END-- [ RunTime:0.001083s ]
INFO: [ view_parse ] --START--
INFO: [ template_filter ] --START--
INFO: Run Behavior\ContentReplaceBehavior [ RunTime:0.000079s ]
INFO: [ template_filter ] --END-- [ RunTime:0.000191s ]
INFO: Run Behavior\ParseTemplateBehavior [ RunTime:0.010867s ]
INFO: [ view_parse ] --END-- [ RunTime:0.011018s ]
INFO: [ view_filter ] --START--
INFO: Run Behavior\WriteHtmlCacheBehavior [ RunTime:0.000714s ]
INFO: [ view_filter ] --END-- [ RunTime:0.000830s ]
INFO: [ app_end ] --START--
INFO: Run Behavior\ShowPageTraceBehavior [ RunTime:0.000958s ]
INFO: [ app_end ] --END-- [ RunTime:0.001066s ]

[ 2017-02-07T17:50:47+08:00 ] 127.0.0.1 /trainer/index.php/home/index/signup
INFO: [ app_init ] --START--
INFO: Run Behavior\BuildLiteBehavior [ RunTime:0.000028s ]
INFO: [ app_init ] --END-- [ RunTime:0.000668s ]
INFO: [ app_begin ] --START--
INFO: Run Behavior\ReadHtmlCacheBehavior [ RunTime:0.001207s ]
INFO: [ app_begin ] --END-- [ RunTime:0.001347s ]
NOTIC: [8] Undefined variable: meal E:\wamp\www\trainer\Application\Home\Controller\IndexController.class.php 第 119 行.
NOTIC: [8] Undefined variable: meal E:\wamp\www\trainer\Application\Home\Controller\IndexController.class.php 第 119 行.
INFO: [ view_parse ] --START--
INFO: [ template_filter ] --START--
INFO: Run Behavior\ContentReplaceBehavior [ RunTime:0.000084s ]
INFO: [ template_filter ] --END-- [ RunTime:0.000287s ]
INFO: Run Behavior\ParseTemplateBehavior [ RunTime:0.011840s ]
INFO: [ view_parse ] --END-- [ RunTime:0.011969s ]
INFO: [ view_filter ] --START--
INFO: Run Behavior\WriteHtmlCacheBehavior [ RunTime:0.000655s ]
INFO: [ view_filter ] --END-- [ RunTime:0.000755s ]
INFO: [ app_end ] --START--
INFO: Run Behavior\ShowPageTraceBehavior [ RunTime:0.000939s ]
INFO: [ app_end ] --END-- [ RunTime:0.001049s ]

[ 2017-02-07T17:51:02+08:00 ] 127.0.0.1 /trainer/index.php/home/index/signup
INFO: [ app_init ] --START--
INFO: Run Behavior\BuildLiteBehavior [ RunTime:0.000044s ]
INFO: [ app_init ] --END-- [ RunTime:0.000835s ]
INFO: [ app_begin ] --START--
INFO: Run Behavior\ReadHtmlCacheBehavior [ RunTime:0.001748s ]
INFO: [ app_begin ] --END-- [ RunTime:0.001979s ]
NOTIC: [8] Undefined variable: meal E:\wamp\www\trainer\Application\Home\Controller\IndexController.class.php 第 119 行.
NOTIC: [8] Undefined variable: meal E:\wamp\www\trainer\Application\Home\Controller\IndexController.class.php 第 119 行.
INFO: [ view_parse ] --START--
INFO: [ template_filter ] --START--
INFO: Run Behavior\ContentReplaceBehavior [ RunTime:0.000281s ]
INFO: [ template_filter ] --END-- [ RunTime:0.000585s ]
INFO: Run Behavior\ParseTemplateBehavior [ RunTime:0.015363s ]
INFO: [ view_parse ] --END-- [ RunTime:0.015497s ]
INFO: [ view_filter ] --START--
INFO: Run Behavior\WriteHtmlCacheBehavior [ RunTime:0.000853s ]
INFO: [ view_filter ] --END-- [ RunTime:0.001006s ]
INFO: [ app_end ] --START--
INFO: Run Behavior\ShowPageTraceBehavior [ RunTime:0.001558s ]
INFO: [ app_end ] --END-- [ RunTime:0.001756s ]

[ 2017-02-07T17:51:02+08:00 ] 127.0.0.1 /trainer/index.php/home/index/signup
INFO: [ app_init ] --START--
INFO: Run Behavior\BuildLiteBehavior [ RunTime:0.000028s ]
INFO: [ app_init ] --END-- [ RunTime:0.000568s ]
INFO: [ app_begin ] --START--
INFO: Run Behavior\ReadHtmlCacheBehavior [ RunTime:0.001056s ]
INFO: [ app_begin ] --END-- [ RunTime:0.001205s ]
NOTIC: [8] Undefined variable: meal E:\wamp\www\trainer\Application\Home\Controller\IndexController.class.php 第 119 行.
NOTIC: [8] Undefined variable: meal E:\wamp\www\trainer\Application\Home\Controller\IndexController.class.php 第 119 行.
INFO: [ view_parse ] --START--
INFO: [ template_filter ] --START--
INFO: Run Behavior\ContentReplaceBehavior [ RunTime:0.000129s ]
INFO: [ template_filter ] --END-- [ RunTime:0.000333s ]
INFO: Run Behavior\ParseTemplateBehavior [ RunTime:0.015546s ]
INFO: [ view_parse ] --END-- [ RunTime:0.015723s ]
INFO: [ view_filter ] --START--
INFO: Run Behavior\WriteHtmlCacheBehavior [ RunTime:0.001022s ]
INFO: [ view_filter ] --END-- [ RunTime:0.001210s ]
INFO: [ app_end ] --START--
INFO: Run Behavior\ShowPageTraceBehavior [ RunTime:0.001465s ]
INFO: [ app_end ] --END-- [ RunTime:0.001652s ]

[ 2017-02-07T17:53:29+08:00 ] 127.0.0.1 /trainer/index.php/home/index/dinner
INFO: [ app_init ] --START--
INFO: Run Behavior\BuildLiteBehavior [ RunTime:0.000029s ]
INFO: [ app_init ] --END-- [ RunTime:0.000576s ]
INFO: [ app_begin ] --START--
INFO: Run Behavior\ReadHtmlCacheBehavior [ RunTime:0.000991s ]
INFO: [ app_begin ] --END-- [ RunTime:0.001098s ]
NOTIC: [8] Undefined variable: ceshi E:\wamp\www\trainer\Application\Home\Controller\IndexController.class.php 第 83 行.
INFO: [ view_parse ] --START--
INFO: [ template_filter ] --START--
INFO: Run Behavior\ContentReplaceBehavior [ RunTime:0.000096s ]
INFO: [ template_filter ] --END-- [ RunTime:0.000212s ]
INFO: Run Behavior\ParseTemplateBehavior [ RunTime:0.011118s ]
INFO: [ view_parse ] --END-- [ RunTime:0.011258s ]
INFO: [ view_filter ] --START--
INFO: Run Behavior\WriteHtmlCacheBehavior [ RunTime:0.000652s ]
INFO: [ view_filter ] --END-- [ RunTime:0.000754s ]
INFO: [ app_end ] --START--
INFO: Run Behavior\ShowPageTraceBehavior [ RunTime:0.000935s ]
INFO: [ app_end ] --END-- [ RunTime:0.001060s ]

[ 2017-02-07T18:57:24+08:00 ] 127.0.0.1 /trainer/index.php/home/index/dinner
INFO: [ app_init ] --START--
INFO: Run Behavior\BuildLiteBehavior [ RunTime:0.000031s ]
INFO: [ app_init ] --END-- [ RunTime:0.000609s ]
INFO: [ app_begin ] --START--
INFO: Run Behavior\ReadHtmlCacheBehavior [ RunTime:0.001241s ]
INFO: [ app_begin ] --END-- [ RunTime:0.001367s ]
NOTIC: [8] Undefined variable: ceshi E:\wamp\www\trainer\Application\Home\Controller\IndexController.class.php 第 83 行.
INFO: [ view_parse ] --START--
INFO: [ template_filter ] --START--
INFO: Run Behavior\ContentReplaceBehavior [ RunTime:0.000111s ]
INFO: [ template_filter ] --END-- [ RunTime:0.000242s ]
INFO: Run Behavior\ParseTemplateBehavior [ RunTime:0.011232s ]
INFO: [ view_parse ] --END-- [ RunTime:0.011368s ]
INFO: [ view_filter ] --START--
INFO: Run Behavior\WriteHtmlCacheBehavior [ RunTime:0.000676s ]
INFO: [ view_filter ] --END-- [ RunTime:0.000779s ]
INFO: [ app_end ] --START--
INFO: Run Behavior\ShowPageTraceBehavior [ RunTime:0.000968s ]
INFO: [ app_end ] --END-- [ RunTime:0.001079s ]

[ 2017-02-07T18:58:08+08:00 ] 127.0.0.1 /trainer/
INFO: [ app_init ] --START--
INFO: Run Behavior\BuildLiteBehavior [ RunTime:0.000029s ]
INFO: [ app_init ] --END-- [ RunTime:0.000568s ]
INFO: [ app_begin ] --START--
INFO: Run Behavior\ReadHtmlCacheBehavior [ RunTime:0.001454s ]
INFO: [ app_begin ] --END-- [ RunTime:0.001604s ]
INFO: [ view_parse ] --START--
INFO: [ template_filter ] --START--
INFO: Run Behavior\ContentReplaceBehavior [ RunTime:0.000082s ]
INFO: [ template_filter ] --END-- [ RunTime:0.000217s ]
INFO: Run Behavior\ParseTemplateBehavior [ RunTime:0.011136s ]
INFO: [ view_parse ] --END-- [ RunTime:0.011319s ]
INFO: [ view_filter ] --START--
INFO: Run Behavior\WriteHtmlCacheBehavior [ RunTime:0.000753s ]
INFO: [ view_filter ] --END-- [ RunTime:0.000858s ]
INFO: [ app_end ] --START--
INFO: Run Behavior\ShowPageTraceBehavior [ RunTime:0.000960s ]
INFO: [ app_end ] --END-- [ RunTime:0.001061s ]

[ 2017-02-07T18:58:08+08:00 ] 127.0.0.1 /trainer/
INFO: [ app_init ] --START--
INFO: Run Behavior\BuildLiteBehavior [ RunTime:0.000029s ]
INFO: [ app_init ] --END-- [ RunTime:0.000549s ]
INFO: [ app_begin ] --START--
INFO: Run Behavior\ReadHtmlCacheBehavior [ RunTime:0.000935s ]
INFO: [ app_begin ] --END-- [ RunTime:0.001043s ]
INFO: [ view_parse ] --START--
INFO: [ template_filter ] --START--
INFO: Run Behavior\ContentReplaceBehavior [ RunTime:0.000081s ]
INFO: [ template_filter ] --END-- [ RunTime:0.000201s ]
INFO: Run Behavior\ParseTemplateBehavior [ RunTime:0.010845s ]
INFO: [ view_parse ] --END-- [ RunTime:0.010987s ]
INFO: [ view_filter ] --START--
INFO: Run Behavior\WriteHtmlCacheBehavior [ RunTime:0.000654s ]
INFO: [ view_filter ] --END-- [ RunTime:0.000761s ]
INFO: [ app_end ] --START--
INFO: Run Behavior\ShowPageTraceBehavior [ RunTime:0.000949s ]
INFO: [ app_end ] --END-- [ RunTime:0.001050s ]

[ 2017-02-07T19:00:04+08:00 ] 127.0.0.1 /trainer/index.php/home/index/dinner
INFO: [ app_init ] --START--
INFO: Run Behavior\BuildLiteBehavior [ RunTime:0.000032s ]
INFO: [ app_init ] --END-- [ RunTime:0.000653s ]
INFO: [ app_begin ] --START--
INFO: Run Behavior\ReadHtmlCacheBehavior [ RunTime:0.000962s ]
INFO: [ app_begin ] --END-- [ RunTime:0.001078s ]
NOTIC: [8] Undefined variable: ceshi E:\wamp\www\trainer\Application\Home\Controller\IndexController.class.php 第 83 行.
INFO: [ view_parse ] --START--
INFO: [ template_filter ] --START--
INFO: Run Behavior\ContentReplaceBehavior [ RunTime:0.000083s ]
INFO: [ template_filter ] --END-- [ RunTime:0.000204s ]
INFO: Run Behavior\ParseTemplateBehavior [ RunTime:0.011474s ]
INFO: [ view_parse ] --END-- [ RunTime:0.011603s ]
INFO: [ view_filter ] --START--
INFO: Run Behavior\WriteHtmlCacheBehavior [ RunTime:0.000775s ]
INFO: [ view_filter ] --END-- [ RunTime:0.000909s ]
INFO: [ app_end ] --START--
INFO: Run Behavior\ShowPageTraceBehavior [ RunTime:0.001328s ]
INFO: [ app_end ] --END-- [ RunTime:0.001510s ]

[ 2017-02-07T19:00:04+08:00 ] 127.0.0.1 /trainer/index.php/home/index/dinner
INFO: [ app_init ] --START--
INFO: Run Behavior\BuildLiteBehavior [ RunTime:0.000032s ]
INFO: [ app_init ] --END-- [ RunTime:0.000570s ]
INFO: [ app_begin ] --START--
INFO: Run Behavior\ReadHtmlCacheBehavior [ RunTime:0.001032s ]
INFO: [ app_begin ] --END-- [ RunTime:0.001179s ]
NOTIC: [8] Undefined variable: ceshi E:\wamp\www\trainer\Application\Home\Controller\IndexController.class.php 第 83 行.
INFO: [ view_parse ] --START--
INFO: [ template_filter ] --START--
INFO: Run Behavior\ContentReplaceBehavior [ RunTime:0.000078s ]
INFO: [ template_filter ] --END-- [ RunTime:0.000192s ]
INFO: Run Behavior\ParseTemplateBehavior [ RunTime:0.010931s ]
INFO: [ view_parse ] --END-- [ RunTime:0.011075s ]
INFO: [ view_filter ] --START--
INFO: Run Behavior\WriteHtmlCacheBehavior [ RunTime:0.000674s ]
INFO: [ view_filter ] --END-- [ RunTime:0.000776s ]
INFO: [ app_end ] --START--
INFO: Run Behavior\ShowPageTraceBehavior [ RunTime:0.000965s ]
INFO: [ app_end ] --END-- [ RunTime:0.001074s ]

[ 2017-02-07T19:22:34+08:00 ] 127.0.0.1 /trainer/
INFO: [ app_init ] --START--
INFO: Run Behavior\BuildLiteBehavior [ RunTime:0.000032s ]
INFO: [ app_init ] --END-- [ RunTime:0.000566s ]
INFO: [ app_begin ] --START--
INFO: Run Behavior\ReadHtmlCacheBehavior [ RunTime:0.000998s ]
INFO: [ app_begin ] --END-- [ RunTime:0.001115s ]
INFO: [ view_parse ] --START--
INFO: [ template_filter ] --START--
INFO: Run Behavior\ContentReplaceBehavior [ RunTime:0.000079s ]
INFO: [ template_filter ] --END-- [ RunTime:0.000197s ]
INFO: Run Behavior\ParseTemplateBehavior [ RunTime:0.013678s ]
INFO: [ view_parse ] --END-- [ RunTime:0.013857s ]
INFO: [ view_filter ] --START--
INFO: Run Behavior\WriteHtmlCacheBehavior [ RunTime:0.000680s ]
INFO: [ view_filter ] --END-- [ RunTime:0.000788s ]
INFO: [ app_end ] --START--
INFO: Run Behavior\ShowPageTraceBehavior [ RunTime:0.000953s ]
INFO: [ app_end ] --END-- [ RunTime:0.001060s ]

[ 2017-02-07T19:27:06+08:00 ] 127.0.0.1 /trainer/index.php/home/index/dinner
INFO: [ app_init ] --START--
INFO: Run Behavior\BuildLiteBehavior [ RunTime:0.000048s ]
INFO: [ app_init ] --END-- [ RunTime:0.000587s ]
INFO: [ app_begin ] --START--
INFO: Run Behavior\ReadHtmlCacheBehavior [ RunTime:0.000955s ]
INFO: [ app_begin ] --END-- [ RunTime:0.001069s ]
NOTIC: [8] Undefined variable: ceshi E:\wamp\www\trainer\Application\Home\Controller\IndexController.class.php 第 83 行.
INFO: [ view_parse ] --START--
INFO: [ template_filter ] --START--
INFO: Run Behavior\ContentReplaceBehavior [ RunTime:0.000080s ]
INFO: [ template_filter ] --END-- [ RunTime:0.000193s ]
INFO: Run Behavior\ParseTemplateBehavior [ RunTime:0.010679s ]
INFO: [ view_parse ] --END-- [ RunTime:0.010809s ]
INFO: [ view_filter ] --START--
INFO: Run Behavior\WriteHtmlCacheBehavior [ RunTime:0.000689s ]
INFO: [ view_filter ] --END-- [ RunTime:0.000794s ]
INFO: [ app_end ] --START--
INFO: Run Behavior\ShowPageTraceBehavior [ RunTime:0.000975s ]
INFO: [ app_end ] --END-- [ RunTime:0.001084s ]

[ 2017-02-07T20:17:33+08:00 ] 127.0.0.1 /trainer/index.php/home/index/signup
INFO: [ app_init ] --START--
INFO: Run Behavior\BuildLiteBehavior [ RunTime:0.000032s ]
INFO: [ app_init ] --END-- [ RunTime:0.000574s ]
INFO: [ app_begin ] --START--
INFO: Run Behavior\ReadHtmlCacheBehavior [ RunTime:0.001046s ]
INFO: [ app_begin ] --END-- [ RunTime:0.001167s ]
NOTIC: [8] Undefined variable: meal E:\wamp\www\trainer\Application\Home\Controller\IndexController.class.php 第 119 行.
NOTIC: [8] Undefined variable: meal E:\wamp\www\trainer\Application\Home\Controller\IndexController.class.php 第 119 行.
INFO: [ view_parse ] --START--
INFO: [ template_filter ] --START--
INFO: Run Behavior\ContentReplaceBehavior [ RunTime:0.000084s ]
INFO: [ template_filter ] --END-- [ RunTime:0.000209s ]
INFO: Run Behavior\ParseTemplateBehavior [ RunTime:0.011135s ]
INFO: [ view_parse ] --END-- [ RunTime:0.011272s ]
INFO: [ view_filter ] --START--
INFO: Run Behavior\WriteHtmlCacheBehavior [ RunTime:0.000674s ]
INFO: [ view_filter ] --END-- [ RunTime:0.000782s ]
INFO: [ app_end ] --START--
INFO: Run Behavior\ShowPageTraceBehavior [ RunTime:0.000950s ]
INFO: [ app_end ] --END-- [ RunTime:0.001057s ]

[ 2017-02-07T20:22:39+08:00 ] 127.0.0.1 /trainer/index.php/home/index/dinner
INFO: [ app_init ] --START--
INFO: Run Behavior\BuildLiteBehavior [ RunTime:0.000031s ]
INFO: [ app_init ] --END-- [ RunTime:0.000562s ]
INFO: [ app_begin ] --START--
INFO: Run Behavior\ReadHtmlCacheBehavior [ RunTime:0.001024s ]
INFO: [ app_begin ] --END-- [ RunTime:0.001150s ]
NOTIC: [8] Undefined variable: ceshi E:\wamp\www\trainer\Application\Home\Controller\IndexController.class.php 第 83 行.
INFO: [ view_parse ] --START--
INFO: [ template_filter ] --START--
INFO: Run Behavior\ContentReplaceBehavior [ RunTime:0.000083s ]
INFO: [ template_filter ] --END-- [ RunTime:0.000206s ]
INFO: Run Behavior\ParseTemplateBehavior [ RunTime:0.010791s ]
INFO: [ view_parse ] --END-- [ RunTime:0.010922s ]
INFO: [ view_filter ] --START--
INFO: Run Behavior\WriteHtmlCacheBehavior [ RunTime:0.000901s ]
INFO: [ view_filter ] --END-- [ RunTime:0.001022s ]
INFO: [ app_end ] --START--
INFO: Run Behavior\ShowPageTraceBehavior [ RunTime:0.001097s ]
INFO: [ app_end ] --END-- [ RunTime:0.001226s ]

[ 2017-02-07T20:46:52+08:00 ] 127.0.0.1 /trainer/
INFO: [ app_init ] --START--
INFO: Run Behavior\BuildLiteBehavior [ RunTime:0.000032s ]
INFO: [ app_init ] --END-- [ RunTime:0.000568s ]
INFO: [ app_begin ] --START--
INFO: Run Behavior\ReadHtmlCacheBehavior [ RunTime:0.000959s ]
INFO: [ app_begin ] --END-- [ RunTime:0.001073s ]
INFO: [ view_parse ] --START--
INFO: [ template_filter ] --START--
INFO: Run Behavior\ContentReplaceBehavior [ RunTime:0.000080s ]
INFO: [ template_filter ] --END-- [ RunTime:0.000196s ]
INFO: Run Behavior\ParseTemplateBehavior [ RunTime:0.010719s ]
INFO: [ view_parse ] --END-- [ RunTime:0.010863s ]
INFO: [ view_filter ] --START--
INFO: Run Behavior\WriteHtmlCacheBehavior [ RunTime:0.000671s ]
INFO: [ view_filter ] --END-- [ RunTime:0.000779s ]
INFO: [ app_end ] --START--
INFO: Run Behavior\ShowPageTraceBehavior [ RunTime:0.000968s ]
INFO: [ app_end ] --END-- [ RunTime:0.001076s ]

[ 2017-02-07T20:54:42+08:00 ] 127.0.0.1 /trainer/index.php/Home/Index/getInvoice.html
INFO: [ app_init ] --START--
INFO: Run Behavior\BuildLiteBehavior [ RunTime:0.000032s ]
INFO: [ app_init ] --END-- [ RunTime:0.000567s ]
INFO: [ app_begin ] --START--
INFO: Run Behavior\ReadHtmlCacheBehavior [ RunTime:0.000948s ]
INFO: [ app_begin ] --END-- [ RunTime:0.001065s ]
INFO: [ app_end ] --START--
INFO: Run Behavior\ShowPageTraceBehavior [ RunTime:0.001003s ]
INFO: [ app_end ] --END-- [ RunTime:0.001128s ]

[ 2017-02-07T20:54:56+08:00 ] 127.0.0.1 /trainer/index.php/Home/Index/getInvoice.html
INFO: [ app_init ] --START--
INFO: Run Behavior\BuildLiteBehavior [ RunTime:0.000032s ]
INFO: [ app_init ] --END-- [ RunTime:0.000584s ]
INFO: [ app_begin ] --START--
INFO: Run Behavior\ReadHtmlCacheBehavior [ RunTime:0.000961s ]
INFO: [ app_begin ] --END-- [ RunTime:0.001076s ]
INFO: [ app_end ] --START--
INFO: Run Behavior\ShowPageTraceBehavior [ RunTime:0.000969s ]
INFO: [ app_end ] --END-- [ RunTime:0.001086s ]

[ 2017-02-07T21:46:53+08:00 ] ::1 /trainer/
INFO: [ app_init ] --START--
INFO: Run Behavior\BuildLiteBehavior [ RunTime:0.000034s ]
INFO: [ app_init ] --END-- [ RunTime:0.000584s ]
INFO: [ app_begin ] --START--
INFO: Run Behavior\ReadHtmlCacheBehavior [ RunTime:0.000986s ]
INFO: [ app_begin ] --END-- [ RunTime:0.001110s ]
INFO: [ view_parse ] --START--
INFO: [ template_filter ] --START--
INFO: Run Behavior\ContentReplaceBehavior [ RunTime:0.000082s ]
INFO: [ template_filter ] --END-- [ RunTime:0.000197s ]
INFO: Run Behavior\ParseTemplateBehavior [ RunTime:0.012072s ]
INFO: [ view_parse ] --END-- [ RunTime:0.012230s ]
INFO: [ view_filter ] --START--
INFO: Run Behavior\WriteHtmlCacheBehavior [ RunTime:0.000677s ]
INFO: [ view_filter ] --END-- [ RunTime:0.000786s ]
INFO: [ app_end ] --START--
INFO: Run Behavior\ShowPageTraceBehavior [ RunTime:0.000960s ]
INFO: [ app_end ] --END-- [ RunTime:0.001067s ]

[ 2017-02-07T21:59:24+08:00 ] ::1 /trainer/index.php/home/index/signup
INFO: [ app_init ] --START--
INFO: Run Behavior\BuildLiteBehavior [ RunTime:0.000035s ]
INFO: [ app_init ] --END-- [ RunTime:0.000752s ]
INFO: [ app_begin ] --START--
INFO: Run Behavior\ReadHtmlCacheBehavior [ RunTime:0.001144s ]
INFO: [ app_begin ] --END-- [ RunTime:0.001314s ]
NOTIC: [8] Undefined variable: meal E:\wamp\www\trainer\Application\Home\Controller\IndexController.class.php 第 114 行.
NOTIC: [8] Undefined variable: meal E:\wamp\www\trainer\Application\Home\Controller\IndexController.class.php 第 114 行.
INFO: [ view_parse ] --START--
INFO: [ template_filter ] --START--
INFO: Run Behavior\ContentReplaceBehavior [ RunTime:0.000096s ]
INFO: [ template_filter ] --END-- [ RunTime:0.000239s ]
INFO: Run Behavior\ParseTemplateBehavior [ RunTime:0.013174s ]
INFO: [ view_parse ] --END-- [ RunTime:0.013353s ]
INFO: [ view_filter ] --START--
INFO: Run Behavior\WriteHtmlCacheBehavior [ RunTime:0.000675s ]
INFO: [ view_filter ] --END-- [ RunTime:0.000783s ]
INFO: [ app_end ] --START--
INFO: Run Behavior\ShowPageTraceBehavior [ RunTime:0.000996s ]
INFO: [ app_end ] --END-- [ RunTime:0.001103s ]

[ 2017-02-07T21:59:48+08:00 ] ::1 /trainer/index.php/home/index/signup
INFO: [ app_init ] --START--
INFO: Run Behavior\BuildLiteBehavior [ RunTime:0.000032s ]
INFO: [ app_init ] --END-- [ RunTime:0.000576s ]
INFO: [ app_begin ] --START--
INFO: Run Behavior\ReadHtmlCacheBehavior [ RunTime:0.001028s ]
INFO: [ app_begin ] --END-- [ RunTime:0.001159s ]
INFO: [ view_parse ] --START--
INFO: [ template_filter ] --START--
INFO: Run Behavior\ContentReplaceBehavior [ RunTime:0.000115s ]
INFO: [ template_filter ] --END-- [ RunTime:0.000242s ]
INFO: Run Behavior\ParseTemplateBehavior [ RunTime:0.011025s ]
INFO: [ view_parse ] --END-- [ RunTime:0.011170s ]
INFO: [ view_filter ] --START--
INFO: Run Behavior\WriteHtmlCacheBehavior [ RunTime:0.000657s ]
INFO: [ view_filter ] --END-- [ RunTime:0.000764s ]
INFO: [ app_end ] --START--
INFO: Run Behavior\ShowPageTraceBehavior [ RunTime:0.000940s ]
INFO: [ app_end ] --END-- [ RunTime:0.001048s ]

[ 2017-02-07T22:15:12+08:00 ] ::1 /trainer/index.php/Home/Index/getSignup.html
INFO: [ app_init ] --START--
INFO: Run Behavior\BuildLiteBehavior [ RunTime:0.000032s ]
INFO: [ app_init ] --END-- [ RunTime:0.000650s ]
INFO: [ app_begin ] --START--
INFO: Run Behavior\ReadHtmlCacheBehavior [ RunTime:0.001048s ]
INFO: [ app_begin ] --END-- [ RunTime:0.001184s ]
INFO: [ app_end ] --START--
INFO: Run Behavior\ShowPageTraceBehavior [ RunTime:0.001014s ]
INFO: [ app_end ] --END-- [ RunTime:0.001132s ]

[ 2017-02-07T22:15:36+08:00 ] ::1 /trainer/index.php/Home/Index/getSignup.html
INFO: [ app_init ] --START--
INFO: Run Behavior\BuildLiteBehavior [ RunTime:0.000037s ]
INFO: [ app_init ] --END-- [ RunTime:0.000578s ]
INFO: [ app_begin ] --START--
INFO: Run Behavior\ReadHtmlCacheBehavior [ RunTime:0.001003s ]
INFO: [ app_begin ] --END-- [ RunTime:0.001136s ]
INFO: [ view_parse ] --START--
INFO: [ template_filter ] --START--
INFO: Run Behavior\ContentReplaceBehavior [ RunTime:0.000123s ]
INFO: [ template_filter ] --END-- [ RunTime:0.000257s ]
INFO: Run Behavior\ParseTemplateBehavior [ RunTime:0.011264s ]
INFO: [ view_parse ] --END-- [ RunTime:0.011477s ]
INFO: [ view_filter ] --START--
INFO: Run Behavior\WriteHtmlCacheBehavior [ RunTime:0.001080s ]
INFO: [ view_filter ] --END-- [ RunTime:0.001255s ]
INFO: [ app_end ] --START--
INFO: Run Behavior\ShowPageTraceBehavior [ RunTime:0.001143s ]
INFO: [ app_end ] --END-- [ RunTime:0.001302s ]

[ 2017-02-07T22:16:34+08:00 ] ::1 /trainer/index.php/Home/Index/getSignup.html
INFO: [ app_init ] --START--
INFO: Run Behavior\BuildLiteBehavior [ RunTime:0.000032s ]
INFO: [ app_init ] --END-- [ RunTime:0.000705s ]
INFO: [ app_begin ] --START--
INFO: Run Behavior\ReadHtmlCacheBehavior [ RunTime:0.001216s ]
INFO: [ app_begin ] --END-- [ RunTime:0.001358s ]
INFO: [ view_parse ] --START--
INFO: [ template_filter ] --START--
INFO: Run Behavior\ContentReplaceBehavior [ RunTime:0.000089s ]
INFO: [ template_filter ] --END-- [ RunTime:0.000254s ]
INFO: Run Behavior\ParseTemplateBehavior [ RunTime:0.012082s ]
INFO: [ view_parse ] --END-- [ RunTime:0.012212s ]
INFO: [ view_filter ] --START--
INFO: Run Behavior\WriteHtmlCacheBehavior [ RunTime:0.000679s ]
INFO: [ view_filter ] --END-- [ RunTime:0.000781s ]
INFO: [ app_end ] --START--
INFO: Run Behavior\ShowPageTraceBehavior [ RunTime:0.000981s ]
INFO: [ app_end ] --END-- [ RunTime:0.001089s ]

[ 2017-02-07T22:17:18+08:00 ] ::1 /trainer/index.php/Home/Index/getSignup.html
INFO: [ app_init ] --START--
INFO: Run Behavior\BuildLiteBehavior [ RunTime:0.000094s ]
INFO: [ app_init ] --END-- [ RunTime:0.001389s ]
INFO: [ app_begin ] --START--
INFO: Run Behavior\ReadHtmlCacheBehavior [ RunTime:0.000987s ]
INFO: [ app_begin ] --END-- [ RunTime:0.001121s ]
INFO: [ view_parse ] --START--
INFO: [ template_filter ] --START--
INFO: Run Behavior\ContentReplaceBehavior [ RunTime:0.000082s ]
INFO: [ template_filter ] --END-- [ RunTime:0.000206s ]
INFO: Run Behavior\ParseTemplateBehavior [ RunTime:0.010780s ]
INFO: [ view_parse ] --END-- [ RunTime:0.011007s ]
INFO: [ view_filter ] --START--
INFO: Run Behavior\WriteHtmlCacheBehavior [ RunTime:0.000791s ]
INFO: [ view_filter ] --END-- [ RunTime:0.000906s ]
INFO: [ app_end ] --START--
INFO: Run Behavior\ShowPageTraceBehavior [ RunTime:0.001141s ]
INFO: [ app_end ] --END-- [ RunTime:0.001264s ]

[ 2017-02-07T22:20:13+08:00 ] ::1 /trainer/index.php/Home/Index/getSignup.html
INFO: [ app_init ] --START--
INFO: Run Behavior\BuildLiteBehavior [ RunTime:0.000035s ]
INFO: [ app_init ] --END-- [ RunTime:0.000727s ]
INFO: [ app_begin ] --START--
INFO: Run Behavior\ReadHtmlCacheBehavior [ RunTime:0.000988s ]
INFO: [ app_begin ] --END-- [ RunTime:0.001113s ]
INFO: [ view_parse ] --START--
INFO: [ template_filter ] --START--
INFO: Run Behavior\ContentReplaceBehavior [ RunTime:0.000087s ]
INFO: [ template_filter ] --END-- [ RunTime:0.000216s ]
INFO: Run Behavior\ParseTemplateBehavior [ RunTime:0.013945s ]
INFO: [ view_parse ] --END-- [ RunTime:0.014127s ]
INFO: [ view_filter ] --START--
INFO: Run Behavior\WriteHtmlCacheBehavior [ RunTime:0.000740s ]
INFO: [ view_filter ] --END-- [ RunTime:0.000882s ]
INFO: [ app_end ] --START--
INFO: Run Behavior\ShowPageTraceBehavior [ RunTime:0.001036s ]
INFO: [ app_end ] --END-- [ RunTime:0.001172s ]

[ 2017-02-07T22:20:44+08:00 ] ::1 /trainer/index.php/Home/Index/getSignup.html
INFO: [ app_init ] --START--
INFO: Run Behavior\BuildLiteBehavior [ RunTime:0.000032s ]
INFO: [ app_init ] --END-- [ RunTime:0.000585s ]
INFO: [ app_begin ] --START--
INFO: Run Behavior\ReadHtmlCacheBehavior [ RunTime:0.001401s ]
INFO: [ app_begin ] --END-- [ RunTime:0.001539s ]
INFO: [ view_parse ] --START--
INFO: [ template_filter ] --START--
INFO: Run Behavior\ContentReplaceBehavior [ RunTime:0.000083s ]
INFO: [ template_filter ] --END-- [ RunTime:0.000207s ]
INFO: Run Behavior\ParseTemplateBehavior [ RunTime:0.010670s ]
INFO: [ view_parse ] --END-- [ RunTime:0.010867s ]
INFO: [ view_filter ] --START--
INFO: Run Behavior\WriteHtmlCacheBehavior [ RunTime:0.000807s ]
INFO: [ view_filter ] --END-- [ RunTime:0.000949s ]
INFO: [ app_end ] --START--
INFO: Run Behavior\ShowPageTraceBehavior [ RunTime:0.001004s ]
INFO: [ app_end ] --END-- [ RunTime:0.001122s ]

[ 2017-02-07T22:21:05+08:00 ] ::1 /trainer/index.php/Home/Index/getSignup.html
INFO: [ app_init ] --START--
INFO: Run Behavior\BuildLiteBehavior [ RunTime:0.000033s ]
INFO: [ app_init ] --END-- [ RunTime:0.000650s ]
INFO: [ app_begin ] --START--
INFO: Run Behavior\ReadHtmlCacheBehavior [ RunTime:0.001096s ]
INFO: [ app_begin ] --END-- [ RunTime:0.001241s ]
INFO: [ view_parse ] --START--
INFO: [ template_filter ] --START--
INFO: Run Behavior\ContentReplaceBehavior [ RunTime:0.000084s ]
INFO: [ template_filter ] --END-- [ RunTime:0.000213s ]
INFO: Run Behavior\ParseTemplateBehavior [ RunTime:0.015852s ]
INFO: [ view_parse ] --END-- [ RunTime:0.016017s ]
INFO: [ view_filter ] --START--
INFO: Run Behavior\WriteHtmlCacheBehavior [ RunTime:0.000659s ]
INFO: [ view_filter ] --END-- [ RunTime:0.000759s ]
INFO: [ app_end ] --START--
INFO: Run Behavior\ShowPageTraceBehavior [ RunTime:0.001109s ]
INFO: [ app_end ] --END-- [ RunTime:0.001268s ]

[ 2017-02-07T22:27:38+08:00 ] ::1 /trainer/index.php/Home/Index/getSignup.html
INFO: [ app_init ] --START--
INFO: Run Behavior\BuildLiteBehavior [ RunTime:0.000031s ]
INFO: [ app_init ] --END-- [ RunTime:0.000576s ]
INFO: [ app_begin ] --START--
INFO: Run Behavior\ReadHtmlCacheBehavior [ RunTime:0.002219s ]
INFO: [ app_begin ] --END-- [ RunTime:0.002437s ]
INFO: [ view_parse ] --START--
INFO: [ template_filter ] --START--
INFO: Run Behavior\ContentReplaceBehavior [ RunTime:0.000093s ]
INFO: [ template_filter ] --END-- [ RunTime:0.000218s ]
INFO: Run Behavior\ParseTemplateBehavior [ RunTime:0.010519s ]
INFO: [ view_parse ] --END-- [ RunTime:0.010747s ]
INFO: [ view_filter ] --START--
INFO: Run Behavior\WriteHtmlCacheBehavior [ RunTime:0.001120s ]
INFO: [ view_filter ] --END-- [ RunTime:0.001271s ]
INFO: [ app_end ] --START--
INFO: Run Behavior\ShowPageTraceBehavior [ RunTime:0.001097s ]
INFO: [ app_end ] --END-- [ RunTime:0.001213s ]

[ 2017-02-07T22:28:05+08:00 ] ::1 /trainer/index.php/Home/Index/getSignup.html
INFO: [ app_init ] --START--
INFO: Run Behavior\BuildLiteBehavior [ RunTime:0.000033s ]
INFO: [ app_init ] --END-- [ RunTime:0.000647s ]
INFO: [ app_begin ] --START--
INFO: Run Behavior\ReadHtmlCacheBehavior [ RunTime:0.001052s ]
INFO: [ app_begin ] --END-- [ RunTime:0.001182s ]
INFO: [ view_parse ] --START--
INFO: [ template_filter ] --START--
INFO: Run Behavior\ContentReplaceBehavior [ RunTime:0.000110s ]
INFO: [ template_filter ] --END-- [ RunTime:0.000298s ]
INFO: Run Behavior\ParseTemplateBehavior [ RunTime:0.010757s ]
INFO: [ view_parse ] --END-- [ RunTime:0.010900s ]
INFO: [ view_filter ] --START--
INFO: Run Behavior\WriteHtmlCacheBehavior [ RunTime:0.000689s ]
INFO: [ view_filter ] --END-- [ RunTime:0.000807s ]
INFO: [ app_end ] --START--
INFO: Run Behavior\ShowPageTraceBehavior [ RunTime:0.001064s ]
INFO: [ app_end ] --END-- [ RunTime:0.001185s ]

[ 2017-02-07T22:28:11+08:00 ] ::1 /trainer/index.php/Home/Index/test
INFO: [ app_init ] --START--
INFO: Run Behavior\BuildLiteBehavior [ RunTime:0.000032s ]
INFO: [ app_init ] --END-- [ RunTime:0.000569s ]
INFO: [ app_begin ] --START--
INFO: Run Behavior\ReadHtmlCacheBehavior [ RunTime:0.000961s ]
INFO: [ app_begin ] --END-- [ RunTime:0.001076s ]
INFO: [ view_parse ] --START--
INFO: [ template_filter ] --START--
INFO: Run Behavior\ContentReplaceBehavior [ RunTime:0.000080s ]
INFO: [ template_filter ] --END-- [ RunTime:0.000202s ]
INFO: Run Behavior\ParseTemplateBehavior [ RunTime:0.014243s ]
INFO: [ view_parse ] --END-- [ RunTime:0.014389s ]
INFO: [ view_filter ] --START--
INFO: Run Behavior\WriteHtmlCacheBehavior [ RunTime:0.000840s ]
INFO: [ view_filter ] --END-- [ RunTime:0.000959s ]
INFO: [ app_end ] --START--
INFO: Run Behavior\ShowPageTraceBehavior [ RunTime:0.001131s ]
INFO: [ app_end ] --END-- [ RunTime:0.001267s ]

[ 2017-02-07T22:28:31+08:00 ] 127.0.0.1 /trainer/index.php/Home/Index/test
INFO: [ app_init ] --START--
INFO: Run Behavior\BuildLiteBehavior [ RunTime:0.000031s ]
INFO: [ app_init ] --END-- [ RunTime:0.000552s ]
INFO: [ app_begin ] --START--
INFO: Run Behavior\ReadHtmlCacheBehavior [ RunTime:0.001286s ]
INFO: [ app_begin ] --END-- [ RunTime:0.001419s ]
INFO: [ view_parse ] --START--
INFO: [ template_filter ] --START--
INFO: Run Behavior\ContentReplaceBehavior [ RunTime:0.000079s ]
INFO: [ template_filter ] --END-- [ RunTime:0.000195s ]
INFO: Run Behavior\ParseTemplateBehavior [ RunTime:0.009691s ]
INFO: [ view_parse ] --END-- [ RunTime:0.009819s ]
INFO: [ view_filter ] --START--
INFO: Run Behavior\WriteHtmlCacheBehavior [ RunTime:0.000675s ]
INFO: [ view_filter ] --END-- [ RunTime:0.000811s ]
INFO: [ app_end ] --START--
INFO: Run Behavior\ShowPageTraceBehavior [ RunTime:0.000942s ]
INFO: [ app_end ] --END-- [ RunTime:0.001101s ]

[ 2017-02-07T22:28:38+08:00 ] 127.0.0.1 /trainer/index.php/Home/Index/test
INFO: [ app_init ] --START--
INFO: Run Behavior\BuildLiteBehavior [ RunTime:0.000031s ]
INFO: [ app_init ] --END-- [ RunTime:0.000562s ]
INFO: [ app_begin ] --START--
INFO: Run Behavior\ReadHtmlCacheBehavior [ RunTime:0.000957s ]
INFO: [ app_begin ] --END-- [ RunTime:0.001076s ]
INFO: [ view_parse ] --START--
INFO: [ template_filter ] --START--
INFO: Run Behavior\ContentReplaceBehavior [ RunTime:0.000081s ]
INFO: [ template_filter ] --END-- [ RunTime:0.000199s ]
INFO: Run Behavior\ParseTemplateBehavior [ RunTime:0.010177s ]
INFO: [ view_parse ] --END-- [ RunTime:0.010308s ]
INFO: [ view_filter ] --START--
INFO: Run Behavior\WriteHtmlCacheBehavior [ RunTime:0.000694s ]
INFO: [ view_filter ] --END-- [ RunTime:0.000804s ]
INFO: [ app_end ] --START--
INFO: Run Behavior\ShowPageTraceBehavior [ RunTime:0.001077s ]
INFO: [ app_end ] --END-- [ RunTime:0.001203s ]

[ 2017-02-07T22:28:44+08:00 ] 127.0.0.1 /trainer/index.php/Home/Index/test
INFO: [ app_init ] --START--
INFO: Run Behavior\BuildLiteBehavior [ RunTime:0.000032s ]
INFO: [ app_init ] --END-- [ RunTime:0.000592s ]
INFO: [ app_begin ] --START--
INFO: Run Behavior\ReadHtmlCacheBehavior [ RunTime:0.000991s ]
INFO: [ app_begin ] --END-- [ RunTime:0.001118s ]
INFO: [ view_parse ] --START--
INFO: [ template_filter ] --START--
INFO: Run Behavior\ContentReplaceBehavior [ RunTime:0.000087s ]
INFO: [ template_filter ] --END-- [ RunTime:0.000211s ]
INFO: Run Behavior\ParseTemplateBehavior [ RunTime:0.010344s ]
INFO: [ view_parse ] --END-- [ RunTime:0.010473s ]
INFO: [ view_filter ] --START--
INFO: Run Behavior\WriteHtmlCacheBehavior [ RunTime:0.000679s ]
INFO: [ view_filter ] --END-- [ RunTime:0.000785s ]
INFO: [ app_end ] --START--
INFO: Run Behavior\ShowPageTraceBehavior [ RunTime:0.001104s ]
INFO: [ app_end ] --END-- [ RunTime:0.001215s ]

[ 2017-02-07T22:28:46+08:00 ] 127.0.0.1 /trainer/index.php/Home/Index/test
INFO: [ app_init ] --START--
INFO: Run Behavior\BuildLiteBehavior [ RunTime:0.000055s ]
INFO: [ app_init ] --END-- [ RunTime:0.000998s ]
INFO: [ app_begin ] --START--
INFO: Run Behavior\ReadHtmlCacheBehavior [ RunTime:0.001693s ]
INFO: [ app_begin ] --END-- [ RunTime:0.001936s ]
INFO: [ view_parse ] --START--
INFO: [ template_filter ] --START--
INFO: Run Behavior\ContentReplaceBehavior [ RunTime:0.000131s ]
INFO: [ template_filter ] --END-- [ RunTime:0.000333s ]
INFO: Run Behavior\ParseTemplateBehavior [ RunTime:0.012189s ]
INFO: [ view_parse ] --END-- [ RunTime:0.012366s ]
INFO: [ view_filter ] --START--
INFO: Run Behavior\WriteHtmlCacheBehavior [ RunTime:0.000795s ]
INFO: [ view_filter ] --END-- [ RunTime:0.000915s ]
INFO: [ app_end ] --START--
INFO: Run Behavior\ShowPageTraceBehavior [ RunTime:0.001013s ]
INFO: [ app_end ] --END-- [ RunTime:0.001124s ]

[ 2017-02-07T22:33:14+08:00 ] 127.0.0.1 /trainer/index.php/Home/Index/test
INFO: [ app_init ] --START--
INFO: Run Behavior\BuildLiteBehavior [ RunTime:0.000033s ]
INFO: [ app_init ] --END-- [ RunTime:0.000578s ]
INFO: [ app_begin ] --START--
INFO: Run Behavior\ReadHtmlCacheBehavior [ RunTime:0.000982s ]
INFO: [ app_begin ] --END-- [ RunTime:0.001105s ]
INFO: [ view_parse ] --START--
INFO: [ template_filter ] --START--
INFO: Run Behavior\ContentReplaceBehavior [ RunTime:0.000082s ]
INFO: [ template_filter ] --END-- [ RunTime:0.000222s ]
INFO: Run Behavior\ParseTemplateBehavior [ RunTime:0.010043s ]
INFO: [ view_parse ] --END-- [ RunTime:0.010439s ]
INFO: [ view_filter ] --START--
INFO: Run Behavior\WriteHtmlCacheBehavior [ RunTime:0.000733s ]
INFO: [ view_filter ] --END-- [ RunTime:0.000851s ]
INFO: [ app_end ] --START--
INFO: Run Behavior\ShowPageTraceBehavior [ RunTime:0.000972s ]
INFO: [ app_end ] --END-- [ RunTime:0.001080s ]

[ 2017-02-07T23:01:01+08:00 ] 127.0.0.1 /trainer/index.php/Home/Index/test
INFO: [ app_init ] --START--
INFO: Run Behavior\BuildLiteBehavior [ RunTime:0.000038s ]
INFO: [ app_init ] --END-- [ RunTime:0.014715s ]
INFO: [ app_begin ] --START--
INFO: Run Behavior\ReadHtmlCacheBehavior [ RunTime:0.019377s ]
INFO: [ app_begin ] --END-- [ RunTime:0.019542s ]
INFO: [ view_parse ] --START--
INFO: [ template_filter ] --START--
INFO: Run Behavior\ContentReplaceBehavior [ RunTime:0.000087s ]
INFO: [ template_filter ] --END-- [ RunTime:0.000209s ]
INFO: Run Behavior\ParseTemplateBehavior [ RunTime:0.063644s ]
INFO: [ view_parse ] --END-- [ RunTime:0.063799s ]
INFO: [ view_filter ] --START--
INFO: Run Behavior\WriteHtmlCacheBehavior [ RunTime:0.020664s ]
INFO: [ view_filter ] --END-- [ RunTime:0.020797s ]
INFO: [ app_end ] --START--
INFO: Run Behavior\ShowPageTraceBehavior [ RunTime:0.010630s ]
INFO: [ app_end ] --END-- [ RunTime:0.010766s ]

