[ 2017-04-24T00:01:43+08:00 ] ::1 /trainer/index.php/Home/Index/test
INFO: [ app_init ] --START--
INFO: Run Behavior\BuildLiteBehavior [ RunTime:0.000019s ]
INFO: [ app_init ] --END-- [ RunTime:0.000326s ]
INFO: [ app_begin ] --START--
INFO: Run Behavior\ReadHtmlCacheBehavior [ RunTime:0.000901s ]
INFO: [ app_begin ] --END-- [ RunTime:0.001063s ]
INFO: [ view_parse ] --START--
INFO: [ template_filter ] --START--
INFO: Run Behavior\ContentReplaceBehavior [ RunTime:0.000053s ]
INFO: [ template_filter ] --END-- [ RunTime:0.000143s ]
INFO: Run Behavior\ParseTemplateBehavior [ RunTime:0.006047s ]
INFO: [ view_parse ] --END-- [ RunTime:0.006115s ]
INFO: [ view_filter ] --START--
INFO: Run Behavior\WriteHtmlCacheBehavior [ RunTime:0.000361s ]
INFO: [ view_filter ] --END-- [ RunTime:0.000414s ]
INFO: [ app_end ] --START--
INFO: Run Behavior\ShowPageTraceBehavior [ RunTime:0.000580s ]
INFO: [ app_end ] --END-- [ RunTime:0.000638s ]

[ 2017-04-24T00:03:39+08:00 ] ::1 /trainer/index.php/Home/Index/test
INFO: [ app_init ] --START--
INFO: Run Behavior\BuildLiteBehavior [ RunTime:0.000024s ]
INFO: [ app_init ] --END-- [ RunTime:0.000418s ]
INFO: [ app_begin ] --START--
INFO: Run Behavior\ReadHtmlCacheBehavior [ RunTime:0.001050s ]
INFO: [ app_begin ] --END-- [ RunTime:0.001184s ]
INFO: [ view_parse ] --START--
INFO: [ template_filter ] --START--
INFO: Run Behavior\ContentReplaceBehavior [ RunTime:0.000050s ]
INFO: [ template_filter ] --END-- [ RunTime:0.000137s ]
INFO: Run Behavior\ParseTemplateBehavior [ RunTime:0.006724s ]
INFO: [ view_parse ] --END-- [ RunTime:0.006825s ]
INFO: [ view_filter ] --START--
INFO: Run Behavior\WriteHtmlCacheBehavior [ RunTime:0.000349s ]
INFO: [ view_filter ] --END-- [ RunTime:0.000403s ]
INFO: [ app_end ] --START--
INFO: Run Behavior\ShowPageTraceBehavior [ RunTime:0.000480s ]
INFO: [ app_end ] --END-- [ RunTime:0.000536s ]

[ 2017-04-24T00:04:46+08:00 ] ::1 /trainer/index.php/Home/Index/test
INFO: [ app_init ] --START--
INFO: Run Behavior\BuildLiteBehavior [ RunTime:0.000031s ]
INFO: [ app_init ] --END-- [ RunTime:0.000533s ]
INFO: [ app_begin ] --START--
INFO: Run Behavior\ReadHtmlCacheBehavior [ RunTime:0.001740s ]
INFO: [ app_begin ] --END-- [ RunTime:0.001920s ]
INFO: [ view_parse ] --START--
INFO: [ template_filter ] --START--
INFO: Run Behavior\ContentReplaceBehavior [ RunTime:0.000051s ]
INFO: [ template_filter ] --END-- [ RunTime:0.000136s ]
INFO: Run Behavior\ParseTemplateBehavior [ RunTime:0.007564s ]
INFO: [ view_parse ] --END-- [ RunTime:0.007661s ]
INFO: [ view_filter ] --START--
INFO: Run Behavior\WriteHtmlCacheBehavior [ RunTime:0.000330s ]
INFO: [ view_filter ] --END-- [ RunTime:0.000388s ]
INFO: [ app_end ] --START--
INFO: Run Behavior\ShowPageTraceBehavior [ RunTime:0.000489s ]
INFO: [ app_end ] --END-- [ RunTime:0.000609s ]

[ 2017-04-24T00:05:40+08:00 ] ::1 /trainer/index.php/Home/Index/test
INFO: [ app_init ] --START--
INFO: Run Behavior\BuildLiteBehavior [ RunTime:0.000036s ]
INFO: [ app_init ] --END-- [ RunTime:0.000674s ]
INFO: [ app_begin ] --START--
INFO: Run Behavior\ReadHtmlCacheBehavior [ RunTime:0.001086s ]
INFO: [ app_begin ] --END-- [ RunTime:0.001225s ]
INFO: [ view_parse ] --START--
INFO: [ template_filter ] --START--
INFO: Run Behavior\ContentReplaceBehavior [ RunTime:0.000101s ]
INFO: [ template_filter ] --END-- [ RunTime:0.000277s ]
INFO: Run Behavior\ParseTemplateBehavior [ RunTime:0.012008s ]
INFO: [ view_parse ] --END-- [ RunTime:0.012157s ]
INFO: [ view_filter ] --START--
INFO: Run Behavior\WriteHtmlCacheBehavior [ RunTime:0.000681s ]
INFO: [ view_filter ] --END-- [ RunTime:0.000803s ]
INFO: [ app_end ] --START--
INFO: Run Behavior\ShowPageTraceBehavior [ RunTime:0.001169s ]
INFO: [ app_end ] --END-- [ RunTime:0.001400s ]

[ 2017-04-24T00:06:12+08:00 ] ::1 /trainer/index.php/Home/Index/test
INFO: [ app_init ] --START--
INFO: Run Behavior\BuildLiteBehavior [ RunTime:0.000029s ]
INFO: [ app_init ] --END-- [ RunTime:0.000529s ]
INFO: [ app_begin ] --START--
INFO: Run Behavior\ReadHtmlCacheBehavior [ RunTime:0.000846s ]
INFO: [ app_begin ] --END-- [ RunTime:0.000956s ]
INFO: [ view_parse ] --START--
INFO: [ template_filter ] --START--
INFO: Run Behavior\ContentReplaceBehavior [ RunTime:0.000058s ]
INFO: [ template_filter ] --END-- [ RunTime:0.000160s ]
INFO: Run Behavior\ParseTemplateBehavior [ RunTime:0.006851s ]
INFO: [ view_parse ] --END-- [ RunTime:0.006946s ]
INFO: [ view_filter ] --START--
INFO: Run Behavior\WriteHtmlCacheBehavior [ RunTime:0.000359s ]
INFO: [ view_filter ] --END-- [ RunTime:0.000422s ]
INFO: [ app_end ] --START--
INFO: Run Behavior\ShowPageTraceBehavior [ RunTime:0.000560s ]
INFO: [ app_end ] --END-- [ RunTime:0.000626s ]

[ 2017-04-24T00:17:44+08:00 ] ::1 /trainer/index.php/Home/Index/test
INFO: [ app_init ] --START--
INFO: Run Behavior\BuildLiteBehavior [ RunTime:0.000017s ]
INFO: [ app_init ] --END-- [ RunTime:0.000301s ]
INFO: [ app_begin ] --START--
INFO: Run Behavior\ReadHtmlCacheBehavior [ RunTime:0.000470s ]
INFO: [ app_begin ] --END-- [ RunTime:0.000531s ]
INFO: [ view_parse ] --START--
INFO: [ template_filter ] --START--
INFO: Run Behavior\ContentReplaceBehavior [ RunTime:0.000044s ]
INFO: [ template_filter ] --END-- [ RunTime:0.000119s ]
NOTIC: [8] Undefined variable: error E:\wamp\www\trainer\Application\Runtime\Cache\Home\b677e772227aa20472e3ad97d4150dbc.php 第 25 行.
INFO: Run Behavior\ParseTemplateBehavior [ RunTime:0.005765s ]
INFO: [ view_parse ] --END-- [ RunTime:0.005824s ]
INFO: [ view_filter ] --START--
INFO: Run Behavior\WriteHtmlCacheBehavior [ RunTime:0.000363s ]
INFO: [ view_filter ] --END-- [ RunTime:0.000448s ]
INFO: [ app_end ] --START--
INFO: Run Behavior\ShowPageTraceBehavior [ RunTime:0.000538s ]
INFO: [ app_end ] --END-- [ RunTime:0.000599s ]

[ 2017-04-24T00:19:02+08:00 ] ::1 /trainer/index.php/Home/Index/test
INFO: [ app_init ] --START--
INFO: Run Behavior\BuildLiteBehavior [ RunTime:0.000037s ]
INFO: [ app_init ] --END-- [ RunTime:0.000537s ]
INFO: [ app_begin ] --START--
INFO: Run Behavior\ReadHtmlCacheBehavior [ RunTime:0.000848s ]
INFO: [ app_begin ] --END-- [ RunTime:0.000959s ]
INFO: [ view_parse ] --START--
INFO: [ template_filter ] --START--
INFO: Run Behavior\ContentReplaceBehavior [ RunTime:0.000052s ]
INFO: [ template_filter ] --END-- [ RunTime:0.000142s ]
INFO: Run Behavior\ParseTemplateBehavior [ RunTime:0.009794s ]
INFO: [ view_parse ] --END-- [ RunTime:0.009882s ]
INFO: [ view_filter ] --START--
INFO: Run Behavior\WriteHtmlCacheBehavior [ RunTime:0.000342s ]
INFO: [ view_filter ] --END-- [ RunTime:0.000401s ]
INFO: [ app_end ] --START--
INFO: Run Behavior\ShowPageTraceBehavior [ RunTime:0.000532s ]
INFO: [ app_end ] --END-- [ RunTime:0.000594s ]

[ 2017-04-24T00:19:28+08:00 ] ::1 /trainer/index.php/Home/Index/test
INFO: [ app_init ] --START--
INFO: Run Behavior\BuildLiteBehavior [ RunTime:0.000023s ]
INFO: [ app_init ] --END-- [ RunTime:0.000503s ]
INFO: [ app_begin ] --START--
INFO: Run Behavior\ReadHtmlCacheBehavior [ RunTime:0.000640s ]
INFO: [ app_begin ] --END-- [ RunTime:0.000721s ]
INFO: [ view_parse ] --START--
INFO: [ template_filter ] --START--
INFO: Run Behavior\ContentReplaceBehavior [ RunTime:0.000060s ]
INFO: [ template_filter ] --END-- [ RunTime:0.000166s ]
INFO: Run Behavior\ParseTemplateBehavior [ RunTime:0.007657s ]
INFO: [ view_parse ] --END-- [ RunTime:0.007744s ]
INFO: [ view_filter ] --START--
INFO: Run Behavior\WriteHtmlCacheBehavior [ RunTime:0.000447s ]
INFO: [ view_filter ] --END-- [ RunTime:0.000593s ]
INFO: [ app_end ] --START--
INFO: Run Behavior\ShowPageTraceBehavior [ RunTime:0.000639s ]
INFO: [ app_end ] --END-- [ RunTime:0.000713s ]

[ 2017-04-24T00:31:09+08:00 ] ::1 /trainer/index.php/Home/Index/advice.html
INFO: [ app_init ] --START--
INFO: Run Behavior\BuildLiteBehavior [ RunTime:0.000050s ]
INFO: [ app_init ] --END-- [ RunTime:0.000757s ]
INFO: [ app_begin ] --START--
INFO: Run Behavior\ReadHtmlCacheBehavior [ RunTime:0.000499s ]
INFO: [ app_begin ] --END-- [ RunTime:0.000569s ]

[ 2017-04-24T00:31:28+08:00 ] ::1 /trainer/index.php/Home/Index/advice.html
INFO: [ app_init ] --START--
INFO: Run Behavior\BuildLiteBehavior [ RunTime:0.000039s ]
INFO: [ app_init ] --END-- [ RunTime:0.000810s ]
INFO: [ app_begin ] --START--
INFO: Run Behavior\ReadHtmlCacheBehavior [ RunTime:0.001149s ]
INFO: [ app_begin ] --END-- [ RunTime:0.001299s ]
SQL: SHOW COLUMNS FROM `trainer_user` [ RunTime:0.0107s ]
SQL: SELECT `username` FROM `trainer_user` WHERE ( openid = "myopenid_djjasjdjas" and status=1  ) ORDER BY ID desc LIMIT 1   [ RunTime:0.0014s ]
SQL: SHOW COLUMNS FROM `trainer_advice` [ RunTime:0.0083s ]
SQL: SELECT * FROM `trainer_advice` WHERE ( openid = "myopenid_djjasjdjas" and status=1  ) ORDER BY ID desc LIMIT 1   [ RunTime:0.0005s ]
INFO: [ view_parse ] --START--
INFO: [ template_filter ] --START--
INFO: Run Behavior\ContentReplaceBehavior [ RunTime:0.000085s ]
INFO: [ template_filter ] --END-- [ RunTime:0.000193s ]
INFO: Run Behavior\ParseTemplateBehavior [ RunTime:0.008153s ]
INFO: [ view_parse ] --END-- [ RunTime:0.008246s ]
INFO: [ view_filter ] --START--
INFO: Run Behavior\WriteHtmlCacheBehavior [ RunTime:0.000422s ]
INFO: [ view_filter ] --END-- [ RunTime:0.000498s ]

[ 2017-04-24T00:32:47+08:00 ] ::1 /trainer/index.php/Home/Index/advice.html
INFO: [ app_init ] --START--
INFO: Run Behavior\BuildLiteBehavior [ RunTime:0.000016s ]
INFO: [ app_init ] --END-- [ RunTime:0.000287s ]
INFO: [ app_begin ] --START--
INFO: Run Behavior\ReadHtmlCacheBehavior [ RunTime:0.000469s ]
INFO: [ app_begin ] --END-- [ RunTime:0.000533s ]
SQL: SHOW COLUMNS FROM `trainer_user` [ RunTime:0.0043s ]
SQL: SELECT `username` FROM `trainer_user` WHERE ( openid = "myopenid_djjasjdjas" and status=1  ) ORDER BY ID desc LIMIT 1   [ RunTime:0.0003s ]
SQL: SHOW COLUMNS FROM `trainer_advice` [ RunTime:0.0049s ]
SQL: SELECT * FROM `trainer_advice` WHERE ( openid = "myopenid_djjasjdjas" and status=1  ) ORDER BY ID desc LIMIT 1   [ RunTime:0.0004s ]
INFO: [ view_parse ] --START--
INFO: [ template_filter ] --START--
INFO: Run Behavior\ContentReplaceBehavior [ RunTime:0.000048s ]
INFO: [ template_filter ] --END-- [ RunTime:0.000121s ]
INFO: Run Behavior\ParseTemplateBehavior [ RunTime:0.005875s ]
INFO: [ view_parse ] --END-- [ RunTime:0.005943s ]
INFO: [ view_filter ] --START--
INFO: Run Behavior\WriteHtmlCacheBehavior [ RunTime:0.000369s ]
INFO: [ view_filter ] --END-- [ RunTime:0.000427s ]

[ 2017-04-24T00:33:22+08:00 ] ::1 /trainer/index.php/Home/Index/advice.html
INFO: [ app_init ] --START--
INFO: Run Behavior\BuildLiteBehavior [ RunTime:0.000022s ]
INFO: [ app_init ] --END-- [ RunTime:0.000392s ]
INFO: [ app_begin ] --START--
INFO: Run Behavior\ReadHtmlCacheBehavior [ RunTime:0.000746s ]
INFO: [ app_begin ] --END-- [ RunTime:0.000857s ]
SQL: SHOW COLUMNS FROM `trainer_user` [ RunTime:0.0057s ]
SQL: SELECT `username` FROM `trainer_user` WHERE ( openid = "myopenid_djjasjdjas" and status=1  ) ORDER BY ID desc LIMIT 1   [ RunTime:0.0003s ]
NOTIC: [8] Undefined variable: invoice E:\wamp\www\trainer\Application\Home\Controller\IndexController.class.php 第 404 行.

[ 2017-04-24T00:33:44+08:00 ] ::1 /trainer/index.php/Home/Index/advice.html
INFO: [ app_init ] --START--
INFO: Run Behavior\BuildLiteBehavior [ RunTime:0.000017s ]
INFO: [ app_init ] --END-- [ RunTime:0.000405s ]
INFO: [ app_begin ] --START--
INFO: Run Behavior\ReadHtmlCacheBehavior [ RunTime:0.000632s ]
INFO: [ app_begin ] --END-- [ RunTime:0.000795s ]
SQL: SHOW COLUMNS FROM `trainer_user` [ RunTime:0.0068s ]
SQL: SELECT `username` FROM `trainer_user` WHERE ( openid = "myopenid_djjasjdjas" and status=1  ) ORDER BY ID desc LIMIT 1   [ RunTime:0.0003s ]
SQL: SELECT `username` FROM `trainer_user` WHERE ( openid = "myopenid_djjasjdjas" and status=1  ) ORDER BY ID desc LIMIT 1   [ RunTime:0.0003s ]
INFO: [ view_parse ] --START--
INFO: [ template_filter ] --START--
INFO: Run Behavior\ContentReplaceBehavior [ RunTime:0.000048s ]
INFO: [ template_filter ] --END-- [ RunTime:0.000124s ]
INFO: Run Behavior\ParseTemplateBehavior [ RunTime:0.007297s ]
INFO: [ view_parse ] --END-- [ RunTime:0.007415s ]
INFO: [ view_filter ] --START--
INFO: Run Behavior\WriteHtmlCacheBehavior [ RunTime:0.000310s ]
INFO: [ view_filter ] --END-- [ RunTime:0.000371s ]

[ 2017-04-24T00:37:27+08:00 ] ::1 /trainer/index.php/Home/Index/advice.html
INFO: [ app_init ] --START--
INFO: Run Behavior\BuildLiteBehavior [ RunTime:0.000018s ]
INFO: [ app_init ] --END-- [ RunTime:0.000365s ]
INFO: [ app_begin ] --START--
INFO: Run Behavior\ReadHtmlCacheBehavior [ RunTime:0.000554s ]
INFO: [ app_begin ] --END-- [ RunTime:0.000626s ]
SQL: SHOW COLUMNS FROM `trainer_user` [ RunTime:0.0072s ]
SQL: SELECT `username` FROM `trainer_user` WHERE ( openid = "myopenid_djjasjdjas" and status=1  ) ORDER BY ID desc LIMIT 1   [ RunTime:0.0004s ]
SQL: SELECT `username` FROM `trainer_user` WHERE ( openid = "myopenid_djjasjdjas" and status=1  ) ORDER BY ID desc LIMIT 1   [ RunTime:0.0002s ]
INFO: [ view_parse ] --START--
INFO: [ template_filter ] --START--
INFO: Run Behavior\ContentReplaceBehavior [ RunTime:0.000053s ]
INFO: [ template_filter ] --END-- [ RunTime:0.000144s ]
INFO: Run Behavior\ParseTemplateBehavior [ RunTime:0.006549s ]
INFO: [ view_parse ] --END-- [ RunTime:0.006628s ]
INFO: [ view_filter ] --START--
INFO: Run Behavior\WriteHtmlCacheBehavior [ RunTime:0.000346s ]
INFO: [ view_filter ] --END-- [ RunTime:0.000413s ]

[ 2017-04-24T00:37:45+08:00 ] ::1 /trainer/
INFO: [ app_init ] --START--
INFO: Run Behavior\BuildLiteBehavior [ RunTime:0.000018s ]
INFO: [ app_init ] --END-- [ RunTime:0.000352s ]
INFO: [ app_begin ] --START--
INFO: Run Behavior\ReadHtmlCacheBehavior [ RunTime:0.000601s ]
INFO: [ app_begin ] --END-- [ RunTime:0.000688s ]
SQL: SHOW COLUMNS FROM `trainer_user` [ RunTime:0.0069s ]
SQL: SELECT * FROM `trainer_user` WHERE ( openid = "myopenid_djjasjdjas" and status=1  ) ORDER BY ID desc LIMIT 1   [ RunTime:0.0003s ]
INFO: [ view_parse ] --START--
INFO: [ template_filter ] --START--
INFO: Run Behavior\ContentReplaceBehavior [ RunTime:0.000045s ]
INFO: [ template_filter ] --END-- [ RunTime:0.000170s ]
INFO: Run Behavior\ParseTemplateBehavior [ RunTime:0.006922s ]
INFO: [ view_parse ] --END-- [ RunTime:0.007000s ]
INFO: [ view_filter ] --START--
INFO: Run Behavior\WriteHtmlCacheBehavior [ RunTime:0.001051s ]
INFO: [ view_filter ] --END-- [ RunTime:0.001272s ]
INFO: [ app_end ] --START--
INFO: Run Behavior\ShowPageTraceBehavior [ RunTime:0.000684s ]
INFO: [ app_end ] --END-- [ RunTime:0.000808s ]

[ 2017-04-24T00:37:57+08:00 ] ::1 /trainer/index.php/Home/Index/index.html
INFO: [ app_init ] --START--
INFO: Run Behavior\BuildLiteBehavior [ RunTime:0.000018s ]
INFO: [ app_init ] --END-- [ RunTime:0.000718s ]
INFO: [ app_begin ] --START--
INFO: Run Behavior\ReadHtmlCacheBehavior [ RunTime:0.000491s ]
INFO: [ app_begin ] --END-- [ RunTime:0.000556s ]
SQL: SHOW COLUMNS FROM `trainer_user` [ RunTime:0.0042s ]
SQL: SELECT * FROM `trainer_user` WHERE ( openid = "myopenid_djjasjdjas" and status=1  ) ORDER BY ID desc LIMIT 1   [ RunTime:0.0004s ]
SQL: INSERT INTO `trainer_user` (`companyName`,`userName`,`userSex`,`userTel`,`userStation`,`userJob`,`userRoom`,`openid`,`time`,`ip`,`status`) VALUES ('水电费','发生的','男','18812345678','大大','丰富','我要单住','myopenid_djjasjdjas','2017-04-24 00:37:57','0.0.0.0','1') [ RunTime:0.0492s ]
INFO: [ view_parse ] --START--
INFO: [ template_filter ] --START--
INFO: Run Behavior\ContentReplaceBehavior [ RunTime:0.000129s ]
INFO: [ template_filter ] --END-- [ RunTime:0.000364s ]
NOTIC: [8] Undefined variable: error E:\wamp\www\trainer\Application\Runtime\Cache\Home\b677e772227aa20472e3ad97d4150dbc.php 第 25 行.
INFO: Run Behavior\ParseTemplateBehavior [ RunTime:0.016718s ]
INFO: [ view_parse ] --END-- [ RunTime:0.016909s ]
INFO: [ view_filter ] --START--
INFO: Run Behavior\WriteHtmlCacheBehavior [ RunTime:0.000837s ]
INFO: [ view_filter ] --END-- [ RunTime:0.000996s ]

[ 2017-04-24T00:38:06+08:00 ] ::1 /trainer/index.php/Home/Index/advice.html
INFO: [ app_init ] --START--
INFO: Run Behavior\BuildLiteBehavior [ RunTime:0.000024s ]
INFO: [ app_init ] --END-- [ RunTime:0.000442s ]
INFO: [ app_begin ] --START--
INFO: Run Behavior\ReadHtmlCacheBehavior [ RunTime:0.000704s ]
INFO: [ app_begin ] --END-- [ RunTime:0.000800s ]
SQL: SHOW COLUMNS FROM `trainer_user` [ RunTime:0.0072s ]
SQL: SELECT `username` FROM `trainer_user` WHERE ( openid = "myopenid_djjasjdjas" and status=1  ) ORDER BY ID desc LIMIT 1   [ RunTime:0.0004s ]
SQL: SHOW COLUMNS FROM `trainer_advice` [ RunTime:0.0054s ]
SQL: SELECT * FROM `trainer_advice` WHERE ( openid = "myopenid_djjasjdjas" and status=1  ) ORDER BY ID desc LIMIT 1   [ RunTime:0.0004s ]
INFO: [ view_parse ] --START--
INFO: [ template_filter ] --START--
INFO: Run Behavior\ContentReplaceBehavior [ RunTime:0.000064s ]
INFO: [ template_filter ] --END-- [ RunTime:0.000167s ]
INFO: Run Behavior\ParseTemplateBehavior [ RunTime:0.008925s ]
INFO: [ view_parse ] --END-- [ RunTime:0.009032s ]
INFO: [ view_filter ] --START--
INFO: Run Behavior\WriteHtmlCacheBehavior [ RunTime:0.000441s ]
INFO: [ view_filter ] --END-- [ RunTime:0.000531s ]

[ 2017-04-24T00:38:33+08:00 ] ::1 /trainer/index.php/Home/Index/advice.html
INFO: [ app_init ] --START--
INFO: Run Behavior\BuildLiteBehavior [ RunTime:0.000016s ]
INFO: [ app_init ] --END-- [ RunTime:0.000313s ]
INFO: [ app_begin ] --START--
INFO: Run Behavior\ReadHtmlCacheBehavior [ RunTime:0.000507s ]
INFO: [ app_begin ] --END-- [ RunTime:0.000570s ]
SQL: SHOW COLUMNS FROM `trainer_user` [ RunTime:0.0057s ]
SQL: SELECT `username` FROM `trainer_user` WHERE ( openid = "myopenid_djjasjdjas" and status=1  ) ORDER BY ID desc LIMIT 1   [ RunTime:0.0004s ]
SQL: SHOW COLUMNS FROM `trainer_advice` [ RunTime:0.0047s ]
SQL: SELECT * FROM `trainer_advice` WHERE ( openid = "myopenid_djjasjdjas" and status=1  ) ORDER BY ID desc LIMIT 1   [ RunTime:0.0004s ]
NOTIC: [8] Array to string conversion E:\wamp\www\trainer\ThinkPHP\Library\Vendor\PhpFormBuilder\PhpFormBuilder.php 第 277 行.
INFO: [ view_parse ] --START--
INFO: [ template_filter ] --START--
INFO: Run Behavior\ContentReplaceBehavior [ RunTime:0.000087s ]
INFO: [ template_filter ] --END-- [ RunTime:0.000231s ]
INFO: Run Behavior\ParseTemplateBehavior [ RunTime:0.006460s ]
INFO: [ view_parse ] --END-- [ RunTime:0.006541s ]
INFO: [ view_filter ] --START--
INFO: Run Behavior\WriteHtmlCacheBehavior [ RunTime:0.000306s ]
INFO: [ view_filter ] --END-- [ RunTime:0.000359s ]
INFO: [ app_end ] --START--
INFO: Run Behavior\ShowPageTraceBehavior [ RunTime:0.000493s ]
INFO: [ app_end ] --END-- [ RunTime:0.000569s ]

[ 2017-04-24T00:38:48+08:00 ] ::1 /trainer/index.php/Home/Index/advice.html
INFO: [ app_init ] --START--
INFO: Run Behavior\BuildLiteBehavior [ RunTime:0.000016s ]
INFO: [ app_init ] --END-- [ RunTime:0.000349s ]
INFO: [ app_begin ] --START--
INFO: Run Behavior\ReadHtmlCacheBehavior [ RunTime:0.000499s ]
INFO: [ app_begin ] --END-- [ RunTime:0.000579s ]
SQL: SHOW COLUMNS FROM `trainer_user` [ RunTime:0.0074s ]
SQL: SELECT `username` FROM `trainer_user` WHERE ( openid = "myopenid_djjasjdjas" and status=1  ) ORDER BY ID desc LIMIT 1   [ RunTime:0.0004s ]
SQL: SHOW COLUMNS FROM `trainer_advice` [ RunTime:0.0046s ]
SQL: SELECT * FROM `trainer_advice` WHERE ( openid = "myopenid_djjasjdjas" and status=1  ) ORDER BY ID desc LIMIT 1   [ RunTime:0.0003s ]
SQL: INSERT INTO `trainer_advice` (`userName`,`adviceClass`,`adviceService`,`adviceDealRoom`,`adviceTeacher`,`adviceText`,`openid`,`time`,`ip`,`status`) VALUES ('Array','差','一般','好','非常好','dfffffffffffffffffffffffffffffffffffffffffffffffffgggggggggggggggggggggggwwwwwwwwwwwwwww','myopenid_djjasjdjas','2017-04-24 00:38:48','0.0.0.0','1') [ RunTime:0.0255s ]
INFO: [ view_parse ] --START--
INFO: [ template_filter ] --START--
INFO: Run Behavior\ContentReplaceBehavior [ RunTime:0.000052s ]
INFO: [ template_filter ] --END-- [ RunTime:0.000132s ]
NOTIC: [8] Undefined variable: error E:\wamp\www\trainer\Application\Runtime\Cache\Home\b677e772227aa20472e3ad97d4150dbc.php 第 25 行.
INFO: Run Behavior\ParseTemplateBehavior [ RunTime:0.007522s ]
INFO: [ view_parse ] --END-- [ RunTime:0.007644s ]
INFO: [ view_filter ] --START--
INFO: Run Behavior\WriteHtmlCacheBehavior [ RunTime:0.000379s ]
INFO: [ view_filter ] --END-- [ RunTime:0.000430s ]

[ 2017-04-24T00:38:52+08:00 ] ::1 /trainer/index.php/Home/Index/advice.html
INFO: [ app_init ] --START--
INFO: Run Behavior\BuildLiteBehavior [ RunTime:0.000017s ]
INFO: [ app_init ] --END-- [ RunTime:0.000331s ]
INFO: [ app_begin ] --START--
INFO: Run Behavior\ReadHtmlCacheBehavior [ RunTime:0.000522s ]
INFO: [ app_begin ] --END-- [ RunTime:0.000612s ]
SQL: SHOW COLUMNS FROM `trainer_user` [ RunTime:0.0056s ]
SQL: SELECT `username` FROM `trainer_user` WHERE ( openid = "myopenid_djjasjdjas" and status=1  ) ORDER BY ID desc LIMIT 1   [ RunTime:0.0003s ]
SQL: SHOW COLUMNS FROM `trainer_advice` [ RunTime:0.0040s ]
SQL: SELECT * FROM `trainer_advice` WHERE ( openid = "myopenid_djjasjdjas" and status=1  ) ORDER BY ID desc LIMIT 1   [ RunTime:0.0003s ]
INFO: [ view_parse ] --START--
INFO: [ template_filter ] --START--
INFO: Run Behavior\ContentReplaceBehavior [ RunTime:0.000075s ]
INFO: [ template_filter ] --END-- [ RunTime:0.000155s ]
INFO: Run Behavior\ParseTemplateBehavior [ RunTime:0.006640s ]
INFO: [ view_parse ] --END-- [ RunTime:0.006716s ]
INFO: [ view_filter ] --START--
INFO: Run Behavior\WriteHtmlCacheBehavior [ RunTime:0.000373s ]
INFO: [ view_filter ] --END-- [ RunTime:0.000435s ]

[ 2017-04-24T00:39:58+08:00 ] ::1 /trainer/index.php/Home/Index/advice.html
INFO: [ app_init ] --START--
INFO: Run Behavior\BuildLiteBehavior [ RunTime:0.000721s ]
INFO: [ app_init ] --END-- [ RunTime:0.002572s ]
INFO: [ app_begin ] --START--
INFO: Run Behavior\ReadHtmlCacheBehavior [ RunTime:0.000580s ]
INFO: [ app_begin ] --END-- [ RunTime:0.000679s ]
SQL: SHOW COLUMNS FROM `trainer_user` [ RunTime:0.0043s ]
SQL: SELECT `username` FROM `trainer_user` WHERE ( openid = "myopenid_djjasjdjas" and status=1  ) ORDER BY ID desc LIMIT 1   [ RunTime:0.0003s ]
SQL: SHOW COLUMNS FROM `trainer_advice` [ RunTime:0.0046s ]
SQL: SELECT * FROM `trainer_advice` WHERE ( openid = "myopenid_djjasjdjas" and status=1  ) ORDER BY ID desc LIMIT 1   [ RunTime:0.0003s ]
INFO: [ view_parse ] --START--
INFO: [ template_filter ] --START--
INFO: Run Behavior\ContentReplaceBehavior [ RunTime:0.000046s ]
INFO: [ template_filter ] --END-- [ RunTime:0.000113s ]
INFO: Run Behavior\ParseTemplateBehavior [ RunTime:0.005349s ]
INFO: [ view_parse ] --END-- [ RunTime:0.005420s ]
INFO: [ view_filter ] --START--
INFO: Run Behavior\WriteHtmlCacheBehavior [ RunTime:0.000328s ]
INFO: [ view_filter ] --END-- [ RunTime:0.000382s ]
INFO: [ app_end ] --START--
INFO: Run Behavior\ShowPageTraceBehavior [ RunTime:0.000583s ]
INFO: [ app_end ] --END-- [ RunTime:0.000669s ]

[ 2017-04-24T00:40:05+08:00 ] ::1 /trainer/index.php/Home/Index/advice.html
INFO: [ app_init ] --START--
INFO: Run Behavior\BuildLiteBehavior [ RunTime:0.000014s ]
INFO: [ app_init ] --END-- [ RunTime:0.000284s ]
INFO: [ app_begin ] --START--
INFO: Run Behavior\ReadHtmlCacheBehavior [ RunTime:0.000472s ]
INFO: [ app_begin ] --END-- [ RunTime:0.000541s ]
SQL: SHOW COLUMNS FROM `trainer_user` [ RunTime:0.0042s ]
SQL: SELECT `username` FROM `trainer_user` WHERE ( openid = "myopenid_djjasjdjas" and status=1  ) ORDER BY ID desc LIMIT 1   [ RunTime:0.0003s ]
SQL: SHOW COLUMNS FROM `trainer_advice` [ RunTime:0.0040s ]
SQL: SELECT * FROM `trainer_advice` WHERE ( openid = "myopenid_djjasjdjas" and status=1  ) ORDER BY ID desc LIMIT 1   [ RunTime:0.0003s ]
SQL: INSERT INTO `trainer_advice` (`userName`,`adviceClass`,`adviceService`,`adviceDealRoom`,`adviceTeacher`,`adviceText`,`openid`,`time`,`ip`,`status`) VALUES ('发生的','非常好','好','一般','非常好','','myopenid_djjasjdjas','2017-04-24 00:40:05','0.0.0.0','1') [ RunTime:0.0473s ]
INFO: [ view_parse ] --START--
INFO: [ template_filter ] --START--
INFO: Run Behavior\ContentReplaceBehavior [ RunTime:0.000054s ]
INFO: [ template_filter ] --END-- [ RunTime:0.000142s ]
NOTIC: [8] Undefined variable: error E:\wamp\www\trainer\Application\Runtime\Cache\Home\b677e772227aa20472e3ad97d4150dbc.php 第 25 行.
INFO: Run Behavior\ParseTemplateBehavior [ RunTime:0.006812s ]
INFO: [ view_parse ] --END-- [ RunTime:0.006884s ]
INFO: [ view_filter ] --START--
INFO: Run Behavior\WriteHtmlCacheBehavior [ RunTime:0.000351s ]
INFO: [ view_filter ] --END-- [ RunTime:0.000409s ]

[ 2017-04-24T00:40:19+08:00 ] ::1 /trainer/index.php/home/index/invoice
INFO: [ app_init ] --START--
INFO: Run Behavior\BuildLiteBehavior [ RunTime:0.000016s ]
INFO: [ app_init ] --END-- [ RunTime:0.000304s ]
INFO: [ app_begin ] --START--
INFO: Run Behavior\ReadHtmlCacheBehavior [ RunTime:0.000757s ]
INFO: [ app_begin ] --END-- [ RunTime:0.000840s ]
SQL: SHOW COLUMNS FROM `trainer_invoice` [ RunTime:0.0046s ]
SQL: SELECT * FROM `trainer_invoice` WHERE ( openid = "myopenid_djjasjdjas" and status=1  ) ORDER BY ID desc LIMIT 1   [ RunTime:0.0004s ]
SQL: SHOW COLUMNS FROM `trainer_user` [ RunTime:0.0047s ]
SQL: SELECT * FROM `trainer_user` WHERE ( openid = "myopenid_djjasjdjas"  ) ORDER BY ID desc LIMIT 1   [ RunTime:0.0004s ]
NOTIC: [8] Undefined index: classname E:\wamp\www\trainer\Application\Home\Controller\IndexController.class.php 第 160 行.
NOTIC: [8] Undefined index: invoicenum E:\wamp\www\trainer\Application\Home\Controller\IndexController.class.php 第 172 行.
NOTIC: [8] Undefined index: addrtel E:\wamp\www\trainer\Application\Home\Controller\IndexController.class.php 第 178 行.
NOTIC: [8] Undefined index: invoicebank E:\wamp\www\trainer\Application\Home\Controller\IndexController.class.php 第 184 行.
NOTIC: [8] Undefined index: banknum E:\wamp\www\trainer\Application\Home\Controller\IndexController.class.php 第 190 行.
NOTIC: [8] Undefined index: invoicetype E:\wamp\www\trainer\Application\Home\Controller\IndexController.class.php 第 196 行.
INFO: [ view_parse ] --START--
INFO: [ template_filter ] --START--
INFO: Run Behavior\ContentReplaceBehavior [ RunTime:0.000044s ]
INFO: [ template_filter ] --END-- [ RunTime:0.000112s ]
INFO: Run Behavior\ParseTemplateBehavior [ RunTime:0.007429s ]
INFO: [ view_parse ] --END-- [ RunTime:0.007572s ]
INFO: [ view_filter ] --START--
INFO: Run Behavior\WriteHtmlCacheBehavior [ RunTime:0.000295s ]
INFO: [ view_filter ] --END-- [ RunTime:0.000352s ]
INFO: [ app_end ] --START--
INFO: Run Behavior\ShowPageTraceBehavior [ RunTime:0.000486s ]
INFO: [ app_end ] --END-- [ RunTime:0.000543s ]

[ 2017-04-24T00:40:41+08:00 ] ::1 /trainer/index.php/Home/Index/invoice.html
INFO: [ app_init ] --START--
INFO: Run Behavior\BuildLiteBehavior [ RunTime:0.000016s ]
INFO: [ app_init ] --END-- [ RunTime:0.000291s ]
INFO: [ app_begin ] --START--
INFO: Run Behavior\ReadHtmlCacheBehavior [ RunTime:0.000746s ]
INFO: [ app_begin ] --END-- [ RunTime:0.000831s ]
SQL: SHOW COLUMNS FROM `trainer_invoice` [ RunTime:0.0045s ]
SQL: SELECT * FROM `trainer_invoice` WHERE ( openid = "myopenid_djjasjdjas" and status=1  ) ORDER BY ID desc LIMIT 1   [ RunTime:0.0005s ]
SQL: INSERT INTO `trainer_invoice` (`userName`,`className`,`companyName`,`invoiceNum`,`addrTel`,`invoiceBank`,`bankNum`,`invoiceType`,`userTel`,`openid`,`time`,`ip`,`status`) VALUES ('发生的儿','阿斯顿','水电费','22222222','水电费','法的规定风格','555555555313113','增值税专用发票','18812345678','myopenid_djjasjdjas','2017-04-24 00:40:41','0.0.0.0','1') [ RunTime:0.0475s ]
INFO: [ view_parse ] --START--
INFO: [ template_filter ] --START--
INFO: Run Behavior\ContentReplaceBehavior [ RunTime:0.000050s ]
INFO: [ template_filter ] --END-- [ RunTime:0.000120s ]
NOTIC: [8] Undefined variable: error E:\wamp\www\trainer\Application\Runtime\Cache\Home\b677e772227aa20472e3ad97d4150dbc.php 第 25 行.
INFO: Run Behavior\ParseTemplateBehavior [ RunTime:0.006209s ]
INFO: [ view_parse ] --END-- [ RunTime:0.006282s ]
INFO: [ view_filter ] --START--
INFO: Run Behavior\WriteHtmlCacheBehavior [ RunTime:0.000331s ]
INFO: [ view_filter ] --END-- [ RunTime:0.000391s ]

[ 2017-04-24T00:40:48+08:00 ] ::1 /trainer/index.php/Home/Index/advice.html
INFO: [ app_init ] --START--
INFO: Run Behavior\BuildLiteBehavior [ RunTime:0.000017s ]
INFO: [ app_init ] --END-- [ RunTime:0.000330s ]
INFO: [ app_begin ] --START--
INFO: Run Behavior\ReadHtmlCacheBehavior [ RunTime:0.001010s ]
INFO: [ app_begin ] --END-- [ RunTime:0.001220s ]
SQL: SHOW COLUMNS FROM `trainer_user` [ RunTime:0.0090s ]
SQL: SELECT `username` FROM `trainer_user` WHERE ( openid = "myopenid_djjasjdjas" and status=1  ) ORDER BY ID desc LIMIT 1   [ RunTime:0.0003s ]
SQL: SHOW COLUMNS FROM `trainer_advice` [ RunTime:0.0053s ]
SQL: SELECT * FROM `trainer_advice` WHERE ( openid = "myopenid_djjasjdjas" and status=1  ) ORDER BY ID desc LIMIT 1   [ RunTime:0.0004s ]
INFO: [ view_parse ] --START--
INFO: [ template_filter ] --START--
INFO: Run Behavior\ContentReplaceBehavior [ RunTime:0.000060s ]
INFO: [ template_filter ] --END-- [ RunTime:0.000154s ]
INFO: Run Behavior\ParseTemplateBehavior [ RunTime:0.007286s ]
INFO: [ view_parse ] --END-- [ RunTime:0.007384s ]
INFO: [ view_filter ] --START--
INFO: Run Behavior\WriteHtmlCacheBehavior [ RunTime:0.000283s ]
INFO: [ view_filter ] --END-- [ RunTime:0.000342s ]

[ 2017-04-24T00:41:03+08:00 ] ::1 /trainer/index.php/Home/Index/advice.html
INFO: [ app_init ] --START--
INFO: Run Behavior\BuildLiteBehavior [ RunTime:0.000016s ]
INFO: [ app_init ] --END-- [ RunTime:0.000314s ]
INFO: [ app_begin ] --START--
INFO: Run Behavior\ReadHtmlCacheBehavior [ RunTime:0.000489s ]
INFO: [ app_begin ] --END-- [ RunTime:0.000557s ]
SQL: SHOW COLUMNS FROM `trainer_user` [ RunTime:0.0081s ]
SQL: SELECT `username` FROM `trainer_user` WHERE ( openid = "myopenid_djjasjdjas" and status=1  ) ORDER BY ID desc LIMIT 1   [ RunTime:0.0002s ]
SQL: SHOW COLUMNS FROM `trainer_advice` [ RunTime:0.0062s ]
SQL: SELECT * FROM `trainer_advice` WHERE ( openid = "myopenid_djjasjdjas" and status=1  ) ORDER BY ID desc LIMIT 1   [ RunTime:0.0004s ]
INFO: [ view_parse ] --START--
INFO: [ template_filter ] --START--
INFO: Run Behavior\ContentReplaceBehavior [ RunTime:0.000047s ]
INFO: [ template_filter ] --END-- [ RunTime:0.000131s ]
INFO: Run Behavior\ParseTemplateBehavior [ RunTime:0.006076s ]
INFO: [ view_parse ] --END-- [ RunTime:0.006199s ]
INFO: [ view_filter ] --START--
INFO: Run Behavior\WriteHtmlCacheBehavior [ RunTime:0.000318s ]
INFO: [ view_filter ] --END-- [ RunTime:0.000374s ]
INFO: [ app_end ] --START--
INFO: Run Behavior\ShowPageTraceBehavior [ RunTime:0.000677s ]
INFO: [ app_end ] --END-- [ RunTime:0.000735s ]

[ 2017-04-24T00:41:10+08:00 ] ::1 /trainer/index.php/Home/Index/advice.html
INFO: [ app_init ] --START--
INFO: Run Behavior\BuildLiteBehavior [ RunTime:0.000017s ]
INFO: [ app_init ] --END-- [ RunTime:0.000337s ]
INFO: [ app_begin ] --START--
INFO: Run Behavior\ReadHtmlCacheBehavior [ RunTime:0.000803s ]
INFO: [ app_begin ] --END-- [ RunTime:0.001007s ]
SQL: SHOW COLUMNS FROM `trainer_user` [ RunTime:0.0046s ]
SQL: SELECT `username` FROM `trainer_user` WHERE ( openid = "myopenid_djjasjdjas" and status=1  ) ORDER BY ID desc LIMIT 1   [ RunTime:0.0002s ]
SQL: SHOW COLUMNS FROM `trainer_advice` [ RunTime:0.0036s ]
SQL: SELECT * FROM `trainer_advice` WHERE ( openid = "myopenid_djjasjdjas" and status=1  ) ORDER BY ID desc LIMIT 1   [ RunTime:0.0003s ]
SQL: INSERT INTO `trainer_advice` (`userName`,`adviceClass`,`adviceService`,`adviceDealRoom`,`adviceTeacher`,`adviceText`,`openid`,`time`,`ip`,`status`) VALUES ('发生的','好','非常好','非常好','非常好','','myopenid_djjasjdjas','2017-04-24 00:41:09','0.0.0.0','1') [ RunTime:0.0515s ]
INFO: [ view_parse ] --START--
INFO: [ template_filter ] --START--
INFO: Run Behavior\ContentReplaceBehavior [ RunTime:0.000047s ]
INFO: [ template_filter ] --END-- [ RunTime:0.000118s ]
NOTIC: [8] Undefined variable: error E:\wamp\www\trainer\Application\Runtime\Cache\Home\b677e772227aa20472e3ad97d4150dbc.php 第 25 行.
INFO: Run Behavior\ParseTemplateBehavior [ RunTime:0.006360s ]
INFO: [ view_parse ] --END-- [ RunTime:0.006429s ]
INFO: [ view_filter ] --START--
INFO: Run Behavior\WriteHtmlCacheBehavior [ RunTime:0.000264s ]
INFO: [ view_filter ] --END-- [ RunTime:0.000317s ]

[ 2017-04-24T00:53:56+08:00 ] ::1 /trainer/index.php/Home/Index/advice.html
INFO: [ app_init ] --START--
INFO: Run Behavior\BuildLiteBehavior [ RunTime:0.000020s ]
INFO: [ app_init ] --END-- [ RunTime:0.000438s ]
INFO: [ app_begin ] --START--
INFO: Run Behavior\ReadHtmlCacheBehavior [ RunTime:0.000618s ]
INFO: [ app_begin ] --END-- [ RunTime:0.000707s ]
SQL: SHOW COLUMNS FROM `trainer_user` [ RunTime:0.0087s ]
SQL: SELECT `username` FROM `trainer_user` WHERE ( openid = "myopenid_djjasjdjas" and status=1  ) ORDER BY ID desc LIMIT 1   [ RunTime:0.0004s ]
SQL: SELECT `username` FROM `trainer_user` WHERE ( openid = "myopenid_djjasjdjas" and status=1  ) ORDER BY ID desc LIMIT 1   [ RunTime:0.0004s ]
INFO: [ view_parse ] --START--
INFO: [ template_filter ] --START--
INFO: Run Behavior\ContentReplaceBehavior [ RunTime:0.000050s ]
INFO: [ template_filter ] --END-- [ RunTime:0.000122s ]
INFO: Run Behavior\ParseTemplateBehavior [ RunTime:0.006780s ]
INFO: [ view_parse ] --END-- [ RunTime:0.006876s ]
INFO: [ view_filter ] --START--
INFO: Run Behavior\WriteHtmlCacheBehavior [ RunTime:0.000291s ]
INFO: [ view_filter ] --END-- [ RunTime:0.000343s ]

[ 2017-04-24T21:32:35+08:00 ] ::1 /trainer/
INFO: [ app_init ] --START--
INFO: Run Behavior\BuildLiteBehavior [ RunTime:0.000060s ]
INFO: [ app_init ] --END-- [ RunTime:0.002505s ]
INFO: [ app_begin ] --START--
INFO: Run Behavior\ReadHtmlCacheBehavior [ RunTime:0.001877s ]
INFO: [ app_begin ] --END-- [ RunTime:0.002139s ]
SQL: SHOW COLUMNS FROM `trainer_user` [ RunTime:0.0412s ]
SQL: SELECT * FROM `trainer_user` WHERE ( openid = "myopenid_djjasjdjas" and status=1  ) ORDER BY ID desc LIMIT 1   [ RunTime:0.0213s ]
INFO: [ view_parse ] --START--
INFO: [ template_filter ] --START--
INFO: Run Behavior\ContentReplaceBehavior [ RunTime:0.000944s ]
INFO: [ template_filter ] --END-- [ RunTime:0.001091s ]
INFO: Run Behavior\ParseTemplateBehavior [ RunTime:0.075672s ]
INFO: [ view_parse ] --END-- [ RunTime:0.075823s ]
INFO: [ view_filter ] --START--
INFO: Run Behavior\WriteHtmlCacheBehavior [ RunTime:0.011782s ]
INFO: [ view_filter ] --END-- [ RunTime:0.011918s ]
INFO: [ app_end ] --START--
INFO: Run Behavior\ShowPageTraceBehavior [ RunTime:0.007063s ]
INFO: [ app_end ] --END-- [ RunTime:0.007191s ]

[ 2017-04-24T23:00:05+08:00 ] ::1 /trainer/index.php/home/index/invoice
INFO: [ app_init ] --START--
INFO: Run Behavior\BuildLiteBehavior [ RunTime:0.000016s ]
INFO: [ app_init ] --END-- [ RunTime:0.000302s ]
INFO: [ app_begin ] --START--
INFO: Run Behavior\ReadHtmlCacheBehavior [ RunTime:0.000443s ]
INFO: [ app_begin ] --END-- [ RunTime:0.000513s ]
SQL: SHOW COLUMNS FROM `trainer_invoice` [ RunTime:0.0418s ]
SQL: SELECT * FROM `trainer_invoice` WHERE ( openid = "myopenid_djjasjdjas" and status=1  ) ORDER BY ID desc LIMIT 1   [ RunTime:0.0104s ]
SQL: SHOW COLUMNS FROM `trainer_user` [ RunTime:0.0049s ]
SQL: SELECT * FROM `trainer_user` WHERE ( openid = "myopenid_djjasjdjas"  ) ORDER BY ID desc LIMIT 1   [ RunTime:0.0005s ]
NOTIC: [8] Undefined index: classname E:\wamp\www\trainer\Application\Home\Controller\IndexController.class.php 第 160 行.
NOTIC: [8] Undefined index: invoicenum E:\wamp\www\trainer\Application\Home\Controller\IndexController.class.php 第 172 行.
NOTIC: [8] Undefined index: addrtel E:\wamp\www\trainer\Application\Home\Controller\IndexController.class.php 第 178 行.
NOTIC: [8] Undefined index: invoicebank E:\wamp\www\trainer\Application\Home\Controller\IndexController.class.php 第 184 行.
NOTIC: [8] Undefined index: banknum E:\wamp\www\trainer\Application\Home\Controller\IndexController.class.php 第 190 行.
NOTIC: [8] Undefined index: invoicetype E:\wamp\www\trainer\Application\Home\Controller\IndexController.class.php 第 196 行.
INFO: [ view_parse ] --START--
INFO: [ template_filter ] --START--
INFO: Run Behavior\ContentReplaceBehavior [ RunTime:0.000045s ]
INFO: [ template_filter ] --END-- [ RunTime:0.000112s ]
INFO: Run Behavior\ParseTemplateBehavior [ RunTime:0.006248s ]
INFO: [ view_parse ] --END-- [ RunTime:0.006313s ]
INFO: [ view_filter ] --START--
INFO: Run Behavior\WriteHtmlCacheBehavior [ RunTime:0.000272s ]
INFO: [ view_filter ] --END-- [ RunTime:0.000325s ]
INFO: [ app_end ] --START--
INFO: Run Behavior\ShowPageTraceBehavior [ RunTime:0.000639s ]
INFO: [ app_end ] --END-- [ RunTime:0.000735s ]

[ 2017-04-24T23:00:09+08:00 ] ::1 /trainer/index.php/home/index/advice
INFO: [ app_init ] --START--
INFO: Run Behavior\BuildLiteBehavior [ RunTime:0.000016s ]
INFO: [ app_init ] --END-- [ RunTime:0.000291s ]
INFO: [ app_begin ] --START--
INFO: Run Behavior\ReadHtmlCacheBehavior [ RunTime:0.000530s ]
INFO: [ app_begin ] --END-- [ RunTime:0.000603s ]
SQL: SHOW COLUMNS FROM `trainer_user` [ RunTime:0.0048s ]
SQL: SELECT `username` FROM `trainer_user` WHERE ( openid = "myopenid_djjasjdjas" and status=1  ) ORDER BY ID desc LIMIT 1   [ RunTime:0.0003s ]
SQL: SELECT `username` FROM `trainer_user` WHERE ( openid = "myopenid_djjasjdjas" and status=1  ) ORDER BY ID desc LIMIT 1   [ RunTime:0.0003s ]
INFO: [ view_parse ] --START--
INFO: [ template_filter ] --START--
INFO: Run Behavior\ContentReplaceBehavior [ RunTime:0.000052s ]
INFO: [ template_filter ] --END-- [ RunTime:0.000149s ]
INFO: Run Behavior\ParseTemplateBehavior [ RunTime:0.040805s ]
INFO: [ view_parse ] --END-- [ RunTime:0.040883s ]
INFO: [ view_filter ] --START--
INFO: Run Behavior\WriteHtmlCacheBehavior [ RunTime:0.000296s ]
INFO: [ view_filter ] --END-- [ RunTime:0.000353s ]

