[ 2017-04-05T22:17:33+08:00 ] ::1 /trainer/
INFO: [ app_init ] --START--
INFO: Run Behavior\BuildLiteBehavior [ RunTime:0.000019s ]
INFO: [ app_init ] --END-- [ RunTime:0.001084s ]
INFO: [ app_begin ] --START--
INFO: Run Behavior\ReadHtmlCacheBehavior [ RunTime:0.000647s ]
INFO: [ app_begin ] --END-- [ RunTime:0.000717s ]
SQL: SHOW COLUMNS FROM `trainer_user` [ RunTime:0.0405s ]
SQL: SELECT * FROM `trainer_user` WHERE ( openid = 'myopenid_djjasjdjas' and status=1 ) LIMIT 1   [ RunTime:0.0238s ]
INFO: [ view_parse ] --START--
INFO: [ template_filter ] --START--
INFO: Run Behavior\ContentReplaceBehavior [ RunTime:0.021450s ]
INFO: [ template_filter ] --END-- [ RunTime:0.021645s ]
INFO: Run Behavior\ParseTemplateBehavior [ RunTime:0.066226s ]
INFO: [ view_parse ] --END-- [ RunTime:0.066400s ]
INFO: [ view_filter ] --START--
INFO: Run Behavior\WriteHtmlCacheBehavior [ RunTime:0.021537s ]
INFO: [ view_filter ] --END-- [ RunTime:0.021758s ]

[ 2017-04-05T22:17:53+08:00 ] ::1 /trainer/
INFO: [ app_init ] --START--
INFO: Run Behavior\BuildLiteBehavior [ RunTime:0.000016s ]
INFO: [ app_init ] --END-- [ RunTime:0.000298s ]
INFO: [ app_begin ] --START--
INFO: Run Behavior\ReadHtmlCacheBehavior [ RunTime:0.000461s ]
INFO: [ app_begin ] --END-- [ RunTime:0.000525s ]
SQL: SHOW COLUMNS FROM `trainer_user` [ RunTime:0.0048s ]
SQL: SELECT * FROM `trainer_user` WHERE ( openid = 'myopenid_djjasjdjas' and status=1 ) LIMIT 1   [ RunTime:0.0004s ]
INFO: [ view_parse ] --START--
INFO: [ template_filter ] --START--
INFO: Run Behavior\ContentReplaceBehavior [ RunTime:0.000044s ]
INFO: [ template_filter ] --END-- [ RunTime:0.000103s ]
INFO: Run Behavior\ParseTemplateBehavior [ RunTime:0.005567s ]
INFO: [ view_parse ] --END-- [ RunTime:0.005638s ]
INFO: [ view_filter ] --START--
INFO: Run Behavior\WriteHtmlCacheBehavior [ RunTime:0.000226s ]
INFO: [ view_filter ] --END-- [ RunTime:0.000277s ]

[ 2017-04-05T22:17:58+08:00 ] ::1 /trainer/
INFO: [ app_init ] --START--
INFO: Run Behavior\BuildLiteBehavior [ RunTime:0.000031s ]
INFO: [ app_init ] --END-- [ RunTime:0.000494s ]
INFO: [ app_begin ] --START--
INFO: Run Behavior\ReadHtmlCacheBehavior [ RunTime:0.000929s ]
INFO: [ app_begin ] --END-- [ RunTime:0.001099s ]
SQL: SHOW COLUMNS FROM `trainer_user` [ RunTime:0.0046s ]
SQL: SELECT * FROM `trainer_user` WHERE ( openid = 'myopenid_djjasjdjas' and status=1 ) LIMIT 1   [ RunTime:0.0004s ]
INFO: [ view_parse ] --START--
INFO: [ template_filter ] --START--
INFO: Run Behavior\ContentReplaceBehavior [ RunTime:0.000077s ]
INFO: [ template_filter ] --END-- [ RunTime:0.000154s ]
INFO: Run Behavior\ParseTemplateBehavior [ RunTime:0.005339s ]
INFO: [ view_parse ] --END-- [ RunTime:0.005414s ]
INFO: [ view_filter ] --START--
INFO: Run Behavior\WriteHtmlCacheBehavior [ RunTime:0.000193s ]
INFO: [ view_filter ] --END-- [ RunTime:0.000253s ]

[ 2017-04-05T22:18:04+08:00 ] ::1 /trainer/
INFO: [ app_init ] --START--
INFO: Run Behavior\BuildLiteBehavior [ RunTime:0.000034s ]
INFO: [ app_init ] --END-- [ RunTime:0.000606s ]
INFO: [ app_begin ] --START--
INFO: Run Behavior\ReadHtmlCacheBehavior [ RunTime:0.000904s ]
INFO: [ app_begin ] --END-- [ RunTime:0.001017s ]
SQL: SHOW COLUMNS FROM `trainer_user` [ RunTime:0.0053s ]
SQL: SELECT * FROM `trainer_user` WHERE ( openid = 'myopenid_djjasjdjas' and status=1 ) LIMIT 1   [ RunTime:0.0005s ]
INFO: [ view_parse ] --START--
INFO: [ template_filter ] --START--
INFO: Run Behavior\ContentReplaceBehavior [ RunTime:0.000064s ]
INFO: [ template_filter ] --END-- [ RunTime:0.000155s ]
INFO: Run Behavior\ParseTemplateBehavior [ RunTime:0.006275s ]
INFO: [ view_parse ] --END-- [ RunTime:0.006367s ]
INFO: [ view_filter ] --START--
INFO: Run Behavior\WriteHtmlCacheBehavior [ RunTime:0.000221s ]
INFO: [ view_filter ] --END-- [ RunTime:0.000292s ]

[ 2017-04-05T22:18:13+08:00 ] ::1 /trainer/
INFO: [ app_init ] --START--
INFO: Run Behavior\BuildLiteBehavior [ RunTime:0.000034s ]
INFO: [ app_init ] --END-- [ RunTime:0.000607s ]
INFO: [ app_begin ] --START--
INFO: Run Behavior\ReadHtmlCacheBehavior [ RunTime:0.000798s ]
INFO: [ app_begin ] --END-- [ RunTime:0.000939s ]
SQL: SHOW COLUMNS FROM `trainer_user` [ RunTime:0.0082s ]
SQL: SELECT * FROM `trainer_user` WHERE ( openid = 'myopenid_djjasjdjas' and status=1 ) LIMIT 1   [ RunTime:0.0005s ]
INFO: [ view_parse ] --START--
INFO: [ template_filter ] --START--
INFO: Run Behavior\ContentReplaceBehavior [ RunTime:0.000061s ]
INFO: [ template_filter ] --END-- [ RunTime:0.000151s ]
INFO: Run Behavior\ParseTemplateBehavior [ RunTime:0.006467s ]
INFO: [ view_parse ] --END-- [ RunTime:0.006562s ]
INFO: [ view_filter ] --START--
INFO: Run Behavior\WriteHtmlCacheBehavior [ RunTime:0.000233s ]
INFO: [ view_filter ] --END-- [ RunTime:0.000307s ]

[ 2017-04-05T22:22:07+08:00 ] ::1 /trainer/
INFO: [ app_init ] --START--
INFO: Run Behavior\BuildLiteBehavior [ RunTime:0.000026s ]
INFO: [ app_init ] --END-- [ RunTime:0.000486s ]
INFO: [ app_begin ] --START--
INFO: Run Behavior\ReadHtmlCacheBehavior [ RunTime:0.000714s ]
INFO: [ app_begin ] --END-- [ RunTime:0.000823s ]
SQL: SHOW COLUMNS FROM `trainer_user` [ RunTime:0.0051s ]
SQL: SELECT * FROM `trainer_user` WHERE ( openid = 'myopenid_djjasjdjas' and status=1 ) LIMIT 1   [ RunTime:0.0004s ]
INFO: [ view_parse ] --START--
INFO: [ template_filter ] --START--
INFO: Run Behavior\ContentReplaceBehavior [ RunTime:0.000059s ]
INFO: [ template_filter ] --END-- [ RunTime:0.000145s ]
INFO: Run Behavior\ParseTemplateBehavior [ RunTime:0.005004s ]
INFO: [ view_parse ] --END-- [ RunTime:0.005068s ]
INFO: [ view_filter ] --START--
INFO: Run Behavior\WriteHtmlCacheBehavior [ RunTime:0.000206s ]
INFO: [ view_filter ] --END-- [ RunTime:0.000257s ]

[ 2017-04-05T22:23:01+08:00 ] 127.0.0.1 /trainer/
INFO: [ app_init ] --START--
INFO: Run Behavior\BuildLiteBehavior [ RunTime:0.000025s ]
INFO: [ app_init ] --END-- [ RunTime:0.000450s ]
INFO: [ app_begin ] --START--
INFO: Run Behavior\ReadHtmlCacheBehavior [ RunTime:0.000573s ]
INFO: [ app_begin ] --END-- [ RunTime:0.000681s ]
SQL: SHOW COLUMNS FROM `trainer_user` [ RunTime:0.0063s ]
SQL: SELECT * FROM `trainer_user` WHERE ( openid = 'myopenid_djjasjdjas' and status=1 ) LIMIT 1   [ RunTime:0.0006s ]
INFO: [ view_parse ] --START--
INFO: [ template_filter ] --START--
INFO: Run Behavior\ContentReplaceBehavior [ RunTime:0.000074s ]
INFO: [ template_filter ] --END-- [ RunTime:0.000185s ]
INFO: Run Behavior\ParseTemplateBehavior [ RunTime:0.007776s ]
INFO: [ view_parse ] --END-- [ RunTime:0.007890s ]
INFO: [ view_filter ] --START--
INFO: Run Behavior\WriteHtmlCacheBehavior [ RunTime:0.000283s ]
INFO: [ view_filter ] --END-- [ RunTime:0.000369s ]

[ 2017-04-05T22:24:34+08:00 ] 127.0.0.1 /trainer/
INFO: [ app_init ] --START--
INFO: Run Behavior\BuildLiteBehavior [ RunTime:0.000032s ]
INFO: [ app_init ] --END-- [ RunTime:0.000606s ]
INFO: [ app_begin ] --START--
INFO: Run Behavior\ReadHtmlCacheBehavior [ RunTime:0.000940s ]
INFO: [ app_begin ] --END-- [ RunTime:0.001089s ]
SQL: SHOW COLUMNS FROM `trainer_user` [ RunTime:0.0108s ]
SQL: SELECT * FROM `trainer_user` WHERE ( openid = 'myopenid_djjasjdjas' and status=1 ) LIMIT 1   [ RunTime:0.0008s ]
INFO: [ view_parse ] --START--
INFO: [ template_filter ] --START--
INFO: Run Behavior\ContentReplaceBehavior [ RunTime:0.000086s ]
INFO: [ template_filter ] --END-- [ RunTime:0.000211s ]
INFO: Run Behavior\ParseTemplateBehavior [ RunTime:0.010147s ]
INFO: [ view_parse ] --END-- [ RunTime:0.010286s ]
INFO: [ view_filter ] --START--
INFO: Run Behavior\WriteHtmlCacheBehavior [ RunTime:0.000441s ]
INFO: [ view_filter ] --END-- [ RunTime:0.000557s ]

[ 2017-04-05T22:24:34+08:00 ] 127.0.0.1 /trainer/
INFO: [ app_init ] --START--
INFO: Run Behavior\BuildLiteBehavior [ RunTime:0.000059s ]
INFO: [ app_init ] --END-- [ RunTime:0.001068s ]
INFO: [ app_begin ] --START--
INFO: Run Behavior\ReadHtmlCacheBehavior [ RunTime:0.001475s ]
INFO: [ app_begin ] --END-- [ RunTime:0.001707s ]
SQL: SHOW COLUMNS FROM `trainer_user` [ RunTime:0.0057s ]
SQL: SELECT * FROM `trainer_user` WHERE ( openid = 'myopenid_djjasjdjas' and status=1 ) LIMIT 1   [ RunTime:0.0005s ]
INFO: [ view_parse ] --START--
INFO: [ template_filter ] --START--
INFO: Run Behavior\ContentReplaceBehavior [ RunTime:0.000068s ]
INFO: [ template_filter ] --END-- [ RunTime:0.000167s ]
INFO: Run Behavior\ParseTemplateBehavior [ RunTime:0.007884s ]
INFO: [ view_parse ] --END-- [ RunTime:0.007987s ]
INFO: [ view_filter ] --START--
INFO: Run Behavior\WriteHtmlCacheBehavior [ RunTime:0.000369s ]
INFO: [ view_filter ] --END-- [ RunTime:0.000449s ]

[ 2017-04-05T22:24:34+08:00 ] 127.0.0.1 /trainer/
INFO: [ app_init ] --START--
INFO: Run Behavior\BuildLiteBehavior [ RunTime:0.000022s ]
INFO: [ app_init ] --END-- [ RunTime:0.000387s ]
INFO: [ app_begin ] --START--
INFO: Run Behavior\ReadHtmlCacheBehavior [ RunTime:0.000514s ]
INFO: [ app_begin ] --END-- [ RunTime:0.000609s ]
SQL: SHOW COLUMNS FROM `trainer_user` [ RunTime:0.0056s ]
SQL: SELECT * FROM `trainer_user` WHERE ( openid = 'myopenid_djjasjdjas' and status=1 ) LIMIT 1   [ RunTime:0.0005s ]
INFO: [ view_parse ] --START--
INFO: [ template_filter ] --START--
INFO: Run Behavior\ContentReplaceBehavior [ RunTime:0.000062s ]
INFO: [ template_filter ] --END-- [ RunTime:0.000151s ]
INFO: Run Behavior\ParseTemplateBehavior [ RunTime:0.006412s ]
INFO: [ view_parse ] --END-- [ RunTime:0.006512s ]
INFO: [ view_filter ] --START--
INFO: Run Behavior\WriteHtmlCacheBehavior [ RunTime:0.000237s ]
INFO: [ view_filter ] --END-- [ RunTime:0.000314s ]

[ 2017-04-05T22:24:43+08:00 ] 127.0.0.1 /trainer/
INFO: [ app_init ] --START--
INFO: Run Behavior\BuildLiteBehavior [ RunTime:0.000062s ]
INFO: [ app_init ] --END-- [ RunTime:0.001325s ]
INFO: [ app_begin ] --START--
INFO: Run Behavior\ReadHtmlCacheBehavior [ RunTime:0.001005s ]
INFO: [ app_begin ] --END-- [ RunTime:0.001215s ]
SQL: SHOW COLUMNS FROM `trainer_user` [ RunTime:0.0098s ]
SQL: SELECT * FROM `trainer_user` WHERE ( openid = 'myopenid_djjasjdjas' and status=1 ) LIMIT 1   [ RunTime:0.0006s ]
INFO: [ view_parse ] --START--
INFO: [ template_filter ] --START--
INFO: Run Behavior\ContentReplaceBehavior [ RunTime:0.000079s ]
INFO: [ template_filter ] --END-- [ RunTime:0.000196s ]
INFO: Run Behavior\ParseTemplateBehavior [ RunTime:0.009694s ]
INFO: [ view_parse ] --END-- [ RunTime:0.009816s ]
INFO: [ view_filter ] --START--
INFO: Run Behavior\WriteHtmlCacheBehavior [ RunTime:0.000447s ]
INFO: [ view_filter ] --END-- [ RunTime:0.000543s ]

[ 2017-04-05T22:25:42+08:00 ] 127.0.0.1 /trainer/
INFO: [ app_init ] --START--
INFO: Run Behavior\BuildLiteBehavior [ RunTime:0.000058s ]
INFO: [ app_init ] --END-- [ RunTime:0.001007s ]
INFO: [ app_begin ] --START--
INFO: Run Behavior\ReadHtmlCacheBehavior [ RunTime:0.001258s ]
INFO: [ app_begin ] --END-- [ RunTime:0.001505s ]
SQL: SHOW COLUMNS FROM `trainer_user` [ RunTime:0.0092s ]
SQL: SELECT * FROM `trainer_user` WHERE ( openid = 'myopenid_djjasjdjas' and status=1 ) LIMIT 1   [ RunTime:0.0006s ]
INFO: [ view_parse ] --START--
INFO: [ template_filter ] --START--
INFO: Run Behavior\ContentReplaceBehavior [ RunTime:0.000066s ]
INFO: [ template_filter ] --END-- [ RunTime:0.000162s ]
INFO: Run Behavior\ParseTemplateBehavior [ RunTime:0.008233s ]
INFO: [ view_parse ] --END-- [ RunTime:0.008337s ]
INFO: [ view_filter ] --START--
INFO: Run Behavior\WriteHtmlCacheBehavior [ RunTime:0.000384s ]
INFO: [ view_filter ] --END-- [ RunTime:0.000466s ]

[ 2017-04-05T22:29:44+08:00 ] 127.0.0.1 /trainer/
INFO: [ app_init ] --START--
INFO: Run Behavior\BuildLiteBehavior [ RunTime:0.000043s ]
INFO: [ app_init ] --END-- [ RunTime:0.000694s ]
INFO: [ app_begin ] --START--
INFO: Run Behavior\ReadHtmlCacheBehavior [ RunTime:0.001096s ]
INFO: [ app_begin ] --END-- [ RunTime:0.001263s ]
SQL: SHOW COLUMNS FROM `trainer_user` [ RunTime:0.0087s ]
SQL: SELECT * FROM `trainer_user` WHERE ( openid = 'myopenid_djjasjdjas' and status=1 ) LIMIT 1   [ RunTime:0.0008s ]

[ 2017-04-05T22:30:54+08:00 ] 127.0.0.1 /trainer/
INFO: [ app_init ] --START--
INFO: Run Behavior\BuildLiteBehavior [ RunTime:0.000044s ]
INFO: [ app_init ] --END-- [ RunTime:0.000590s ]
INFO: [ app_begin ] --START--
INFO: Run Behavior\ReadHtmlCacheBehavior [ RunTime:0.000725s ]
INFO: [ app_begin ] --END-- [ RunTime:0.000868s ]
SQL: SHOW COLUMNS FROM `trainer_user` [ RunTime:0.0074s ]
SQL: SELECT * FROM `trainer_user` WHERE ( openid = 'myopenid_djjasjdjas' and status=1 ) LIMIT 1   [ RunTime:0.0005s ]
INFO: [ view_parse ] --START--
INFO: [ template_filter ] --START--
INFO: Run Behavior\ContentReplaceBehavior [ RunTime:0.000065s ]
INFO: [ template_filter ] --END-- [ RunTime:0.000159s ]
NOTIC: [2] Illegal string offset 'username' E:\wamp\www\trainer\Application\Runtime\Cache\Home\52160acf02b94d3c6daf1b9d1b963035.php 第 43 行.
NOTIC: [2] Illegal string offset 'time' E:\wamp\www\trainer\Application\Runtime\Cache\Home\52160acf02b94d3c6daf1b9d1b963035.php 第 44 行.
NOTIC: [2] Illegal string offset 'companyname' E:\wamp\www\trainer\Application\Runtime\Cache\Home\52160acf02b94d3c6daf1b9d1b963035.php 第 45 行.
NOTIC: [2] Illegal string offset 'username' E:\wamp\www\trainer\Application\Runtime\Cache\Home\52160acf02b94d3c6daf1b9d1b963035.php 第 43 行.
NOTIC: [2] Illegal string offset 'time' E:\wamp\www\trainer\Application\Runtime\Cache\Home\52160acf02b94d3c6daf1b9d1b963035.php 第 44 行.
NOTIC: [2] Illegal string offset 'companyname' E:\wamp\www\trainer\Application\Runtime\Cache\Home\52160acf02b94d3c6daf1b9d1b963035.php 第 45 行.
NOTIC: [2] Illegal string offset 'username' E:\wamp\www\trainer\Application\Runtime\Cache\Home\52160acf02b94d3c6daf1b9d1b963035.php 第 43 行.
NOTIC: [2] Illegal string offset 'time' E:\wamp\www\trainer\Application\Runtime\Cache\Home\52160acf02b94d3c6daf1b9d1b963035.php 第 44 行.
NOTIC: [2] Illegal string offset 'companyname' E:\wamp\www\trainer\Application\Runtime\Cache\Home\52160acf02b94d3c6daf1b9d1b963035.php 第 45 行.
NOTIC: [2] Illegal string offset 'username' E:\wamp\www\trainer\Application\Runtime\Cache\Home\52160acf02b94d3c6daf1b9d1b963035.php 第 43 行.
NOTIC: [2] Illegal string offset 'time' E:\wamp\www\trainer\Application\Runtime\Cache\Home\52160acf02b94d3c6daf1b9d1b963035.php 第 44 行.
NOTIC: [2] Illegal string offset 'companyname' E:\wamp\www\trainer\Application\Runtime\Cache\Home\52160acf02b94d3c6daf1b9d1b963035.php 第 45 行.
NOTIC: [2] Illegal string offset 'username' E:\wamp\www\trainer\Application\Runtime\Cache\Home\52160acf02b94d3c6daf1b9d1b963035.php 第 43 行.
NOTIC: [2] Illegal string offset 'time' E:\wamp\www\trainer\Application\Runtime\Cache\Home\52160acf02b94d3c6daf1b9d1b963035.php 第 44 行.
NOTIC: [2] Illegal string offset 'companyname' E:\wamp\www\trainer\Application\Runtime\Cache\Home\52160acf02b94d3c6daf1b9d1b963035.php 第 45 行.
NOTIC: [2] Illegal string offset 'username' E:\wamp\www\trainer\Application\Runtime\Cache\Home\52160acf02b94d3c6daf1b9d1b963035.php 第 43 行.
NOTIC: [2] Illegal string offset 'time' E:\wamp\www\trainer\Application\Runtime\Cache\Home\52160acf02b94d3c6daf1b9d1b963035.php 第 44 行.
NOTIC: [2] Illegal string offset 'companyname' E:\wamp\www\trainer\Application\Runtime\Cache\Home\52160acf02b94d3c6daf1b9d1b963035.php 第 45 行.
NOTIC: [2] Illegal string offset 'username' E:\wamp\www\trainer\Application\Runtime\Cache\Home\52160acf02b94d3c6daf1b9d1b963035.php 第 43 行.
NOTIC: [2] Illegal string offset 'time' E:\wamp\www\trainer\Application\Runtime\Cache\Home\52160acf02b94d3c6daf1b9d1b963035.php 第 44 行.
NOTIC: [2] Illegal string offset 'companyname' E:\wamp\www\trainer\Application\Runtime\Cache\Home\52160acf02b94d3c6daf1b9d1b963035.php 第 45 行.
NOTIC: [2] Illegal string offset 'username' E:\wamp\www\trainer\Application\Runtime\Cache\Home\52160acf02b94d3c6daf1b9d1b963035.php 第 43 行.
NOTIC: [2] Illegal string offset 'time' E:\wamp\www\trainer\Application\Runtime\Cache\Home\52160acf02b94d3c6daf1b9d1b963035.php 第 44 行.
NOTIC: [2] Illegal string offset 'companyname' E:\wamp\www\trainer\Application\Runtime\Cache\Home\52160acf02b94d3c6daf1b9d1b963035.php 第 45 行.
NOTIC: [2] Illegal string offset 'username' E:\wamp\www\trainer\Application\Runtime\Cache\Home\52160acf02b94d3c6daf1b9d1b963035.php 第 43 行.
NOTIC: [2] Illegal string offset 'time' E:\wamp\www\trainer\Application\Runtime\Cache\Home\52160acf02b94d3c6daf1b9d1b963035.php 第 44 行.
NOTIC: [2] Illegal string offset 'companyname' E:\wamp\www\trainer\Application\Runtime\Cache\Home\52160acf02b94d3c6daf1b9d1b963035.php 第 45 行.
NOTIC: [2] Illegal string offset 'username' E:\wamp\www\trainer\Application\Runtime\Cache\Home\52160acf02b94d3c6daf1b9d1b963035.php 第 43 行.
NOTIC: [2] Illegal string offset 'time' E:\wamp\www\trainer\Application\Runtime\Cache\Home\52160acf02b94d3c6daf1b9d1b963035.php 第 44 行.
NOTIC: [2] Illegal string offset 'companyname' E:\wamp\www\trainer\Application\Runtime\Cache\Home\52160acf02b94d3c6daf1b9d1b963035.php 第 45 行.
INFO: Run Behavior\ParseTemplateBehavior [ RunTime:0.008596s ]
INFO: [ view_parse ] --END-- [ RunTime:0.008673s ]
INFO: [ view_filter ] --START--
INFO: Run Behavior\WriteHtmlCacheBehavior [ RunTime:0.000328s ]
INFO: [ view_filter ] --END-- [ RunTime:0.000394s ]

[ 2017-04-05T22:32:31+08:00 ] 127.0.0.1 /trainer/
INFO: [ app_init ] --START--
INFO: Run Behavior\BuildLiteBehavior [ RunTime:0.000034s ]
INFO: [ app_init ] --END-- [ RunTime:0.000619s ]
INFO: [ app_begin ] --START--
INFO: Run Behavior\ReadHtmlCacheBehavior [ RunTime:0.000801s ]
INFO: [ app_begin ] --END-- [ RunTime:0.000941s ]
SQL: SHOW COLUMNS FROM `trainer_user` [ RunTime:0.0071s ]
SQL: SELECT * FROM `trainer_user` WHERE ( openid = 'myopenid_djjasjdjas' and status=1 ) LIMIT 1   [ RunTime:0.0004s ]
INFO: [ view_parse ] --START--
INFO: [ template_filter ] --START--
INFO: Run Behavior\ContentReplaceBehavior [ RunTime:0.000044s ]
INFO: [ template_filter ] --END-- [ RunTime:0.000100s ]
NOTIC: [2] Illegal string offset 'username' E:\wamp\www\trainer\Application\Runtime\Cache\Home\52160acf02b94d3c6daf1b9d1b963035.php 第 42 行.
NOTIC: [2] Illegal string offset 'username' E:\wamp\www\trainer\Application\Runtime\Cache\Home\52160acf02b94d3c6daf1b9d1b963035.php 第 44 行.
NOTIC: [2] Illegal string offset 'time' E:\wamp\www\trainer\Application\Runtime\Cache\Home\52160acf02b94d3c6daf1b9d1b963035.php 第 45 行.
NOTIC: [2] Illegal string offset 'companyname' E:\wamp\www\trainer\Application\Runtime\Cache\Home\52160acf02b94d3c6daf1b9d1b963035.php 第 46 行.
NOTIC: [2] Illegal string offset 'username' E:\wamp\www\trainer\Application\Runtime\Cache\Home\52160acf02b94d3c6daf1b9d1b963035.php 第 42 行.
NOTIC: [2] Illegal string offset 'username' E:\wamp\www\trainer\Application\Runtime\Cache\Home\52160acf02b94d3c6daf1b9d1b963035.php 第 44 行.
NOTIC: [2] Illegal string offset 'time' E:\wamp\www\trainer\Application\Runtime\Cache\Home\52160acf02b94d3c6daf1b9d1b963035.php 第 45 行.
NOTIC: [2] Illegal string offset 'companyname' E:\wamp\www\trainer\Application\Runtime\Cache\Home\52160acf02b94d3c6daf1b9d1b963035.php 第 46 行.
NOTIC: [2] Illegal string offset 'username' E:\wamp\www\trainer\Application\Runtime\Cache\Home\52160acf02b94d3c6daf1b9d1b963035.php 第 42 行.
NOTIC: [2] Illegal string offset 'username' E:\wamp\www\trainer\Application\Runtime\Cache\Home\52160acf02b94d3c6daf1b9d1b963035.php 第 44 行.
NOTIC: [2] Illegal string offset 'time' E:\wamp\www\trainer\Application\Runtime\Cache\Home\52160acf02b94d3c6daf1b9d1b963035.php 第 45 行.
NOTIC: [2] Illegal string offset 'companyname' E:\wamp\www\trainer\Application\Runtime\Cache\Home\52160acf02b94d3c6daf1b9d1b963035.php 第 46 行.
NOTIC: [2] Illegal string offset 'username' E:\wamp\www\trainer\Application\Runtime\Cache\Home\52160acf02b94d3c6daf1b9d1b963035.php 第 42 行.
NOTIC: [2] Illegal string offset 'username' E:\wamp\www\trainer\Application\Runtime\Cache\Home\52160acf02b94d3c6daf1b9d1b963035.php 第 44 行.
NOTIC: [2] Illegal string offset 'time' E:\wamp\www\trainer\Application\Runtime\Cache\Home\52160acf02b94d3c6daf1b9d1b963035.php 第 45 行.
NOTIC: [2] Illegal string offset 'companyname' E:\wamp\www\trainer\Application\Runtime\Cache\Home\52160acf02b94d3c6daf1b9d1b963035.php 第 46 行.
NOTIC: [2] Illegal string offset 'username' E:\wamp\www\trainer\Application\Runtime\Cache\Home\52160acf02b94d3c6daf1b9d1b963035.php 第 42 行.
NOTIC: [2] Illegal string offset 'username' E:\wamp\www\trainer\Application\Runtime\Cache\Home\52160acf02b94d3c6daf1b9d1b963035.php 第 44 行.
NOTIC: [2] Illegal string offset 'time' E:\wamp\www\trainer\Application\Runtime\Cache\Home\52160acf02b94d3c6daf1b9d1b963035.php 第 45 行.
NOTIC: [2] Illegal string offset 'companyname' E:\wamp\www\trainer\Application\Runtime\Cache\Home\52160acf02b94d3c6daf1b9d1b963035.php 第 46 行.
NOTIC: [2] Illegal string offset 'username' E:\wamp\www\trainer\Application\Runtime\Cache\Home\52160acf02b94d3c6daf1b9d1b963035.php 第 42 行.
NOTIC: [2] Illegal string offset 'username' E:\wamp\www\trainer\Application\Runtime\Cache\Home\52160acf02b94d3c6daf1b9d1b963035.php 第 44 行.
NOTIC: [2] Illegal string offset 'time' E:\wamp\www\trainer\Application\Runtime\Cache\Home\52160acf02b94d3c6daf1b9d1b963035.php 第 45 行.
NOTIC: [2] Illegal string offset 'companyname' E:\wamp\www\trainer\Application\Runtime\Cache\Home\52160acf02b94d3c6daf1b9d1b963035.php 第 46 行.
NOTIC: [2] Illegal string offset 'username' E:\wamp\www\trainer\Application\Runtime\Cache\Home\52160acf02b94d3c6daf1b9d1b963035.php 第 42 行.
NOTIC: [2] Illegal string offset 'username' E:\wamp\www\trainer\Application\Runtime\Cache\Home\52160acf02b94d3c6daf1b9d1b963035.php 第 44 行.
NOTIC: [2] Illegal string offset 'time' E:\wamp\www\trainer\Application\Runtime\Cache\Home\52160acf02b94d3c6daf1b9d1b963035.php 第 45 行.
NOTIC: [2] Illegal string offset 'companyname' E:\wamp\www\trainer\Application\Runtime\Cache\Home\52160acf02b94d3c6daf1b9d1b963035.php 第 46 行.
NOTIC: [2] Illegal string offset 'username' E:\wamp\www\trainer\Application\Runtime\Cache\Home\52160acf02b94d3c6daf1b9d1b963035.php 第 42 行.
NOTIC: [2] Illegal string offset 'username' E:\wamp\www\trainer\Application\Runtime\Cache\Home\52160acf02b94d3c6daf1b9d1b963035.php 第 44 行.
NOTIC: [2] Illegal string offset 'time' E:\wamp\www\trainer\Application\Runtime\Cache\Home\52160acf02b94d3c6daf1b9d1b963035.php 第 45 行.
NOTIC: [2] Illegal string offset 'companyname' E:\wamp\www\trainer\Application\Runtime\Cache\Home\52160acf02b94d3c6daf1b9d1b963035.php 第 46 行.
NOTIC: [2] Illegal string offset 'username' E:\wamp\www\trainer\Application\Runtime\Cache\Home\52160acf02b94d3c6daf1b9d1b963035.php 第 42 行.
NOTIC: [2] Illegal string offset 'username' E:\wamp\www\trainer\Application\Runtime\Cache\Home\52160acf02b94d3c6daf1b9d1b963035.php 第 44 行.
NOTIC: [2] Illegal string offset 'time' E:\wamp\www\trainer\Application\Runtime\Cache\Home\52160acf02b94d3c6daf1b9d1b963035.php 第 45 行.
NOTIC: [2] Illegal string offset 'companyname' E:\wamp\www\trainer\Application\Runtime\Cache\Home\52160acf02b94d3c6daf1b9d1b963035.php 第 46 行.
NOTIC: [2] Illegal string offset 'username' E:\wamp\www\trainer\Application\Runtime\Cache\Home\52160acf02b94d3c6daf1b9d1b963035.php 第 42 行.
NOTIC: [2] Illegal string offset 'username' E:\wamp\www\trainer\Application\Runtime\Cache\Home\52160acf02b94d3c6daf1b9d1b963035.php 第 44 行.
NOTIC: [2] Illegal string offset 'time' E:\wamp\www\trainer\Application\Runtime\Cache\Home\52160acf02b94d3c6daf1b9d1b963035.php 第 45 行.
NOTIC: [2] Illegal string offset 'companyname' E:\wamp\www\trainer\Application\Runtime\Cache\Home\52160acf02b94d3c6daf1b9d1b963035.php 第 46 行.
INFO: Run Behavior\ParseTemplateBehavior [ RunTime:0.006279s ]
INFO: [ view_parse ] --END-- [ RunTime:0.006351s ]
INFO: [ view_filter ] --START--
INFO: Run Behavior\WriteHtmlCacheBehavior [ RunTime:0.000210s ]
INFO: [ view_filter ] --END-- [ RunTime:0.000259s ]

[ 2017-04-05T22:34:29+08:00 ] 127.0.0.1 /trainer/
INFO: [ app_init ] --START--
INFO: Run Behavior\BuildLiteBehavior [ RunTime:0.000073s ]
INFO: [ app_init ] --END-- [ RunTime:0.001107s ]
INFO: [ app_begin ] --START--
INFO: Run Behavior\ReadHtmlCacheBehavior [ RunTime:0.001290s ]
INFO: [ app_begin ] --END-- [ RunTime:0.001489s ]
SQL: SHOW COLUMNS FROM `trainer_user` [ RunTime:0.0065s ]
SQL: SELECT * FROM `trainer_user` WHERE ( openid = 'myopenid_djjasjdjas' and status=1 ) LIMIT 1   [ RunTime:0.0005s ]
INFO: [ view_parse ] --START--
INFO: [ template_filter ] --START--
INFO: Run Behavior\ContentReplaceBehavior [ RunTime:0.000062s ]
INFO: [ template_filter ] --END-- [ RunTime:0.000143s ]
NOTIC: [2] Illegal string offset 'username' E:\wamp\www\trainer\Application\Runtime\Cache\Home\52160acf02b94d3c6daf1b9d1b963035.php 第 42 行.
NOTIC: [2] Illegal string offset 'username' E:\wamp\www\trainer\Application\Runtime\Cache\Home\52160acf02b94d3c6daf1b9d1b963035.php 第 44 行.
NOTIC: [2] Illegal string offset 'time' E:\wamp\www\trainer\Application\Runtime\Cache\Home\52160acf02b94d3c6daf1b9d1b963035.php 第 45 行.
NOTIC: [2] Illegal string offset 'companyname' E:\wamp\www\trainer\Application\Runtime\Cache\Home\52160acf02b94d3c6daf1b9d1b963035.php 第 46 行.
NOTIC: [2] Illegal string offset 'username' E:\wamp\www\trainer\Application\Runtime\Cache\Home\52160acf02b94d3c6daf1b9d1b963035.php 第 42 行.
NOTIC: [2] Illegal string offset 'username' E:\wamp\www\trainer\Application\Runtime\Cache\Home\52160acf02b94d3c6daf1b9d1b963035.php 第 44 行.
NOTIC: [2] Illegal string offset 'time' E:\wamp\www\trainer\Application\Runtime\Cache\Home\52160acf02b94d3c6daf1b9d1b963035.php 第 45 行.
NOTIC: [2] Illegal string offset 'companyname' E:\wamp\www\trainer\Application\Runtime\Cache\Home\52160acf02b94d3c6daf1b9d1b963035.php 第 46 行.
NOTIC: [2] Illegal string offset 'username' E:\wamp\www\trainer\Application\Runtime\Cache\Home\52160acf02b94d3c6daf1b9d1b963035.php 第 42 行.
NOTIC: [2] Illegal string offset 'username' E:\wamp\www\trainer\Application\Runtime\Cache\Home\52160acf02b94d3c6daf1b9d1b963035.php 第 44 行.
NOTIC: [2] Illegal string offset 'time' E:\wamp\www\trainer\Application\Runtime\Cache\Home\52160acf02b94d3c6daf1b9d1b963035.php 第 45 行.
NOTIC: [2] Illegal string offset 'companyname' E:\wamp\www\trainer\Application\Runtime\Cache\Home\52160acf02b94d3c6daf1b9d1b963035.php 第 46 行.
NOTIC: [2] Illegal string offset 'username' E:\wamp\www\trainer\Application\Runtime\Cache\Home\52160acf02b94d3c6daf1b9d1b963035.php 第 42 行.
NOTIC: [2] Illegal string offset 'username' E:\wamp\www\trainer\Application\Runtime\Cache\Home\52160acf02b94d3c6daf1b9d1b963035.php 第 44 行.
NOTIC: [2] Illegal string offset 'time' E:\wamp\www\trainer\Application\Runtime\Cache\Home\52160acf02b94d3c6daf1b9d1b963035.php 第 45 行.
NOTIC: [2] Illegal string offset 'companyname' E:\wamp\www\trainer\Application\Runtime\Cache\Home\52160acf02b94d3c6daf1b9d1b963035.php 第 46 行.
NOTIC: [2] Illegal string offset 'username' E:\wamp\www\trainer\Application\Runtime\Cache\Home\52160acf02b94d3c6daf1b9d1b963035.php 第 42 行.
NOTIC: [2] Illegal string offset 'username' E:\wamp\www\trainer\Application\Runtime\Cache\Home\52160acf02b94d3c6daf1b9d1b963035.php 第 44 行.
NOTIC: [2] Illegal string offset 'time' E:\wamp\www\trainer\Application\Runtime\Cache\Home\52160acf02b94d3c6daf1b9d1b963035.php 第 45 行.
NOTIC: [2] Illegal string offset 'companyname' E:\wamp\www\trainer\Application\Runtime\Cache\Home\52160acf02b94d3c6daf1b9d1b963035.php 第 46 行.
NOTIC: [2] Illegal string offset 'username' E:\wamp\www\trainer\Application\Runtime\Cache\Home\52160acf02b94d3c6daf1b9d1b963035.php 第 42 行.
NOTIC: [2] Illegal string offset 'username' E:\wamp\www\trainer\Application\Runtime\Cache\Home\52160acf02b94d3c6daf1b9d1b963035.php 第 44 行.
NOTIC: [2] Illegal string offset 'time' E:\wamp\www\trainer\Application\Runtime\Cache\Home\52160acf02b94d3c6daf1b9d1b963035.php 第 45 行.
NOTIC: [2] Illegal string offset 'companyname' E:\wamp\www\trainer\Application\Runtime\Cache\Home\52160acf02b94d3c6daf1b9d1b963035.php 第 46 行.
NOTIC: [2] Illegal string offset 'username' E:\wamp\www\trainer\Application\Runtime\Cache\Home\52160acf02b94d3c6daf1b9d1b963035.php 第 42 行.
NOTIC: [2] Illegal string offset 'username' E:\wamp\www\trainer\Application\Runtime\Cache\Home\52160acf02b94d3c6daf1b9d1b963035.php 第 44 行.
NOTIC: [2] Illegal string offset 'time' E:\wamp\www\trainer\Application\Runtime\Cache\Home\52160acf02b94d3c6daf1b9d1b963035.php 第 45 行.
NOTIC: [2] Illegal string offset 'companyname' E:\wamp\www\trainer\Application\Runtime\Cache\Home\52160acf02b94d3c6daf1b9d1b963035.php 第 46 行.
NOTIC: [2] Illegal string offset 'username' E:\wamp\www\trainer\Application\Runtime\Cache\Home\52160acf02b94d3c6daf1b9d1b963035.php 第 42 行.
NOTIC: [2] Illegal string offset 'username' E:\wamp\www\trainer\Application\Runtime\Cache\Home\52160acf02b94d3c6daf1b9d1b963035.php 第 44 行.
NOTIC: [2] Illegal string offset 'time' E:\wamp\www\trainer\Application\Runtime\Cache\Home\52160acf02b94d3c6daf1b9d1b963035.php 第 45 行.
NOTIC: [2] Illegal string offset 'companyname' E:\wamp\www\trainer\Application\Runtime\Cache\Home\52160acf02b94d3c6daf1b9d1b963035.php 第 46 行.
NOTIC: [2] Illegal string offset 'username' E:\wamp\www\trainer\Application\Runtime\Cache\Home\52160acf02b94d3c6daf1b9d1b963035.php 第 42 行.
NOTIC: [2] Illegal string offset 'username' E:\wamp\www\trainer\Application\Runtime\Cache\Home\52160acf02b94d3c6daf1b9d1b963035.php 第 44 行.
NOTIC: [2] Illegal string offset 'time' E:\wamp\www\trainer\Application\Runtime\Cache\Home\52160acf02b94d3c6daf1b9d1b963035.php 第 45 行.
NOTIC: [2] Illegal string offset 'companyname' E:\wamp\www\trainer\Application\Runtime\Cache\Home\52160acf02b94d3c6daf1b9d1b963035.php 第 46 行.
NOTIC: [2] Illegal string offset 'username' E:\wamp\www\trainer\Application\Runtime\Cache\Home\52160acf02b94d3c6daf1b9d1b963035.php 第 42 行.
NOTIC: [2] Illegal string offset 'username' E:\wamp\www\trainer\Application\Runtime\Cache\Home\52160acf02b94d3c6daf1b9d1b963035.php 第 44 行.
NOTIC: [2] Illegal string offset 'time' E:\wamp\www\trainer\Application\Runtime\Cache\Home\52160acf02b94d3c6daf1b9d1b963035.php 第 45 行.
NOTIC: [2] Illegal string offset 'companyname' E:\wamp\www\trainer\Application\Runtime\Cache\Home\52160acf02b94d3c6daf1b9d1b963035.php 第 46 行.
INFO: Run Behavior\ParseTemplateBehavior [ RunTime:0.008833s ]
INFO: [ view_parse ] --END-- [ RunTime:0.008910s ]
INFO: [ view_filter ] --START--
INFO: Run Behavior\WriteHtmlCacheBehavior [ RunTime:0.000323s ]
INFO: [ view_filter ] --END-- [ RunTime:0.000389s ]

[ 2017-04-05T22:36:34+08:00 ] 127.0.0.1 /trainer/
INFO: [ app_init ] --START--
INFO: Run Behavior\BuildLiteBehavior [ RunTime:0.000045s ]
INFO: [ app_init ] --END-- [ RunTime:0.000671s ]
INFO: [ app_begin ] --START--
INFO: Run Behavior\ReadHtmlCacheBehavior [ RunTime:0.001054s ]
INFO: [ app_begin ] --END-- [ RunTime:0.001219s ]
SQL: SHOW COLUMNS FROM `trainer_user` [ RunTime:0.0064s ]
SQL: SELECT * FROM `trainer_user` WHERE ( openid = 'myopenid_djjasjdjas' and status=1 ) LIMIT 1   [ RunTime:0.0005s ]
INFO: [ view_parse ] --START--
INFO: [ template_filter ] --START--
INFO: Run Behavior\ContentReplaceBehavior [ RunTime:0.000068s ]
INFO: [ template_filter ] --END-- [ RunTime:0.000156s ]
NOTIC: [2] Illegal string offset 'username' E:\wamp\www\trainer\Application\Runtime\Cache\Home\52160acf02b94d3c6daf1b9d1b963035.php 第 43 行.
NOTIC: [2] Illegal string offset 'username' E:\wamp\www\trainer\Application\Runtime\Cache\Home\52160acf02b94d3c6daf1b9d1b963035.php 第 45 行.
NOTIC: [2] Illegal string offset 'time' E:\wamp\www\trainer\Application\Runtime\Cache\Home\52160acf02b94d3c6daf1b9d1b963035.php 第 46 行.
NOTIC: [2] Illegal string offset 'companyname' E:\wamp\www\trainer\Application\Runtime\Cache\Home\52160acf02b94d3c6daf1b9d1b963035.php 第 47 行.
NOTIC: [2] Illegal string offset 'username' E:\wamp\www\trainer\Application\Runtime\Cache\Home\52160acf02b94d3c6daf1b9d1b963035.php 第 43 行.
NOTIC: [2] Illegal string offset 'username' E:\wamp\www\trainer\Application\Runtime\Cache\Home\52160acf02b94d3c6daf1b9d1b963035.php 第 45 行.
NOTIC: [2] Illegal string offset 'time' E:\wamp\www\trainer\Application\Runtime\Cache\Home\52160acf02b94d3c6daf1b9d1b963035.php 第 46 行.
NOTIC: [2] Illegal string offset 'companyname' E:\wamp\www\trainer\Application\Runtime\Cache\Home\52160acf02b94d3c6daf1b9d1b963035.php 第 47 行.
NOTIC: [2] Illegal string offset 'username' E:\wamp\www\trainer\Application\Runtime\Cache\Home\52160acf02b94d3c6daf1b9d1b963035.php 第 43 行.
NOTIC: [2] Illegal string offset 'username' E:\wamp\www\trainer\Application\Runtime\Cache\Home\52160acf02b94d3c6daf1b9d1b963035.php 第 45 行.
NOTIC: [2] Illegal string offset 'time' E:\wamp\www\trainer\Application\Runtime\Cache\Home\52160acf02b94d3c6daf1b9d1b963035.php 第 46 行.
NOTIC: [2] Illegal string offset 'companyname' E:\wamp\www\trainer\Application\Runtime\Cache\Home\52160acf02b94d3c6daf1b9d1b963035.php 第 47 行.
NOTIC: [2] Illegal string offset 'username' E:\wamp\www\trainer\Application\Runtime\Cache\Home\52160acf02b94d3c6daf1b9d1b963035.php 第 43 行.
NOTIC: [2] Illegal string offset 'username' E:\wamp\www\trainer\Application\Runtime\Cache\Home\52160acf02b94d3c6daf1b9d1b963035.php 第 45 行.
NOTIC: [2] Illegal string offset 'time' E:\wamp\www\trainer\Application\Runtime\Cache\Home\52160acf02b94d3c6daf1b9d1b963035.php 第 46 行.
NOTIC: [2] Illegal string offset 'companyname' E:\wamp\www\trainer\Application\Runtime\Cache\Home\52160acf02b94d3c6daf1b9d1b963035.php 第 47 行.
NOTIC: [2] Illegal string offset 'username' E:\wamp\www\trainer\Application\Runtime\Cache\Home\52160acf02b94d3c6daf1b9d1b963035.php 第 43 行.
NOTIC: [2] Illegal string offset 'username' E:\wamp\www\trainer\Application\Runtime\Cache\Home\52160acf02b94d3c6daf1b9d1b963035.php 第 45 行.
NOTIC: [2] Illegal string offset 'time' E:\wamp\www\trainer\Application\Runtime\Cache\Home\52160acf02b94d3c6daf1b9d1b963035.php 第 46 行.
NOTIC: [2] Illegal string offset 'companyname' E:\wamp\www\trainer\Application\Runtime\Cache\Home\52160acf02b94d3c6daf1b9d1b963035.php 第 47 行.
NOTIC: [2] Illegal string offset 'username' E:\wamp\www\trainer\Application\Runtime\Cache\Home\52160acf02b94d3c6daf1b9d1b963035.php 第 43 行.
NOTIC: [2] Illegal string offset 'username' E:\wamp\www\trainer\Application\Runtime\Cache\Home\52160acf02b94d3c6daf1b9d1b963035.php 第 45 行.
NOTIC: [2] Illegal string offset 'time' E:\wamp\www\trainer\Application\Runtime\Cache\Home\52160acf02b94d3c6daf1b9d1b963035.php 第 46 行.
NOTIC: [2] Illegal string offset 'companyname' E:\wamp\www\trainer\Application\Runtime\Cache\Home\52160acf02b94d3c6daf1b9d1b963035.php 第 47 行.
NOTIC: [2] Illegal string offset 'username' E:\wamp\www\trainer\Application\Runtime\Cache\Home\52160acf02b94d3c6daf1b9d1b963035.php 第 43 行.
NOTIC: [2] Illegal string offset 'username' E:\wamp\www\trainer\Application\Runtime\Cache\Home\52160acf02b94d3c6daf1b9d1b963035.php 第 45 行.
NOTIC: [2] Illegal string offset 'time' E:\wamp\www\trainer\Application\Runtime\Cache\Home\52160acf02b94d3c6daf1b9d1b963035.php 第 46 行.
NOTIC: [2] Illegal string offset 'companyname' E:\wamp\www\trainer\Application\Runtime\Cache\Home\52160acf02b94d3c6daf1b9d1b963035.php 第 47 行.
NOTIC: [2] Illegal string offset 'username' E:\wamp\www\trainer\Application\Runtime\Cache\Home\52160acf02b94d3c6daf1b9d1b963035.php 第 43 行.
NOTIC: [2] Illegal string offset 'username' E:\wamp\www\trainer\Application\Runtime\Cache\Home\52160acf02b94d3c6daf1b9d1b963035.php 第 45 行.
NOTIC: [2] Illegal string offset 'time' E:\wamp\www\trainer\Application\Runtime\Cache\Home\52160acf02b94d3c6daf1b9d1b963035.php 第 46 行.
NOTIC: [2] Illegal string offset 'companyname' E:\wamp\www\trainer\Application\Runtime\Cache\Home\52160acf02b94d3c6daf1b9d1b963035.php 第 47 行.
NOTIC: [2] Illegal string offset 'username' E:\wamp\www\trainer\Application\Runtime\Cache\Home\52160acf02b94d3c6daf1b9d1b963035.php 第 43 行.
NOTIC: [2] Illegal string offset 'username' E:\wamp\www\trainer\Application\Runtime\Cache\Home\52160acf02b94d3c6daf1b9d1b963035.php 第 45 行.
NOTIC: [2] Illegal string offset 'time' E:\wamp\www\trainer\Application\Runtime\Cache\Home\52160acf02b94d3c6daf1b9d1b963035.php 第 46 行.
NOTIC: [2] Illegal string offset 'companyname' E:\wamp\www\trainer\Application\Runtime\Cache\Home\52160acf02b94d3c6daf1b9d1b963035.php 第 47 行.
NOTIC: [2] Illegal string offset 'username' E:\wamp\www\trainer\Application\Runtime\Cache\Home\52160acf02b94d3c6daf1b9d1b963035.php 第 43 行.
NOTIC: [2] Illegal string offset 'username' E:\wamp\www\trainer\Application\Runtime\Cache\Home\52160acf02b94d3c6daf1b9d1b963035.php 第 45 行.
NOTIC: [2] Illegal string offset 'time' E:\wamp\www\trainer\Application\Runtime\Cache\Home\52160acf02b94d3c6daf1b9d1b963035.php 第 46 行.
NOTIC: [2] Illegal string offset 'companyname' E:\wamp\www\trainer\Application\Runtime\Cache\Home\52160acf02b94d3c6daf1b9d1b963035.php 第 47 行.
INFO: Run Behavior\ParseTemplateBehavior [ RunTime:0.009609s ]
INFO: [ view_parse ] --END-- [ RunTime:0.009691s ]
INFO: [ view_filter ] --START--
INFO: Run Behavior\WriteHtmlCacheBehavior [ RunTime:0.000353s ]
INFO: [ view_filter ] --END-- [ RunTime:0.000425s ]

[ 2017-04-05T22:36:48+08:00 ] 127.0.0.1 /trainer/
INFO: [ app_init ] --START--
INFO: Run Behavior\BuildLiteBehavior [ RunTime:0.000068s ]
INFO: [ app_init ] --END-- [ RunTime:0.001102s ]
INFO: [ app_begin ] --START--
INFO: Run Behavior\ReadHtmlCacheBehavior [ RunTime:0.000936s ]
INFO: [ app_begin ] --END-- [ RunTime:0.001106s ]
SQL: SHOW COLUMNS FROM `trainer_user` [ RunTime:0.0075s ]
SQL: SELECT * FROM `trainer_user` WHERE ( openid = 'myopenid_djjasjdjas' and status=1 )  [ RunTime:0.0008s ]
INFO: [ view_parse ] --START--
INFO: [ template_filter ] --START--
INFO: Run Behavior\ContentReplaceBehavior [ RunTime:0.000045s ]
INFO: [ template_filter ] --END-- [ RunTime:0.000105s ]
NOTIC: [8] Undefined index: username E:\wamp\www\trainer\Application\Runtime\Cache\Home\52160acf02b94d3c6daf1b9d1b963035.php 第 42 行.
INFO: Run Behavior\ParseTemplateBehavior [ RunTime:0.006436s ]
INFO: [ view_parse ] --END-- [ RunTime:0.006503s ]
INFO: [ view_filter ] --START--
INFO: Run Behavior\WriteHtmlCacheBehavior [ RunTime:0.000246s ]
INFO: [ view_filter ] --END-- [ RunTime:0.000299s ]

[ 2017-04-05T22:36:54+08:00 ] 127.0.0.1 /trainer/
INFO: [ app_init ] --START--
INFO: Run Behavior\BuildLiteBehavior [ RunTime:0.000069s ]
INFO: [ app_init ] --END-- [ RunTime:0.001028s ]
INFO: [ app_begin ] --START--
INFO: Run Behavior\ReadHtmlCacheBehavior [ RunTime:0.001771s ]
INFO: [ app_begin ] --END-- [ RunTime:0.002237s ]
SQL: SHOW COLUMNS FROM `trainer_user` [ RunTime:0.0094s ]
SQL: SELECT * FROM `trainer_user` WHERE ( openid = 'myopenid_djjasjdjas' and status=1 )  [ RunTime:0.0008s ]
INFO: [ view_parse ] --START--
INFO: [ template_filter ] --START--
INFO: Run Behavior\ContentReplaceBehavior [ RunTime:0.000099s ]
INFO: [ template_filter ] --END-- [ RunTime:0.000244s ]
NOTIC: [8] Undefined index: username E:\wamp\www\trainer\Application\Runtime\Cache\Home\52160acf02b94d3c6daf1b9d1b963035.php 第 42 行.
INFO: Run Behavior\ParseTemplateBehavior [ RunTime:0.014387s ]
INFO: [ view_parse ] --END-- [ RunTime:0.014536s ]
INFO: [ view_filter ] --START--
INFO: Run Behavior\WriteHtmlCacheBehavior [ RunTime:0.000574s ]
INFO: [ view_filter ] --END-- [ RunTime:0.000694s ]

[ 2017-04-05T22:37:10+08:00 ] 127.0.0.1 /trainer/
INFO: [ app_init ] --START--
INFO: Run Behavior\BuildLiteBehavior [ RunTime:0.000068s ]
INFO: [ app_init ] --END-- [ RunTime:0.001044s ]
INFO: [ app_begin ] --START--
INFO: Run Behavior\ReadHtmlCacheBehavior [ RunTime:0.000955s ]
INFO: [ app_begin ] --END-- [ RunTime:0.001114s ]
SQL: SHOW COLUMNS FROM `trainer_user` [ RunTime:0.0079s ]
SQL: SELECT * FROM `trainer_user` WHERE ( openid = 'myopenid_djjasjdjas' and status=1 )  [ RunTime:0.0008s ]

[ 2017-04-05T22:37:26+08:00 ] 127.0.0.1 /trainer/
INFO: [ app_init ] --START--
INFO: Run Behavior\BuildLiteBehavior [ RunTime:0.000084s ]
INFO: [ app_init ] --END-- [ RunTime:0.001437s ]
INFO: [ app_begin ] --START--
INFO: Run Behavior\ReadHtmlCacheBehavior [ RunTime:0.001140s ]
INFO: [ app_begin ] --END-- [ RunTime:0.001348s ]
SQL: SHOW COLUMNS FROM `trainer_user` [ RunTime:0.0058s ]
SQL: SELECT * FROM `trainer_user` WHERE ( openid = 'myopenid_djjasjdjas' and status=0 )  [ RunTime:0.0005s ]

[ 2017-04-05T22:37:36+08:00 ] 127.0.0.1 /trainer/
INFO: [ app_init ] --START--
INFO: Run Behavior\BuildLiteBehavior [ RunTime:0.000043s ]
INFO: [ app_init ] --END-- [ RunTime:0.000632s ]
INFO: [ app_begin ] --START--
INFO: Run Behavior\ReadHtmlCacheBehavior [ RunTime:0.000805s ]
INFO: [ app_begin ] --END-- [ RunTime:0.000960s ]
SQL: SHOW COLUMNS FROM `trainer_user` [ RunTime:0.0071s ]
SQL: SELECT * FROM `trainer_user` WHERE ( openid = 'myopenid_djjasjdjas' and status=1 )  [ RunTime:0.0005s ]

[ 2017-04-05T22:37:54+08:00 ] 127.0.0.1 /trainer/
INFO: [ app_init ] --START--
INFO: Run Behavior\BuildLiteBehavior [ RunTime:0.000042s ]
INFO: [ app_init ] --END-- [ RunTime:0.000645s ]
INFO: [ app_begin ] --START--
INFO: Run Behavior\ReadHtmlCacheBehavior [ RunTime:0.000735s ]
INFO: [ app_begin ] --END-- [ RunTime:0.000880s ]
SQL: SHOW COLUMNS FROM `trainer_user` [ RunTime:0.0079s ]
SQL: SELECT * FROM `trainer_user` WHERE ( openid = 'myopenid_djjasjdjas' and status=1 )  [ RunTime:0.0008s ]
INFO: [ view_parse ] --START--
INFO: [ template_filter ] --START--
INFO: Run Behavior\ContentReplaceBehavior [ RunTime:0.000091s ]
INFO: [ template_filter ] --END-- [ RunTime:0.000225s ]
INFO: Run Behavior\ParseTemplateBehavior [ RunTime:0.012271s ]
INFO: [ view_parse ] --END-- [ RunTime:0.012422s ]
INFO: [ view_filter ] --START--
INFO: Run Behavior\WriteHtmlCacheBehavior [ RunTime:0.000518s ]
INFO: [ view_filter ] --END-- [ RunTime:0.000628s ]

[ 2017-04-05T22:38:05+08:00 ] 127.0.0.1 /trainer/
INFO: [ app_init ] --START--
INFO: Run Behavior\BuildLiteBehavior [ RunTime:0.000032s ]
INFO: [ app_init ] --END-- [ RunTime:0.000555s ]
INFO: [ app_begin ] --START--
INFO: Run Behavior\ReadHtmlCacheBehavior [ RunTime:0.000768s ]
INFO: [ app_begin ] --END-- [ RunTime:0.000901s ]
SQL: SHOW COLUMNS FROM `trainer_user` [ RunTime:0.0091s ]
SQL: SELECT * FROM `trainer_user` WHERE ( openid = 'myopenid_djjasjdjas' and status=1 )  [ RunTime:0.0008s ]
INFO: [ view_parse ] --START--
INFO: [ template_filter ] --START--
INFO: Run Behavior\ContentReplaceBehavior [ RunTime:0.000091s ]
INFO: [ template_filter ] --END-- [ RunTime:0.000228s ]
INFO: Run Behavior\ParseTemplateBehavior [ RunTime:0.010871s ]
INFO: [ view_parse ] --END-- [ RunTime:0.011021s ]
INFO: [ view_filter ] --START--
INFO: Run Behavior\WriteHtmlCacheBehavior [ RunTime:0.000429s ]
INFO: [ view_filter ] --END-- [ RunTime:0.000552s ]

[ 2017-04-05T22:39:42+08:00 ] 127.0.0.1 /trainer/
INFO: [ app_init ] --START--
INFO: Run Behavior\BuildLiteBehavior [ RunTime:0.000049s ]
INFO: [ app_init ] --END-- [ RunTime:0.000748s ]
INFO: [ app_begin ] --START--
INFO: Run Behavior\ReadHtmlCacheBehavior [ RunTime:0.001013s ]
INFO: [ app_begin ] --END-- [ RunTime:0.001184s ]
SQL: SHOW COLUMNS FROM `trainer_user` [ RunTime:0.0110s ]
SQL: SELECT * FROM `trainer_user` WHERE ( openid = 'myopenid_djjasjdjas' and status=1 )  [ RunTime:0.0008s ]
INFO: [ view_parse ] --START--
INFO: [ template_filter ] --START--
INFO: Run Behavior\ContentReplaceBehavior [ RunTime:0.000058s ]
INFO: [ template_filter ] --END-- [ RunTime:0.000140s ]
INFO: Run Behavior\ParseTemplateBehavior [ RunTime:0.012231s ]
INFO: [ view_parse ] --END-- [ RunTime:0.012355s ]
INFO: [ view_filter ] --START--
INFO: Run Behavior\WriteHtmlCacheBehavior [ RunTime:0.000325s ]
INFO: [ view_filter ] --END-- [ RunTime:0.000394s ]

[ 2017-04-05T22:41:07+08:00 ] 127.0.0.1 /trainer/
INFO: [ app_init ] --START--
INFO: Run Behavior\BuildLiteBehavior [ RunTime:0.000019s ]
INFO: [ app_init ] --END-- [ RunTime:0.000363s ]
INFO: [ app_begin ] --START--
INFO: Run Behavior\ReadHtmlCacheBehavior [ RunTime:0.000511s ]
INFO: [ app_begin ] --END-- [ RunTime:0.000596s ]
SQL: SHOW COLUMNS FROM `trainer_user` [ RunTime:0.0056s ]
SQL: SELECT * FROM `trainer_user` WHERE ( openid = 'myopenid_djjasjdjas' and status=1 )  [ RunTime:0.0005s ]
INFO: [ view_parse ] --START--
INFO: [ template_filter ] --START--
INFO: Run Behavior\ContentReplaceBehavior [ RunTime:0.000052s ]
INFO: [ template_filter ] --END-- [ RunTime:0.000127s ]
INFO: Run Behavior\ParseTemplateBehavior [ RunTime:0.006703s ]
INFO: [ view_parse ] --END-- [ RunTime:0.006787s ]
INFO: [ view_filter ] --START--
INFO: Run Behavior\WriteHtmlCacheBehavior [ RunTime:0.000256s ]
INFO: [ view_filter ] --END-- [ RunTime:0.000322s ]

[ 2017-04-05T22:48:15+08:00 ] 127.0.0.1 /trainer/
INFO: [ app_init ] --START--
INFO: Run Behavior\BuildLiteBehavior [ RunTime:0.000028s ]
INFO: [ app_init ] --END-- [ RunTime:0.000516s ]
INFO: [ app_begin ] --START--
INFO: Run Behavior\ReadHtmlCacheBehavior [ RunTime:0.000731s ]
INFO: [ app_begin ] --END-- [ RunTime:0.000845s ]
SQL: SHOW COLUMNS FROM `trainer_user` [ RunTime:0.0065s ]
SQL: SELECT * FROM `trainer_user` WHERE ( openid = 'myopenid_djjasjdjas' and status=1 )  [ RunTime:0.0004s ]
INFO: [ view_parse ] --START--
INFO: [ template_filter ] --START--
INFO: Run Behavior\ContentReplaceBehavior [ RunTime:0.000047s ]
INFO: [ template_filter ] --END-- [ RunTime:0.000114s ]
INFO: Run Behavior\ParseTemplateBehavior [ RunTime:0.006740s ]
INFO: [ view_parse ] --END-- [ RunTime:0.006814s ]
INFO: [ view_filter ] --START--
INFO: Run Behavior\WriteHtmlCacheBehavior [ RunTime:0.000279s ]
INFO: [ view_filter ] --END-- [ RunTime:0.000348s ]

[ 2017-04-05T22:58:26+08:00 ] ::1 /trainer/
INFO: [ app_init ] --START--
INFO: Run Behavior\BuildLiteBehavior [ RunTime:0.000053s ]
INFO: [ app_init ] --END-- [ RunTime:0.000780s ]
INFO: [ app_begin ] --START--
INFO: Run Behavior\ReadHtmlCacheBehavior [ RunTime:0.000430s ]
INFO: [ app_begin ] --END-- [ RunTime:0.000497s ]
SQL: SHOW COLUMNS FROM `trainer_user` [ RunTime:0.0057s ]
SQL: SELECT * FROM `trainer_user` WHERE ( openid = 'myopenid_djjasjdjas' and status=1 )  [ RunTime:0.0006s ]
INFO: [ view_parse ] --START--
INFO: [ template_filter ] --START--
INFO: Run Behavior\ContentReplaceBehavior [ RunTime:0.000071s ]
INFO: [ template_filter ] --END-- [ RunTime:0.000159s ]
INFO: Run Behavior\ParseTemplateBehavior [ RunTime:0.006929s ]
INFO: [ view_parse ] --END-- [ RunTime:0.006997s ]
INFO: [ view_filter ] --START--
INFO: Run Behavior\WriteHtmlCacheBehavior [ RunTime:0.000288s ]
INFO: [ view_filter ] --END-- [ RunTime:0.000342s ]

[ 2017-04-05T22:58:33+08:00 ] ::1 /trainer/
INFO: [ app_init ] --START--
INFO: Run Behavior\BuildLiteBehavior [ RunTime:0.000017s ]
INFO: [ app_init ] --END-- [ RunTime:0.000281s ]
INFO: [ app_begin ] --START--
INFO: Run Behavior\ReadHtmlCacheBehavior [ RunTime:0.000350s ]
INFO: [ app_begin ] --END-- [ RunTime:0.000413s ]
SQL: SHOW COLUMNS FROM `trainer_user` [ RunTime:0.0045s ]
SQL: SELECT * FROM `trainer_user` WHERE ( openid = 'myopenid_djjasjdjas' and status=1 )  [ RunTime:0.0005s ]
INFO: [ view_parse ] --START--
INFO: [ template_filter ] --START--
INFO: Run Behavior\ContentReplaceBehavior [ RunTime:0.000048s ]
INFO: [ template_filter ] --END-- [ RunTime:0.000118s ]
INFO: Run Behavior\ParseTemplateBehavior [ RunTime:0.006649s ]
INFO: [ view_parse ] --END-- [ RunTime:0.006721s ]
INFO: [ view_filter ] --START--
INFO: Run Behavior\WriteHtmlCacheBehavior [ RunTime:0.000250s ]
INFO: [ view_filter ] --END-- [ RunTime:0.000304s ]

[ 2017-04-05T22:59:36+08:00 ] ::1 /trainer/
INFO: [ app_init ] --START--
INFO: Run Behavior\BuildLiteBehavior [ RunTime:0.000026s ]
INFO: [ app_init ] --END-- [ RunTime:0.000465s ]
INFO: [ app_begin ] --START--
INFO: Run Behavior\ReadHtmlCacheBehavior [ RunTime:0.000601s ]
INFO: [ app_begin ] --END-- [ RunTime:0.000711s ]
SQL: SHOW COLUMNS FROM `trainer_user` [ RunTime:0.0068s ]
SQL: SELECT * FROM `trainer_user` WHERE ( openid = 'myopenid_djjasjdjas' and status=1 )  [ RunTime:0.0004s ]
INFO: [ view_parse ] --START--
INFO: [ template_filter ] --START--
INFO: Run Behavior\ContentReplaceBehavior [ RunTime:0.000046s ]
INFO: [ template_filter ] --END-- [ RunTime:0.000109s ]
INFO: Run Behavior\ParseTemplateBehavior [ RunTime:0.006364s ]
INFO: [ view_parse ] --END-- [ RunTime:0.006432s ]
INFO: [ view_filter ] --START--
INFO: Run Behavior\WriteHtmlCacheBehavior [ RunTime:0.000243s ]
INFO: [ view_filter ] --END-- [ RunTime:0.000296s ]

[ 2017-04-05T22:59:53+08:00 ] ::1 /trainer/
INFO: [ app_init ] --START--
INFO: Run Behavior\BuildLiteBehavior [ RunTime:0.000026s ]
INFO: [ app_init ] --END-- [ RunTime:0.000455s ]
INFO: [ app_begin ] --START--
INFO: Run Behavior\ReadHtmlCacheBehavior [ RunTime:0.000632s ]
INFO: [ app_begin ] --END-- [ RunTime:0.000806s ]
SQL: SHOW COLUMNS FROM `trainer_user` [ RunTime:0.0072s ]
SQL: SELECT * FROM `trainer_user` WHERE ( openid = 'myopenid_djjasjdjas' and status=1 )  [ RunTime:0.0004s ]
INFO: [ view_parse ] --START--
INFO: [ template_filter ] --START--
INFO: Run Behavior\ContentReplaceBehavior [ RunTime:0.000046s ]
INFO: [ template_filter ] --END-- [ RunTime:0.000108s ]
INFO: Run Behavior\ParseTemplateBehavior [ RunTime:0.006169s ]
INFO: [ view_parse ] --END-- [ RunTime:0.006234s ]
INFO: [ view_filter ] --START--
INFO: Run Behavior\WriteHtmlCacheBehavior [ RunTime:0.000240s ]
INFO: [ view_filter ] --END-- [ RunTime:0.000294s ]

[ 2017-04-05T23:00:06+08:00 ] ::1 /trainer/
INFO: [ app_init ] --START--
INFO: Run Behavior\BuildLiteBehavior [ RunTime:0.000015s ]
INFO: [ app_init ] --END-- [ RunTime:0.000263s ]
INFO: [ app_begin ] --START--
INFO: Run Behavior\ReadHtmlCacheBehavior [ RunTime:0.000333s ]
INFO: [ app_begin ] --END-- [ RunTime:0.000394s ]
SQL: SHOW COLUMNS FROM `trainer_user` [ RunTime:0.0051s ]
SQL: SELECT * FROM `trainer_user` WHERE ( openid = 'myopenid_djjasjdjas' and status=1 )  [ RunTime:0.0004s ]
INFO: [ view_parse ] --START--
INFO: [ template_filter ] --START--
INFO: Run Behavior\ContentReplaceBehavior [ RunTime:0.000043s ]
INFO: [ template_filter ] --END-- [ RunTime:0.000100s ]
INFO: Run Behavior\ParseTemplateBehavior [ RunTime:0.005719s ]
INFO: [ view_parse ] --END-- [ RunTime:0.005784s ]
INFO: [ view_filter ] --START--
INFO: Run Behavior\WriteHtmlCacheBehavior [ RunTime:0.000237s ]
INFO: [ view_filter ] --END-- [ RunTime:0.000290s ]

[ 2017-04-05T23:00:14+08:00 ] ::1 /trainer/
INFO: [ app_init ] --START--
INFO: Run Behavior\BuildLiteBehavior [ RunTime:0.000025s ]
INFO: [ app_init ] --END-- [ RunTime:0.000513s ]
INFO: [ app_begin ] --START--
INFO: Run Behavior\ReadHtmlCacheBehavior [ RunTime:0.000499s ]
INFO: [ app_begin ] --END-- [ RunTime:0.000593s ]
SQL: SHOW COLUMNS FROM `trainer_user` [ RunTime:0.0060s ]
SQL: SELECT * FROM `trainer_user` WHERE ( openid = 'myopenid_djjasjdjas' and status=1 )  [ RunTime:0.0005s ]
INFO: [ view_parse ] --START--
INFO: [ template_filter ] --START--
INFO: Run Behavior\ContentReplaceBehavior [ RunTime:0.000048s ]
INFO: [ template_filter ] --END-- [ RunTime:0.000113s ]
INFO: Run Behavior\ParseTemplateBehavior [ RunTime:0.007347s ]
INFO: [ view_parse ] --END-- [ RunTime:0.007429s ]
INFO: [ view_filter ] --START--
INFO: Run Behavior\WriteHtmlCacheBehavior [ RunTime:0.000280s ]
INFO: [ view_filter ] --END-- [ RunTime:0.000340s ]

[ 2017-04-05T23:00:24+08:00 ] ::1 /trainer/
INFO: [ app_init ] --START--
INFO: Run Behavior\BuildLiteBehavior [ RunTime:0.000039s ]
INFO: [ app_init ] --END-- [ RunTime:0.000953s ]
INFO: [ app_begin ] --START--
INFO: Run Behavior\ReadHtmlCacheBehavior [ RunTime:0.000426s ]
INFO: [ app_begin ] --END-- [ RunTime:0.000502s ]
SQL: SHOW COLUMNS FROM `trainer_user` [ RunTime:0.0076s ]
SQL: SELECT * FROM `trainer_user` WHERE ( openid = 'myopenid_djjasjdjas' and status=1 )  [ RunTime:0.0005s ]
INFO: [ view_parse ] --START--
INFO: [ template_filter ] --START--
INFO: Run Behavior\ContentReplaceBehavior [ RunTime:0.000054s ]
INFO: [ template_filter ] --END-- [ RunTime:0.000127s ]
INFO: Run Behavior\ParseTemplateBehavior [ RunTime:0.007198s ]
INFO: [ view_parse ] --END-- [ RunTime:0.007278s ]
INFO: [ view_filter ] --START--
INFO: Run Behavior\WriteHtmlCacheBehavior [ RunTime:0.000297s ]
INFO: [ view_filter ] --END-- [ RunTime:0.000363s ]

[ 2017-04-05T23:00:42+08:00 ] ::1 /trainer/
INFO: [ app_init ] --START--
INFO: Run Behavior\BuildLiteBehavior [ RunTime:0.000018s ]
INFO: [ app_init ] --END-- [ RunTime:0.000329s ]
INFO: [ app_begin ] --START--
INFO: Run Behavior\ReadHtmlCacheBehavior [ RunTime:0.000673s ]
INFO: [ app_begin ] --END-- [ RunTime:0.000807s ]
SQL: SHOW COLUMNS FROM `trainer_user` [ RunTime:0.0068s ]
SQL: SELECT * FROM `trainer_user` WHERE ( openid = 'myopenid_djjasjdjas' and status=1 )  [ RunTime:0.0004s ]
INFO: [ view_parse ] --START--
INFO: [ template_filter ] --START--
INFO: Run Behavior\ContentReplaceBehavior [ RunTime:0.000050s ]
INFO: [ template_filter ] --END-- [ RunTime:0.000124s ]
INFO: Run Behavior\ParseTemplateBehavior [ RunTime:0.006815s ]
INFO: [ view_parse ] --END-- [ RunTime:0.006890s ]
INFO: [ view_filter ] --START--
INFO: Run Behavior\WriteHtmlCacheBehavior [ RunTime:0.000286s ]
INFO: [ view_filter ] --END-- [ RunTime:0.000347s ]

[ 2017-04-05T23:00:49+08:00 ] ::1 /trainer/
INFO: [ app_init ] --START--
INFO: Run Behavior\BuildLiteBehavior [ RunTime:0.000017s ]
INFO: [ app_init ] --END-- [ RunTime:0.000310s ]
INFO: [ app_begin ] --START--
INFO: Run Behavior\ReadHtmlCacheBehavior [ RunTime:0.000397s ]
INFO: [ app_begin ] --END-- [ RunTime:0.000468s ]
SQL: SHOW COLUMNS FROM `trainer_user` [ RunTime:0.0048s ]
SQL: SELECT * FROM `trainer_user` WHERE ( openid = 'myopenid_djjasjdjas' and status=1 )  [ RunTime:0.0005s ]
INFO: [ view_parse ] --START--
INFO: [ template_filter ] --START--
INFO: Run Behavior\ContentReplaceBehavior [ RunTime:0.000051s ]
INFO: [ template_filter ] --END-- [ RunTime:0.000122s ]
INFO: Run Behavior\ParseTemplateBehavior [ RunTime:0.006742s ]
INFO: [ view_parse ] --END-- [ RunTime:0.006819s ]
INFO: [ view_filter ] --START--
INFO: Run Behavior\WriteHtmlCacheBehavior [ RunTime:0.000280s ]
INFO: [ view_filter ] --END-- [ RunTime:0.000342s ]

[ 2017-04-05T23:05:34+08:00 ] ::1 /trainer/
INFO: [ app_init ] --START--
INFO: Run Behavior\BuildLiteBehavior [ RunTime:0.000035s ]
INFO: [ app_init ] --END-- [ RunTime:0.000671s ]
INFO: [ app_begin ] --START--
INFO: Run Behavior\ReadHtmlCacheBehavior [ RunTime:0.000554s ]
INFO: [ app_begin ] --END-- [ RunTime:0.000639s ]
SQL: SHOW COLUMNS FROM `trainer_user` [ RunTime:0.0049s ]
SQL: SELECT * FROM `trainer_user` WHERE ( openid = 'myopenid_djjasjdjas' and status=1 )  [ RunTime:0.0005s ]
INFO: [ view_parse ] --START--
INFO: [ template_filter ] --START--
INFO: Run Behavior\ContentReplaceBehavior [ RunTime:0.000060s ]
INFO: [ template_filter ] --END-- [ RunTime:0.000140s ]
INFO: Run Behavior\ParseTemplateBehavior [ RunTime:0.008284s ]
INFO: [ view_parse ] --END-- [ RunTime:0.008369s ]
INFO: [ view_filter ] --START--
INFO: Run Behavior\WriteHtmlCacheBehavior [ RunTime:0.000312s ]
INFO: [ view_filter ] --END-- [ RunTime:0.000382s ]

[ 2017-04-05T23:05:42+08:00 ] ::1 /trainer/
INFO: [ app_init ] --START--
INFO: Run Behavior\BuildLiteBehavior [ RunTime:0.000016s ]
INFO: [ app_init ] --END-- [ RunTime:0.000296s ]
INFO: [ app_begin ] --START--
INFO: Run Behavior\ReadHtmlCacheBehavior [ RunTime:0.000370s ]
INFO: [ app_begin ] --END-- [ RunTime:0.000429s ]
SQL: SHOW COLUMNS FROM `trainer_user` [ RunTime:0.0066s ]
SQL: SELECT * FROM `trainer_user` WHERE ( openid = 'myopenid_djjasjdjas' and status=1 )  [ RunTime:0.0004s ]
INFO: [ view_parse ] --START--
INFO: [ template_filter ] --START--
INFO: Run Behavior\ContentReplaceBehavior [ RunTime:0.000046s ]
INFO: [ template_filter ] --END-- [ RunTime:0.000109s ]
INFO: Run Behavior\ParseTemplateBehavior [ RunTime:0.006843s ]
INFO: [ view_parse ] --END-- [ RunTime:0.006910s ]
INFO: [ view_filter ] --START--
INFO: Run Behavior\WriteHtmlCacheBehavior [ RunTime:0.000240s ]
INFO: [ view_filter ] --END-- [ RunTime:0.000292s ]

[ 2017-04-05T23:22:32+08:00 ] ::1 /trainer/
INFO: [ app_init ] --START--
INFO: Run Behavior\BuildLiteBehavior [ RunTime:0.000029s ]
INFO: [ app_init ] --END-- [ RunTime:0.000529s ]
INFO: [ app_begin ] --START--
INFO: Run Behavior\ReadHtmlCacheBehavior [ RunTime:0.000734s ]
INFO: [ app_begin ] --END-- [ RunTime:0.000836s ]
SQL: SHOW COLUMNS FROM `trainer_user` [ RunTime:0.0066s ]
SQL: SELECT * FROM `trainer_user` WHERE ( openid = 'myopenid_djjasjdjas' and status=1 )  [ RunTime:0.0004s ]
INFO: [ view_parse ] --START--
INFO: [ template_filter ] --START--
INFO: Run Behavior\ContentReplaceBehavior [ RunTime:0.000048s ]
INFO: [ template_filter ] --END-- [ RunTime:0.000112s ]
INFO: Run Behavior\ParseTemplateBehavior [ RunTime:0.006809s ]
INFO: [ view_parse ] --END-- [ RunTime:0.006874s ]
INFO: [ view_filter ] --START--
INFO: Run Behavior\WriteHtmlCacheBehavior [ RunTime:0.000243s ]
INFO: [ view_filter ] --END-- [ RunTime:0.000297s ]

[ 2017-04-05T23:25:01+08:00 ] ::1 /trainer/
INFO: [ app_init ] --START--
INFO: Run Behavior\BuildLiteBehavior [ RunTime:0.000028s ]
INFO: [ app_init ] --END-- [ RunTime:0.000533s ]
INFO: [ app_begin ] --START--
INFO: Run Behavior\ReadHtmlCacheBehavior [ RunTime:0.000469s ]
INFO: [ app_begin ] --END-- [ RunTime:0.000559s ]
SQL: SHOW COLUMNS FROM `trainer_user` [ RunTime:0.0071s ]
SQL: SELECT * FROM `trainer_user` WHERE ( openid = 'myopenid_djjasjdjas' and status=1 )  [ RunTime:0.0004s ]
INFO: [ view_parse ] --START--
INFO: [ template_filter ] --START--
INFO: Run Behavior\ContentReplaceBehavior [ RunTime:0.000055s ]
INFO: [ template_filter ] --END-- [ RunTime:0.000131s ]
INFO: Run Behavior\ParseTemplateBehavior [ RunTime:0.007337s ]
INFO: [ view_parse ] --END-- [ RunTime:0.007415s ]
INFO: [ view_filter ] --START--
INFO: Run Behavior\WriteHtmlCacheBehavior [ RunTime:0.000297s ]
INFO: [ view_filter ] --END-- [ RunTime:0.000360s ]

[ 2017-04-05T23:27:29+08:00 ] ::1 /trainer/
INFO: [ app_init ] --START--
INFO: Run Behavior\BuildLiteBehavior [ RunTime:0.000031s ]
INFO: [ app_init ] --END-- [ RunTime:0.000532s ]
INFO: [ app_begin ] --START--
INFO: Run Behavior\ReadHtmlCacheBehavior [ RunTime:0.000748s ]
INFO: [ app_begin ] --END-- [ RunTime:0.000866s ]
SQL: SHOW COLUMNS FROM `trainer_user` [ RunTime:0.0037s ]
SQL: SELECT * FROM `trainer_user` WHERE ( openid = 'myopenid_djjasjdjas' and status=1 )  [ RunTime:0.0003s ]
INFO: [ view_parse ] --START--
INFO: [ template_filter ] --START--
INFO: Run Behavior\ContentReplaceBehavior [ RunTime:0.000045s ]
INFO: [ template_filter ] --END-- [ RunTime:0.000107s ]
INFO: Run Behavior\ParseTemplateBehavior [ RunTime:0.006755s ]
INFO: [ view_parse ] --END-- [ RunTime:0.006819s ]
INFO: [ view_filter ] --START--
INFO: Run Behavior\WriteHtmlCacheBehavior [ RunTime:0.000241s ]
INFO: [ view_filter ] --END-- [ RunTime:0.000293s ]

[ 2017-04-05T23:28:43+08:00 ] ::1 /trainer/
INFO: [ app_init ] --START--
INFO: Run Behavior\BuildLiteBehavior [ RunTime:0.000028s ]
INFO: [ app_init ] --END-- [ RunTime:0.000453s ]
INFO: [ app_begin ] --START--
INFO: Run Behavior\ReadHtmlCacheBehavior [ RunTime:0.000575s ]
INFO: [ app_begin ] --END-- [ RunTime:0.000678s ]
SQL: SHOW COLUMNS FROM `trainer_user` [ RunTime:0.0040s ]
SQL: SELECT * FROM `trainer_user` WHERE ( openid = 'myopenid_djjasjdjas' and status=1 )  [ RunTime:0.0004s ]
INFO: [ view_parse ] --START--
INFO: [ template_filter ] --START--
INFO: Run Behavior\ContentReplaceBehavior [ RunTime:0.000046s ]
INFO: [ template_filter ] --END-- [ RunTime:0.000110s ]
INFO: Run Behavior\ParseTemplateBehavior [ RunTime:0.006984s ]
INFO: [ view_parse ] --END-- [ RunTime:0.007052s ]
INFO: [ view_filter ] --START--
INFO: Run Behavior\WriteHtmlCacheBehavior [ RunTime:0.000444s ]
INFO: [ view_filter ] --END-- [ RunTime:0.000502s ]

[ 2017-04-05T23:34:33+08:00 ] ::1 /trainer/
INFO: [ app_init ] --START--
INFO: Run Behavior\BuildLiteBehavior [ RunTime:0.000017s ]
INFO: [ app_init ] --END-- [ RunTime:0.000309s ]
INFO: [ app_begin ] --START--
INFO: Run Behavior\ReadHtmlCacheBehavior [ RunTime:0.000508s ]
INFO: [ app_begin ] --END-- [ RunTime:0.000575s ]
SQL: SHOW COLUMNS FROM `trainer_user` [ RunTime:0.0056s ]
SQL: SELECT * FROM `trainer_user` WHERE ( openid = 'myopenid_djjasjdjas' and status=1 )  [ RunTime:0.0005s ]
INFO: [ view_parse ] --START--
INFO: [ template_filter ] --START--
INFO: Run Behavior\ContentReplaceBehavior [ RunTime:0.000116s ]
INFO: [ template_filter ] --END-- [ RunTime:0.000186s ]
INFO: Run Behavior\ParseTemplateBehavior [ RunTime:0.007994s ]
INFO: [ view_parse ] --END-- [ RunTime:0.008082s ]
INFO: [ view_filter ] --START--
INFO: Run Behavior\WriteHtmlCacheBehavior [ RunTime:0.000253s ]
INFO: [ view_filter ] --END-- [ RunTime:0.000307s ]

[ 2017-04-05T23:35:01+08:00 ] ::1 /trainer/
INFO: [ app_init ] --START--
INFO: Run Behavior\BuildLiteBehavior [ RunTime:0.000016s ]
INFO: [ app_init ] --END-- [ RunTime:0.000273s ]
INFO: [ app_begin ] --START--
INFO: Run Behavior\ReadHtmlCacheBehavior [ RunTime:0.000344s ]
INFO: [ app_begin ] --END-- [ RunTime:0.000406s ]
SQL: SHOW COLUMNS FROM `trainer_user` [ RunTime:0.0067s ]
SQL: SELECT * FROM `trainer_user` WHERE ( openid = 'myopenid_djjasjdjas' and status=1 )  [ RunTime:0.0004s ]
INFO: [ view_parse ] --START--
INFO: [ template_filter ] --START--
INFO: Run Behavior\ContentReplaceBehavior [ RunTime:0.000048s ]
INFO: [ template_filter ] --END-- [ RunTime:0.000118s ]
INFO: Run Behavior\ParseTemplateBehavior [ RunTime:0.007402s ]
INFO: [ view_parse ] --END-- [ RunTime:0.007469s ]
INFO: [ view_filter ] --START--
INFO: Run Behavior\WriteHtmlCacheBehavior [ RunTime:0.000333s ]
INFO: [ view_filter ] --END-- [ RunTime:0.000386s ]

[ 2017-04-05T23:35:16+08:00 ] ::1 /trainer/
INFO: [ app_init ] --START--
INFO: Run Behavior\BuildLiteBehavior [ RunTime:0.000018s ]
INFO: [ app_init ] --END-- [ RunTime:0.000317s ]
INFO: [ app_begin ] --START--
INFO: Run Behavior\ReadHtmlCacheBehavior [ RunTime:0.000463s ]
INFO: [ app_begin ] --END-- [ RunTime:0.000561s ]
SQL: SHOW COLUMNS FROM `trainer_user` [ RunTime:0.0042s ]
SQL: SELECT * FROM `trainer_user` WHERE ( openid = 'myopenid_djjasjdjas' and status=1 )  [ RunTime:0.0005s ]
INFO: [ view_parse ] --START--
INFO: [ template_filter ] --START--
INFO: Run Behavior\ContentReplaceBehavior [ RunTime:0.000046s ]
INFO: [ template_filter ] --END-- [ RunTime:0.000111s ]
INFO: Run Behavior\ParseTemplateBehavior [ RunTime:0.008578s ]
INFO: [ view_parse ] --END-- [ RunTime:0.008643s ]
INFO: [ view_filter ] --START--
INFO: Run Behavior\WriteHtmlCacheBehavior [ RunTime:0.000250s ]
INFO: [ view_filter ] --END-- [ RunTime:0.000304s ]

[ 2017-04-05T23:35:30+08:00 ] ::1 /trainer/
INFO: [ app_init ] --START--
INFO: Run Behavior\BuildLiteBehavior [ RunTime:0.000018s ]
INFO: [ app_init ] --END-- [ RunTime:0.000325s ]
INFO: [ app_begin ] --START--
INFO: Run Behavior\ReadHtmlCacheBehavior [ RunTime:0.000500s ]
INFO: [ app_begin ] --END-- [ RunTime:0.000581s ]
SQL: SHOW COLUMNS FROM `trainer_user` [ RunTime:0.0070s ]
SQL: SELECT * FROM `trainer_user` WHERE ( openid = 'myopenid_djjasjdjas' and status=1 )  [ RunTime:0.0003s ]
INFO: [ view_parse ] --START--
INFO: [ template_filter ] --START--
INFO: Run Behavior\ContentReplaceBehavior [ RunTime:0.000046s ]
INFO: [ template_filter ] --END-- [ RunTime:0.000104s ]
INFO: Run Behavior\ParseTemplateBehavior [ RunTime:0.006425s ]
INFO: [ view_parse ] --END-- [ RunTime:0.006564s ]
INFO: [ view_filter ] --START--
INFO: Run Behavior\WriteHtmlCacheBehavior [ RunTime:0.000526s ]
INFO: [ view_filter ] --END-- [ RunTime:0.000643s ]

[ 2017-04-05T23:38:04+08:00 ] ::1 /trainer/
INFO: [ app_init ] --START--
INFO: Run Behavior\BuildLiteBehavior [ RunTime:0.000018s ]
INFO: [ app_init ] --END-- [ RunTime:0.000498s ]
INFO: [ app_begin ] --START--
INFO: Run Behavior\ReadHtmlCacheBehavior [ RunTime:0.000553s ]
INFO: [ app_begin ] --END-- [ RunTime:0.000633s ]
SQL: SHOW COLUMNS FROM `trainer_user` [ RunTime:0.0049s ]
SQL: SELECT * FROM `trainer_user` WHERE ( openid = 'myopenid_djjasjdjas' and status=1 )  [ RunTime:0.0005s ]
INFO: [ view_parse ] --START--
INFO: [ template_filter ] --START--
INFO: Run Behavior\ContentReplaceBehavior [ RunTime:0.000061s ]
INFO: [ template_filter ] --END-- [ RunTime:0.000164s ]
INFO: Run Behavior\ParseTemplateBehavior [ RunTime:0.010201s ]
INFO: [ view_parse ] --END-- [ RunTime:0.010332s ]
INFO: [ view_filter ] --START--
INFO: Run Behavior\WriteHtmlCacheBehavior [ RunTime:0.000456s ]
INFO: [ view_filter ] --END-- [ RunTime:0.000544s ]

[ 2017-04-05T23:39:41+08:00 ] ::1 /trainer/
INFO: [ app_init ] --START--
INFO: Run Behavior\BuildLiteBehavior [ RunTime:0.000016s ]
INFO: [ app_init ] --END-- [ RunTime:0.000276s ]
INFO: [ app_begin ] --START--
INFO: Run Behavior\ReadHtmlCacheBehavior [ RunTime:0.000461s ]
INFO: [ app_begin ] --END-- [ RunTime:0.000529s ]
SQL: SHOW COLUMNS FROM `trainer_user` [ RunTime:0.0050s ]
SQL: SELECT * FROM `trainer_user` WHERE ( openid = 'myopenid_djjasjdjas' and status=1 )  [ RunTime:0.0006s ]
INFO: [ view_parse ] --START--
INFO: [ template_filter ] --START--
INFO: Run Behavior\ContentReplaceBehavior [ RunTime:0.000085s ]
INFO: [ template_filter ] --END-- [ RunTime:0.000191s ]
INFO: Run Behavior\ParseTemplateBehavior [ RunTime:0.012951s ]
INFO: [ view_parse ] --END-- [ RunTime:0.013048s ]
INFO: [ view_filter ] --START--
INFO: Run Behavior\WriteHtmlCacheBehavior [ RunTime:0.000299s ]
INFO: [ view_filter ] --END-- [ RunTime:0.000353s ]

[ 2017-04-05T23:40:03+08:00 ] ::1 /trainer/
INFO: [ app_init ] --START--
INFO: Run Behavior\BuildLiteBehavior [ RunTime:0.000025s ]
INFO: [ app_init ] --END-- [ RunTime:0.000431s ]
INFO: [ app_begin ] --START--
INFO: Run Behavior\ReadHtmlCacheBehavior [ RunTime:0.000556s ]
INFO: [ app_begin ] --END-- [ RunTime:0.000657s ]
SQL: SHOW COLUMNS FROM `trainer_user` [ RunTime:0.0061s ]
SQL: SELECT * FROM `trainer_user` WHERE ( openid = 'myopenid_djjasjdjas' and status=1 )  [ RunTime:0.0005s ]
INFO: [ view_parse ] --START--
INFO: [ template_filter ] --START--
INFO: Run Behavior\ContentReplaceBehavior [ RunTime:0.000045s ]
INFO: [ template_filter ] --END-- [ RunTime:0.000111s ]
INFO: Run Behavior\ParseTemplateBehavior [ RunTime:0.006588s ]
INFO: [ view_parse ] --END-- [ RunTime:0.006655s ]
INFO: [ view_filter ] --START--
INFO: Run Behavior\WriteHtmlCacheBehavior [ RunTime:0.000244s ]
INFO: [ view_filter ] --END-- [ RunTime:0.000296s ]

[ 2017-04-05T23:40:14+08:00 ] ::1 /trainer/
INFO: [ app_init ] --START--
INFO: Run Behavior\BuildLiteBehavior [ RunTime:0.000018s ]
INFO: [ app_init ] --END-- [ RunTime:0.000354s ]
INFO: [ app_begin ] --START--
INFO: Run Behavior\ReadHtmlCacheBehavior [ RunTime:0.000501s ]
INFO: [ app_begin ] --END-- [ RunTime:0.000582s ]
SQL: SHOW COLUMNS FROM `trainer_user` [ RunTime:0.0052s ]
SQL: SELECT * FROM `trainer_user` WHERE ( openid = 'myopenid_djjasjdjas' and status=1 )  [ RunTime:0.0004s ]
INFO: [ view_parse ] --START--
INFO: [ template_filter ] --START--
INFO: Run Behavior\ContentReplaceBehavior [ RunTime:0.000047s ]
INFO: [ template_filter ] --END-- [ RunTime:0.000108s ]
INFO: Run Behavior\ParseTemplateBehavior [ RunTime:0.006292s ]
INFO: [ view_parse ] --END-- [ RunTime:0.006360s ]
INFO: [ view_filter ] --START--
INFO: Run Behavior\WriteHtmlCacheBehavior [ RunTime:0.000302s ]
INFO: [ view_filter ] --END-- [ RunTime:0.000355s ]

