[ 2017-07-04T14:06:00+08:00 ] ::1 /trainer/
INFO: [ app_init ] --START--
INFO: Run Behavior\BuildLiteBehavior [ RunTime:0.000062s ]
INFO: [ app_init ] --END-- [ RunTime:0.009190s ]
INFO: [ app_begin ] --START--
INFO: Run Behavior\ReadHtmlCacheBehavior [ RunTime:0.001855s ]
INFO: [ app_begin ] --END-- [ RunTime:0.002085s ]
SQL: SHOW COLUMNS FROM `trainer_user` [ RunTime:0.0489s ]
SQL: SELECT * FROM `trainer_user` WHERE ( openid = "myopenid_djjasjdjas" and status=1  ) ORDER BY ID desc LIMIT 1   [ RunTime:0.0180s ]
INFO: [ view_parse ] --START--
INFO: [ template_filter ] --START--
INFO: Run Behavior\ContentReplaceBehavior [ RunTime:0.011911s ]
INFO: [ template_filter ] --END-- [ RunTime:0.012005s ]
INFO: Run Behavior\ParseTemplateBehavior [ RunTime:0.108126s ]
INFO: [ view_parse ] --END-- [ RunTime:0.108307s ]
INFO: [ view_filter ] --START--
INFO: Run Behavior\WriteHtmlCacheBehavior [ RunTime:0.017744s ]
INFO: [ view_filter ] --END-- [ RunTime:0.017958s ]
INFO: [ app_end ] --START--
INFO: Run Behavior\ShowPageTraceBehavior [ RunTime:0.007084s ]
INFO: [ app_end ] --END-- [ RunTime:0.007289s ]

[ 2017-07-04T14:06:38+08:00 ] ::1 /trainer/index.php/home/index/invoice
INFO: [ app_init ] --START--
INFO: Run Behavior\BuildLiteBehavior [ RunTime:0.000017s ]
INFO: [ app_init ] --END-- [ RunTime:0.000447s ]
INFO: [ app_begin ] --START--
INFO: Run Behavior\ReadHtmlCacheBehavior [ RunTime:0.000465s ]
INFO: [ app_begin ] --END-- [ RunTime:0.000571s ]
SQL: SHOW COLUMNS FROM `trainer_invoice` [ RunTime:0.0058s ]
SQL: SELECT * FROM `trainer_invoice` WHERE ( openid = "myopenid_djjasjdjas" and status=1  ) ORDER BY ID desc LIMIT 1   [ RunTime:0.0017s ]
SQL: SHOW COLUMNS FROM `trainer_user` [ RunTime:0.0053s ]
SQL: SELECT * FROM `trainer_user` WHERE ( openid = "myopenid_djjasjdjas"  ) ORDER BY ID desc LIMIT 1   [ RunTime:0.0005s ]
NOTIC: [8] Undefined index: classname E:\wamp\www\trainer\Application\Home\Controller\IndexController.class.php 第 160 行.
NOTIC: [8] Undefined index: invoicenum E:\wamp\www\trainer\Application\Home\Controller\IndexController.class.php 第 172 行.
NOTIC: [8] Undefined index: addrtel E:\wamp\www\trainer\Application\Home\Controller\IndexController.class.php 第 178 行.
NOTIC: [8] Undefined index: invoicebank E:\wamp\www\trainer\Application\Home\Controller\IndexController.class.php 第 184 行.
NOTIC: [8] Undefined index: banknum E:\wamp\www\trainer\Application\Home\Controller\IndexController.class.php 第 190 行.
NOTIC: [8] Undefined index: invoicetype E:\wamp\www\trainer\Application\Home\Controller\IndexController.class.php 第 196 行.
INFO: [ view_parse ] --START--
INFO: [ template_filter ] --START--
INFO: Run Behavior\ContentReplaceBehavior [ RunTime:0.000080s ]
INFO: [ template_filter ] --END-- [ RunTime:0.000174s ]
INFO: Run Behavior\ParseTemplateBehavior [ RunTime:0.005896s ]
INFO: [ view_parse ] --END-- [ RunTime:0.006010s ]
INFO: [ view_filter ] --START--
INFO: Run Behavior\WriteHtmlCacheBehavior [ RunTime:0.000275s ]
INFO: [ view_filter ] --END-- [ RunTime:0.000372s ]
INFO: [ app_end ] --START--
INFO: Run Behavior\ShowPageTraceBehavior [ RunTime:0.000354s ]
INFO: [ app_end ] --END-- [ RunTime:0.000415s ]

[ 2017-07-04T14:06:46+08:00 ] ::1 /trainer/index.php/home/index/advice
INFO: [ app_init ] --START--
INFO: Run Behavior\BuildLiteBehavior [ RunTime:0.000019s ]
INFO: [ app_init ] --END-- [ RunTime:0.000438s ]
INFO: [ app_begin ] --START--
INFO: Run Behavior\ReadHtmlCacheBehavior [ RunTime:0.000371s ]
INFO: [ app_begin ] --END-- [ RunTime:0.000439s ]
SQL: SHOW COLUMNS FROM `trainer_user` [ RunTime:0.0093s ]
SQL: SELECT `username` FROM `trainer_user` WHERE ( openid = "myopenid_djjasjdjas" and status=1  ) ORDER BY ID desc LIMIT 1   [ RunTime:0.0005s ]
SQL: SHOW COLUMNS FROM `trainer_advice` [ RunTime:0.0442s ]
SQL: SELECT * FROM `trainer_advice` WHERE ( openid = "myopenid_djjasjdjas" and status=1  ) ORDER BY ID desc LIMIT 1   [ RunTime:0.0005s ]
INFO: [ view_parse ] --START--
INFO: [ template_filter ] --START--
INFO: Run Behavior\ContentReplaceBehavior [ RunTime:0.000060s ]
INFO: [ template_filter ] --END-- [ RunTime:0.000127s ]
INFO: Run Behavior\ParseTemplateBehavior [ RunTime:0.028651s ]
INFO: [ view_parse ] --END-- [ RunTime:0.028742s ]
INFO: [ view_filter ] --START--
INFO: Run Behavior\WriteHtmlCacheBehavior [ RunTime:0.000190s ]
INFO: [ view_filter ] --END-- [ RunTime:0.000250s ]

[ 2017-07-04T14:07:14+08:00 ] ::1 /trainer/index.php/home/index/advice
INFO: [ app_init ] --START--
INFO: Run Behavior\BuildLiteBehavior [ RunTime:0.000036s ]
INFO: [ app_init ] --END-- [ RunTime:0.000878s ]
INFO: [ app_begin ] --START--
INFO: Run Behavior\ReadHtmlCacheBehavior [ RunTime:0.001735s ]
INFO: [ app_begin ] --END-- [ RunTime:0.001898s ]
SQL: SHOW COLUMNS FROM `trainer_user` [ RunTime:0.0063s ]
SQL: SELECT `username` FROM `trainer_user` WHERE ( openid = "myopenid_djjasjdjas" and status=1  ) ORDER BY ID desc LIMIT 1   [ RunTime:0.0003s ]
SQL: SHOW COLUMNS FROM `trainer_advice` [ RunTime:0.0040s ]
SQL: SELECT * FROM `trainer_advice` WHERE ( openid = "myopenid_djjasjdjas" and status=1  ) ORDER BY ID desc LIMIT 1   [ RunTime:0.0004s ]
INFO: [ view_parse ] --START--
INFO: [ template_filter ] --START--
INFO: Run Behavior\ContentReplaceBehavior [ RunTime:0.000042s ]
INFO: [ template_filter ] --END-- [ RunTime:0.000105s ]
INFO: Run Behavior\ParseTemplateBehavior [ RunTime:0.006848s ]
INFO: [ view_parse ] --END-- [ RunTime:0.006914s ]
INFO: [ view_filter ] --START--
INFO: Run Behavior\WriteHtmlCacheBehavior [ RunTime:0.000631s ]
INFO: [ view_filter ] --END-- [ RunTime:0.000686s ]
INFO: [ app_end ] --START--
INFO: Run Behavior\ShowPageTraceBehavior [ RunTime:0.000806s ]
INFO: [ app_end ] --END-- [ RunTime:0.000871s ]

[ 2017-07-04T14:10:33+08:00 ] ::1 /trainer/index.php/home/index/advice
INFO: [ app_init ] --START--
INFO: Run Behavior\BuildLiteBehavior [ RunTime:0.000019s ]
INFO: [ app_init ] --END-- [ RunTime:0.000434s ]
INFO: [ app_begin ] --START--
INFO: Run Behavior\ReadHtmlCacheBehavior [ RunTime:0.000452s ]
INFO: [ app_begin ] --END-- [ RunTime:0.000533s ]

[ 2017-07-04T14:10:41+08:00 ] ::1 /trainer/index.php/home/index/advice
INFO: [ app_init ] --START--
INFO: Run Behavior\BuildLiteBehavior [ RunTime:0.000023s ]
INFO: [ app_init ] --END-- [ RunTime:0.000406s ]
INFO: [ app_begin ] --START--
INFO: Run Behavior\ReadHtmlCacheBehavior [ RunTime:0.000517s ]
INFO: [ app_begin ] --END-- [ RunTime:0.000625s ]
SQL: SHOW COLUMNS FROM `trainer_user` [ RunTime:0.0049s ]
SQL: SELECT `username` FROM `trainer_user` WHERE ( openid = "myopenid_djjasjdjas" and status=1  ) ORDER BY ID desc LIMIT 1   [ RunTime:0.0004s ]
SQL: SHOW COLUMNS FROM `trainer_advice` [ RunTime:0.0041s ]
SQL: SELECT * FROM `trainer_advice` WHERE ( openid = "myopenid_djjasjdjas" and status=1  ) ORDER BY ID desc LIMIT 1   [ RunTime:0.0004s ]
INFO: [ view_parse ] --START--
INFO: [ template_filter ] --START--
INFO: Run Behavior\ContentReplaceBehavior [ RunTime:0.000045s ]
INFO: [ template_filter ] --END-- [ RunTime:0.000127s ]
INFO: Run Behavior\ParseTemplateBehavior [ RunTime:0.005785s ]
INFO: [ view_parse ] --END-- [ RunTime:0.005868s ]
INFO: [ view_filter ] --START--
INFO: Run Behavior\WriteHtmlCacheBehavior [ RunTime:0.000256s ]
INFO: [ view_filter ] --END-- [ RunTime:0.000326s ]
INFO: [ app_end ] --START--
INFO: Run Behavior\ShowPageTraceBehavior [ RunTime:0.000425s ]
INFO: [ app_end ] --END-- [ RunTime:0.000499s ]

[ 2017-07-04T14:10:53+08:00 ] ::1 /trainer/index.php/home/index/advice
INFO: [ app_init ] --START--
INFO: Run Behavior\BuildLiteBehavior [ RunTime:0.000016s ]
INFO: [ app_init ] --END-- [ RunTime:0.000290s ]
INFO: [ app_begin ] --START--
INFO: Run Behavior\ReadHtmlCacheBehavior [ RunTime:0.000573s ]
INFO: [ app_begin ] --END-- [ RunTime:0.000742s ]
SQL: SHOW COLUMNS FROM `trainer_user` [ RunTime:0.0069s ]
SQL: SELECT `username` FROM `trainer_user` WHERE ( openid = "myopenid_djjasjdjas" and status=1  ) ORDER BY ID desc LIMIT 1   [ RunTime:0.0003s ]
SQL: SHOW COLUMNS FROM `trainer_advice` [ RunTime:0.0041s ]
SQL: SELECT * FROM `trainer_advice` WHERE ( openid = "myopenid_djjasjdjas" and status=1  ) ORDER BY ID desc LIMIT 1   [ RunTime:0.0005s ]
INFO: [ view_parse ] --START--
INFO: [ template_filter ] --START--
INFO: Run Behavior\ContentReplaceBehavior [ RunTime:0.000042s ]
INFO: [ template_filter ] --END-- [ RunTime:0.000120s ]
INFO: Run Behavior\ParseTemplateBehavior [ RunTime:0.004553s ]
INFO: [ view_parse ] --END-- [ RunTime:0.004634s ]
INFO: [ view_filter ] --START--
INFO: Run Behavior\WriteHtmlCacheBehavior [ RunTime:0.000258s ]
INFO: [ view_filter ] --END-- [ RunTime:0.000328s ]
INFO: [ app_end ] --START--
INFO: Run Behavior\ShowPageTraceBehavior [ RunTime:0.000425s ]
INFO: [ app_end ] --END-- [ RunTime:0.000499s ]

[ 2017-07-04T14:21:25+08:00 ] ::1 /trainer/
INFO: [ app_init ] --START--
INFO: Run Behavior\BuildLiteBehavior [ RunTime:0.000018s ]
INFO: [ app_init ] --END-- [ RunTime:0.000474s ]
INFO: [ app_begin ] --START--
INFO: Run Behavior\ReadHtmlCacheBehavior [ RunTime:0.000521s ]
INFO: [ app_begin ] --END-- [ RunTime:0.000587s ]
SQL: SHOW COLUMNS FROM `trainer_user` [ RunTime:0.0082s ]
SQL: SELECT * FROM `trainer_user` WHERE ( openid = "myopenid_djjasjdjas" and status=1  ) ORDER BY ID desc LIMIT 1   [ RunTime:0.0008s ]
INFO: [ view_parse ] --START--
INFO: [ template_filter ] --START--
INFO: Run Behavior\ContentReplaceBehavior [ RunTime:0.000047s ]
INFO: [ template_filter ] --END-- [ RunTime:0.000120s ]
INFO: Run Behavior\ParseTemplateBehavior [ RunTime:0.006619s ]
INFO: [ view_parse ] --END-- [ RunTime:0.006714s ]
INFO: [ view_filter ] --START--
INFO: Run Behavior\WriteHtmlCacheBehavior [ RunTime:0.000455s ]
INFO: [ view_filter ] --END-- [ RunTime:0.000531s ]
INFO: [ app_end ] --START--
INFO: Run Behavior\ShowPageTraceBehavior [ RunTime:0.000684s ]
INFO: [ app_end ] --END-- [ RunTime:0.000765s ]

