[ 2017-02-25T12:34:19+08:00 ] ::1 /trainer/index.php/Admin/
INFO: [ app_init ] --START--
INFO: Run Behavior\BuildLiteBehavior [ RunTime:0.000021s ]
INFO: [ app_init ] --END-- [ RunTime:0.016680s ]
INFO: [ app_begin ] --START--
INFO: Run Behavior\ReadHtmlCacheBehavior [ RunTime:0.014633s ]
INFO: [ app_begin ] --END-- [ RunTime:0.014722s ]
SQL: SHOW COLUMNS FROM `trainer_user` [ RunTime:0.0962s ]
SQL: select user.id,openid,companyname,username,usersex,usertel,userstation,userjob,userroom,classname,class.id as classid,user.status as userstatus from trainer_user user left join trainer_class class on user.userClass=class.ID where user.status=1 order by user.id [ RunTime:0.0739s ]
INFO: [ view_parse ] --START--
INFO: [ template_filter ] --START--
INFO: Run Behavior\ContentReplaceBehavior [ RunTime:0.018419s ]
INFO: [ template_filter ] --END-- [ RunTime:0.018502s ]
NOTIC: [8] Array to string conversion E:\wamp\www\trainer\Application\Runtime\Cache\Admin\b595b808c2ebeeeb0478ffc30bb4e87a.php 第 160 行.
INFO: Run Behavior\ParseTemplateBehavior [ RunTime:0.372579s ]
INFO: [ view_parse ] --END-- [ RunTime:0.372736s ]
INFO: [ view_filter ] --START--
INFO: Run Behavior\WriteHtmlCacheBehavior [ RunTime:0.020027s ]
INFO: [ view_filter ] --END-- [ RunTime:0.020096s ]
INFO: [ app_end ] --START--
INFO: Run Behavior\ShowPageTraceBehavior [ RunTime:0.014555s ]
INFO: [ app_end ] --END-- [ RunTime:0.014626s ]

[ 2017-02-25T12:34:25+08:00 ] ::1 /trainer/index.php/Admin/Index/exportuser/data/[[%22%E5%A7%93%E5%90%8D%22,%22%E5%8D%95%E4%BD%8D%E5%90%8D%E7%A7%B0%22,%22%E6%80%A7%E5%88%AB%22,%22%E7%94%B5%E8%AF%9D%22,%22%E5%B2%97%E4%BD%8D%E5%90%8D%E7%A7%B0%22,%22%E8%81%8C%E7%A7%B0%22,%22%E6%98%AF%E5%90%A6%E5%8D%95%E4%BD%8F%22,%22%E6%89%80%E5%9C%A8%E7%8F%AD%E7%BA%A7%22,%22%E6%93%8D%E4%BD%9C%22],[%22%E9%A9%AC%E5%BD%A6%E9%B9%8F%22,%22%E6%88%90%E9%83%BD%E4%BF%A1%E6%81%AF%E4%BF%A1%E6%81%AF%E4%BF%A1%E6%81%AF%E4%BF%A1%E6%81%AF%E7%A7%91%E6%8A%80%E6%9C%89%E9%99%90%E5%85%AC%E5%8F%B8%22,%22male%22,%2215528270287%22,%22%E8%91%A3%E4%BA%8B%E9%95%BF%22,%22%E5%8F%AB%E5%85%BD%22,%22oneself%22,%22%E6%9C%AA%E5%88%86%E7%BB%84%22,%22%E5%88%A0%E9%99%A4%22],[%22%E9%BB%84%E5%AE%89%E5%BA%B7%22,%22%E6%88%90%E9%83%BD%E4%BF%A1%E6%81%AF%E4%BF%A1%E6%81%AF%E4%BF%A1%E6%81%AF%E4%BF%A1%E6%81%AF%E7%A7%91%E6%8A%80%E6%9C%89%E9%99%90%E5%85%AC%E5%8F%B8%22,%22female%22,%2218602222222%22,%22%E7%BB%8F%E7%90%86%22,%22%E6%97%A0%22,%22oneself%22,%22%E6%B5%8B%E8%AF%95%E5%88%86%E7%BB%84%22,%22%E5%88%A0%E9%99%A4%22],[%22%E9%BB%84%E5%AE%89%E5%BA%B7%22,%22%E6%88%90%E9%83%BD%E4%BF%A1%E6%81%AF%E4%BF%A1%E6%81%AF%E4%BF%A1%E6%81%AF%E4%BF%A1%E6%81%AF%E7%A7%91%E6%8A%80%E6%9C%89%E9%99%90%E5%85%AC%E5%8F%B8%22,%22%E7%94%B7%22,%2218602222222%22,%22%E7%BB%8F%E7%90%86%22,%22%E6%97%A0%22,%22%E6%88%91%E8%A6%81%E5%8D%95%E4%BD%8F%22,%22%E6%9C%AA%E5%88%86%E7%BB%84%22,%22%E5%88%A0%E9%99%A4%22],[%22%E9%BB%84%E5%AE%89%E5%BA%B7%22,%22%E6%88%90%E9%83%BD%E4%BF%A1%E6%81%AF%E4%BF%A1%E6%81%AF%E4%BF%A1%E6%81%AF%E4%BF%A1%E6%81%AF%E7%A7%91%E6%8A%80%E6%9C%89%E9%99%90%E5%85%AC%E5%8F%B8%22,%22%E5%A5%B3%22,%2218602222222%22,%22%E7%88%B1%E4%BB%95%E8%BE%BE%22,%22%E5%AF%B9%E6%96%B9%E7%9A%84%22,%22%E4%B8%8D%E5%8D%95%E4%BD%8F%22,%22%E6%9C%AA%E5%88%86%E7%BB%84%22,%22%E5%88%A0%E9%99%A4%22]].html
INFO: [ app_init ] --START--
INFO: Run Behavior\BuildLiteBehavior [ RunTime:0.000018s ]
INFO: [ app_init ] --END-- [ RunTime:0.000315s ]
INFO: [ app_begin ] --START--
INFO: Run Behavior\ReadHtmlCacheBehavior [ RunTime:0.000455s ]
INFO: [ app_begin ] --END-- [ RunTime:0.000531s ]

[ 2017-02-25T16:34:33+08:00 ] ::1 /trainer/index.php/Admin/Meal/test
INFO: [ app_init ] --START--
INFO: Run Behavior\BuildLiteBehavior [ RunTime:0.000019s ]
INFO: [ app_init ] --END-- [ RunTime:0.000543s ]
INFO: [ app_begin ] --START--
INFO: Run Behavior\ReadHtmlCacheBehavior [ RunTime:0.000566s ]
INFO: [ app_begin ] --END-- [ RunTime:0.000629s ]
SQL: SHOW COLUMNS FROM `trainer_config` [ RunTime:0.0356s ]
SQL: SELECT * FROM `trainer_config`  [ RunTime:0.0003s ]

[ 2017-02-25T16:38:38+08:00 ] ::1 /trainer/index.php/Admin/Meal/test
INFO: [ app_init ] --START--
INFO: Run Behavior\BuildLiteBehavior [ RunTime:0.000060s ]
INFO: [ app_init ] --END-- [ RunTime:0.000351s ]
INFO: [ app_begin ] --START--
INFO: Run Behavior\ReadHtmlCacheBehavior [ RunTime:0.000447s ]
INFO: [ app_begin ] --END-- [ RunTime:0.000527s ]
SQL: SHOW COLUMNS FROM `trainer_config` [ RunTime:0.0049s ]
SQL: SELECT * FROM `trainer_config`  [ RunTime:0.0003s ]

[ 2017-02-25T17:06:37+08:00 ] ::1 /trainer/index.php/Admin/Meal/test
INFO: [ app_init ] --START--
INFO: Run Behavior\BuildLiteBehavior [ RunTime:0.000029s ]
INFO: [ app_init ] --END-- [ RunTime:0.000547s ]
INFO: [ app_begin ] --START--
INFO: Run Behavior\ReadHtmlCacheBehavior [ RunTime:0.000473s ]
INFO: [ app_begin ] --END-- [ RunTime:0.000539s ]
SQL: SHOW COLUMNS FROM `trainer_config` [ RunTime:0.0060s ]
SQL: SELECT * FROM `trainer_config`  [ RunTime:0.0003s ]
NOTIC: [8] Array to string conversion E:\wamp\www\trainer\Application\Admin\Controller\MealController.class.php 第 69 行.
NOTIC: [8] Array to string conversion E:\wamp\www\trainer\Application\Admin\Controller\MealController.class.php 第 69 行.
NOTIC: [8] Array to string conversion E:\wamp\www\trainer\Application\Admin\Controller\MealController.class.php 第 69 行.
NOTIC: [8] Array to string conversion E:\wamp\www\trainer\Application\Admin\Controller\MealController.class.php 第 69 行.
NOTIC: [8] Array to string conversion E:\wamp\www\trainer\Application\Admin\Controller\MealController.class.php 第 69 行.
NOTIC: [8] Array to string conversion E:\wamp\www\trainer\Application\Admin\Controller\MealController.class.php 第 69 行.
NOTIC: [8] Array to string conversion E:\wamp\www\trainer\Application\Admin\Controller\MealController.class.php 第 69 行.
NOTIC: [8] Array to string conversion E:\wamp\www\trainer\Application\Admin\Controller\MealController.class.php 第 69 行.

[ 2017-02-25T17:06:56+08:00 ] ::1 /trainer/index.php/Admin/Meal/test
INFO: [ app_init ] --START--
INFO: Run Behavior\BuildLiteBehavior [ RunTime:0.000021s ]
INFO: [ app_init ] --END-- [ RunTime:0.000364s ]
INFO: [ app_begin ] --START--
INFO: Run Behavior\ReadHtmlCacheBehavior [ RunTime:0.000471s ]
INFO: [ app_begin ] --END-- [ RunTime:0.000559s ]
SQL: SHOW COLUMNS FROM `trainer_config` [ RunTime:0.0067s ]
SQL: SELECT * FROM `trainer_config`  [ RunTime:0.0004s ]

