[ 2017-03-05T15:57:03+08:00 ] ::1 /trainer/index.php/Admin/
INFO: [ app_init ] --START--
INFO: Run Behavior\BuildLiteBehavior [ RunTime:0.000019s ]
INFO: [ app_init ] --END-- [ RunTime:0.003546s ]
INFO: [ app_begin ] --START--
INFO: Run Behavior\ReadHtmlCacheBehavior [ RunTime:0.000678s ]
INFO: [ app_begin ] --END-- [ RunTime:0.000749s ]
SQL: SHOW COLUMNS FROM `trainer_user` [ RunTime:0.1012s ]
SQL: select user.id,openid,companyname,username,usersex,usertel,userstation,userjob,userroom,classname,class.id as classid,user.status as userstatus from trainer_user user left join trainer_class class on user.userClass=class.ID where user.status=1 order by user.id [ RunTime:0.0190s ]
INFO: [ view_parse ] --START--
INFO: [ template_filter ] --START--
INFO: Run Behavior\ContentReplaceBehavior [ RunTime:0.001006s ]
INFO: [ template_filter ] --END-- [ RunTime:0.001255s ]
NOTIC: [8] Array to string conversion E:\wamp\www\trainer\Application\Runtime\Cache\Admin\b595b808c2ebeeeb0478ffc30bb4e87a.php 第 160 行.
INFO: Run Behavior\ParseTemplateBehavior [ RunTime:0.115548s ]
INFO: [ view_parse ] --END-- [ RunTime:0.115786s ]
INFO: [ view_filter ] --START--
INFO: Run Behavior\WriteHtmlCacheBehavior [ RunTime:0.007717s ]
INFO: [ view_filter ] --END-- [ RunTime:0.007930s ]
INFO: [ app_end ] --START--
INFO: Run Behavior\ShowPageTraceBehavior [ RunTime:0.007298s ]
INFO: [ app_end ] --END-- [ RunTime:0.007527s ]

[ 2017-03-05T15:57:06+08:00 ] ::1 /trainer/index.php/Admin/Meal/index.html
INFO: [ app_init ] --START--
INFO: Run Behavior\BuildLiteBehavior [ RunTime:0.000017s ]
INFO: [ app_init ] --END-- [ RunTime:0.000292s ]
INFO: [ app_begin ] --START--
INFO: Run Behavior\ReadHtmlCacheBehavior [ RunTime:0.000387s ]
INFO: [ app_begin ] --END-- [ RunTime:0.000456s ]
SQL: SHOW COLUMNS FROM `trainer_meal` [ RunTime:0.0378s ]
SQL: SELECT * FROM `trainer_meal` WHERE `mealTime` LIKE '2017年03月05日%' AND `status` = 1  [ RunTime:0.0097s ]
INFO: [ view_parse ] --START--
INFO: [ template_filter ] --START--
INFO: Run Behavior\ContentReplaceBehavior [ RunTime:0.000066s ]
INFO: [ template_filter ] --END-- [ RunTime:0.000147s ]
INFO: Run Behavior\ParseTemplateBehavior [ RunTime:0.018388s ]
INFO: [ view_parse ] --END-- [ RunTime:0.018464s ]
INFO: [ view_filter ] --START--
INFO: Run Behavior\WriteHtmlCacheBehavior [ RunTime:0.000188s ]
INFO: [ view_filter ] --END-- [ RunTime:0.000245s ]
INFO: [ app_end ] --START--
INFO: Run Behavior\ShowPageTraceBehavior [ RunTime:0.000372s ]
INFO: [ app_end ] --END-- [ RunTime:0.000434s ]

[ 2017-03-05T15:57:48+08:00 ] ::1 /trainer/index.php/Admin/Meal/set.html
INFO: [ app_init ] --START--
INFO: Run Behavior\BuildLiteBehavior [ RunTime:0.000019s ]
INFO: [ app_init ] --END-- [ RunTime:0.000295s ]
INFO: [ app_begin ] --START--
INFO: Run Behavior\ReadHtmlCacheBehavior [ RunTime:0.000384s ]
INFO: [ app_begin ] --END-- [ RunTime:0.000454s ]
SQL: SHOW COLUMNS FROM `trainer_config` [ RunTime:0.0404s ]
SQL: SELECT * FROM `trainer_config`  [ RunTime:0.0004s ]
INFO: [ view_parse ] --START--
INFO: [ template_filter ] --START--
INFO: Run Behavior\ContentReplaceBehavior [ RunTime:0.000077s ]
INFO: [ template_filter ] --END-- [ RunTime:0.000148s ]
NOTIC: [8] Undefined variable: config E:\wamp\www\trainer\Application\Runtime\Cache\Admin\e9ea5484816e6ca2f85e7d1fb3b4b8ab.php 第 75 行.
NOTIC: [8] Undefined variable: config E:\wamp\www\trainer\Application\Runtime\Cache\Admin\e9ea5484816e6ca2f85e7d1fb3b4b8ab.php 第 76 行.
NOTIC: [8] Undefined variable: config E:\wamp\www\trainer\Application\Runtime\Cache\Admin\e9ea5484816e6ca2f85e7d1fb3b4b8ab.php 第 233 行.
INFO: Run Behavior\ParseTemplateBehavior [ RunTime:0.007469s ]
INFO: [ view_parse ] --END-- [ RunTime:0.007533s ]
INFO: [ view_filter ] --START--
INFO: Run Behavior\WriteHtmlCacheBehavior [ RunTime:0.000183s ]
INFO: [ view_filter ] --END-- [ RunTime:0.000239s ]
INFO: [ app_end ] --START--
INFO: Run Behavior\ShowPageTraceBehavior [ RunTime:0.000369s ]
INFO: [ app_end ] --END-- [ RunTime:0.000433s ]

[ 2017-03-05T15:58:14+08:00 ] ::1 /trainer/index.php/Admin/Meal/set.html
INFO: [ app_init ] --START--
INFO: Run Behavior\BuildLiteBehavior [ RunTime:0.000028s ]
INFO: [ app_init ] --END-- [ RunTime:0.000487s ]
INFO: [ app_begin ] --START--
INFO: Run Behavior\ReadHtmlCacheBehavior [ RunTime:0.000640s ]
INFO: [ app_begin ] --END-- [ RunTime:0.000758s ]
SQL: SHOW COLUMNS FROM `trainer_config` [ RunTime:0.0049s ]
SQL: SELECT * FROM `trainer_config`  [ RunTime:0.0004s ]
INFO: [ view_parse ] --START--
INFO: [ template_filter ] --START--
INFO: Run Behavior\ContentReplaceBehavior [ RunTime:0.000067s ]
INFO: [ template_filter ] --END-- [ RunTime:0.000130s ]
NOTIC: [8] Undefined variable: config E:\wamp\www\trainer\Application\Runtime\Cache\Admin\e9ea5484816e6ca2f85e7d1fb3b4b8ab.php 第 75 行.
NOTIC: [8] Undefined variable: config E:\wamp\www\trainer\Application\Runtime\Cache\Admin\e9ea5484816e6ca2f85e7d1fb3b4b8ab.php 第 76 行.
NOTIC: [8] Undefined variable: config E:\wamp\www\trainer\Application\Runtime\Cache\Admin\e9ea5484816e6ca2f85e7d1fb3b4b8ab.php 第 234 行.
INFO: Run Behavior\ParseTemplateBehavior [ RunTime:0.006696s ]
INFO: [ view_parse ] --END-- [ RunTime:0.006795s ]
INFO: [ view_filter ] --START--
INFO: Run Behavior\WriteHtmlCacheBehavior [ RunTime:0.000156s ]
INFO: [ view_filter ] --END-- [ RunTime:0.000206s ]
INFO: [ app_end ] --START--
INFO: Run Behavior\ShowPageTraceBehavior [ RunTime:0.000328s ]
INFO: [ app_end ] --END-- [ RunTime:0.000382s ]

[ 2017-03-05T15:58:50+08:00 ] ::1 /trainer/index.php/Admin/Meal/set.html
INFO: [ app_init ] --START--
INFO: Run Behavior\BuildLiteBehavior [ RunTime:0.000019s ]
INFO: [ app_init ] --END-- [ RunTime:0.000358s ]
INFO: [ app_begin ] --START--
INFO: Run Behavior\ReadHtmlCacheBehavior [ RunTime:0.000507s ]
INFO: [ app_begin ] --END-- [ RunTime:0.000584s ]
SQL: SHOW COLUMNS FROM `trainer_config` [ RunTime:0.0048s ]
SQL: SELECT * FROM `trainer_config`  [ RunTime:0.0005s ]
INFO: [ view_parse ] --START--
INFO: [ template_filter ] --START--
INFO: Run Behavior\ContentReplaceBehavior [ RunTime:0.000104s ]
INFO: [ template_filter ] --END-- [ RunTime:0.000177s ]
NOTIC: [8] Undefined variable: config E:\wamp\www\trainer\Application\Runtime\Cache\Admin\e9ea5484816e6ca2f85e7d1fb3b4b8ab.php 第 75 行.
NOTIC: [8] Undefined variable: config E:\wamp\www\trainer\Application\Runtime\Cache\Admin\e9ea5484816e6ca2f85e7d1fb3b4b8ab.php 第 76 行.
NOTIC: [8] Undefined variable: config E:\wamp\www\trainer\Application\Runtime\Cache\Admin\e9ea5484816e6ca2f85e7d1fb3b4b8ab.php 第 234 行.
INFO: Run Behavior\ParseTemplateBehavior [ RunTime:0.008641s ]
INFO: [ view_parse ] --END-- [ RunTime:0.008714s ]
INFO: [ view_filter ] --START--
INFO: Run Behavior\WriteHtmlCacheBehavior [ RunTime:0.000264s ]
INFO: [ view_filter ] --END-- [ RunTime:0.000326s ]
INFO: [ app_end ] --START--
INFO: Run Behavior\ShowPageTraceBehavior [ RunTime:0.000471s ]
INFO: [ app_end ] --END-- [ RunTime:0.000541s ]

[ 2017-03-05T15:59:11+08:00 ] ::1 /trainer/index.php/Admin/Meal/set.html
INFO: [ app_init ] --START--
INFO: Run Behavior\BuildLiteBehavior [ RunTime:0.000033s ]
INFO: [ app_init ] --END-- [ RunTime:0.000586s ]
INFO: [ app_begin ] --START--
INFO: Run Behavior\ReadHtmlCacheBehavior [ RunTime:0.000847s ]
INFO: [ app_begin ] --END-- [ RunTime:0.001082s ]
SQL: SHOW COLUMNS FROM `trainer_config` [ RunTime:0.0046s ]
SQL: SELECT * FROM `trainer_config`  [ RunTime:0.0004s ]
INFO: [ view_parse ] --START--
INFO: [ template_filter ] --START--
INFO: Run Behavior\ContentReplaceBehavior [ RunTime:0.000099s ]
INFO: [ template_filter ] --END-- [ RunTime:0.000177s ]
NOTIC: [8] Undefined variable: config E:\wamp\www\trainer\Application\Runtime\Cache\Admin\e9ea5484816e6ca2f85e7d1fb3b4b8ab.php 第 75 行.
NOTIC: [8] Undefined variable: config E:\wamp\www\trainer\Application\Runtime\Cache\Admin\e9ea5484816e6ca2f85e7d1fb3b4b8ab.php 第 76 行.
NOTIC: [8] Undefined variable: config E:\wamp\www\trainer\Application\Runtime\Cache\Admin\e9ea5484816e6ca2f85e7d1fb3b4b8ab.php 第 234 行.
INFO: Run Behavior\ParseTemplateBehavior [ RunTime:0.008223s ]
INFO: [ view_parse ] --END-- [ RunTime:0.008300s ]
INFO: [ view_filter ] --START--
INFO: Run Behavior\WriteHtmlCacheBehavior [ RunTime:0.000245s ]
INFO: [ view_filter ] --END-- [ RunTime:0.000308s ]
INFO: [ app_end ] --START--
INFO: Run Behavior\ShowPageTraceBehavior [ RunTime:0.000428s ]
INFO: [ app_end ] --END-- [ RunTime:0.000496s ]

[ 2017-03-05T15:59:18+08:00 ] ::1 /trainer/index.php/Admin/Meal/set.html
INFO: [ app_init ] --START--
INFO: Run Behavior\BuildLiteBehavior [ RunTime:0.000014s ]
INFO: [ app_init ] --END-- [ RunTime:0.000255s ]
INFO: [ app_begin ] --START--
INFO: Run Behavior\ReadHtmlCacheBehavior [ RunTime:0.000332s ]
INFO: [ app_begin ] --END-- [ RunTime:0.000392s ]
SQL: SHOW COLUMNS FROM `trainer_config` [ RunTime:0.0041s ]
SQL: SELECT * FROM `trainer_config`  [ RunTime:0.0004s ]
INFO: [ view_parse ] --START--
INFO: [ template_filter ] --START--
INFO: Run Behavior\ContentReplaceBehavior [ RunTime:0.000070s ]
INFO: [ template_filter ] --END-- [ RunTime:0.000137s ]
NOTIC: [8] Undefined variable: config E:\wamp\www\trainer\Application\Runtime\Cache\Admin\e9ea5484816e6ca2f85e7d1fb3b4b8ab.php 第 75 行.
NOTIC: [8] Undefined variable: config E:\wamp\www\trainer\Application\Runtime\Cache\Admin\e9ea5484816e6ca2f85e7d1fb3b4b8ab.php 第 76 行.
NOTIC: [8] Undefined variable: config E:\wamp\www\trainer\Application\Runtime\Cache\Admin\e9ea5484816e6ca2f85e7d1fb3b4b8ab.php 第 234 行.
INFO: Run Behavior\ParseTemplateBehavior [ RunTime:0.008553s ]
INFO: [ view_parse ] --END-- [ RunTime:0.008659s ]
INFO: [ view_filter ] --START--
INFO: Run Behavior\WriteHtmlCacheBehavior [ RunTime:0.000315s ]
INFO: [ view_filter ] --END-- [ RunTime:0.000411s ]
INFO: [ app_end ] --START--
INFO: Run Behavior\ShowPageTraceBehavior [ RunTime:0.000350s ]
INFO: [ app_end ] --END-- [ RunTime:0.000404s ]

[ 2017-03-05T15:59:20+08:00 ] ::1 /trainer/index.php/Admin/Meal/set.html
INFO: [ app_init ] --START--
INFO: Run Behavior\BuildLiteBehavior [ RunTime:0.000016s ]
INFO: [ app_init ] --END-- [ RunTime:0.000284s ]
INFO: [ app_begin ] --START--
INFO: Run Behavior\ReadHtmlCacheBehavior [ RunTime:0.000359s ]
INFO: [ app_begin ] --END-- [ RunTime:0.000420s ]
SQL: SHOW COLUMNS FROM `trainer_config` [ RunTime:0.0043s ]
SQL: SELECT * FROM `trainer_config`  [ RunTime:0.0005s ]
INFO: [ view_parse ] --START--
INFO: [ template_filter ] --START--
INFO: Run Behavior\ContentReplaceBehavior [ RunTime:0.000070s ]
INFO: [ template_filter ] --END-- [ RunTime:0.000140s ]
NOTIC: [8] Undefined variable: config E:\wamp\www\trainer\Application\Runtime\Cache\Admin\e9ea5484816e6ca2f85e7d1fb3b4b8ab.php 第 75 行.
NOTIC: [8] Undefined variable: config E:\wamp\www\trainer\Application\Runtime\Cache\Admin\e9ea5484816e6ca2f85e7d1fb3b4b8ab.php 第 76 行.
NOTIC: [8] Undefined variable: config E:\wamp\www\trainer\Application\Runtime\Cache\Admin\e9ea5484816e6ca2f85e7d1fb3b4b8ab.php 第 234 行.
INFO: Run Behavior\ParseTemplateBehavior [ RunTime:0.007148s ]
INFO: [ view_parse ] --END-- [ RunTime:0.007215s ]
INFO: [ view_filter ] --START--
INFO: Run Behavior\WriteHtmlCacheBehavior [ RunTime:0.000240s ]
INFO: [ view_filter ] --END-- [ RunTime:0.000311s ]
INFO: [ app_end ] --START--
INFO: Run Behavior\ShowPageTraceBehavior [ RunTime:0.000666s ]
INFO: [ app_end ] --END-- [ RunTime:0.000757s ]

[ 2017-03-05T16:01:00+08:00 ] ::1 /trainer/index.php/Admin/Meal/set.html
INFO: [ app_init ] --START--
INFO: Run Behavior\BuildLiteBehavior [ RunTime:0.000028s ]
INFO: [ app_init ] --END-- [ RunTime:0.000507s ]
INFO: [ app_begin ] --START--
INFO: Run Behavior\ReadHtmlCacheBehavior [ RunTime:0.000799s ]
INFO: [ app_begin ] --END-- [ RunTime:0.000912s ]
SQL: SHOW COLUMNS FROM `trainer_config` [ RunTime:0.0042s ]
SQL: SELECT * FROM `trainer_config`  [ RunTime:0.0004s ]
INFO: [ view_parse ] --START--
INFO: [ template_filter ] --START--
INFO: Run Behavior\ContentReplaceBehavior [ RunTime:0.000068s ]
INFO: [ template_filter ] --END-- [ RunTime:0.000129s ]
NOTIC: [8] Undefined variable: config E:\wamp\www\trainer\Application\Runtime\Cache\Admin\e9ea5484816e6ca2f85e7d1fb3b4b8ab.php 第 75 行.
NOTIC: [8] Undefined variable: config E:\wamp\www\trainer\Application\Runtime\Cache\Admin\e9ea5484816e6ca2f85e7d1fb3b4b8ab.php 第 76 行.
NOTIC: [8] Undefined variable: config E:\wamp\www\trainer\Application\Runtime\Cache\Admin\e9ea5484816e6ca2f85e7d1fb3b4b8ab.php 第 234 行.
INFO: Run Behavior\ParseTemplateBehavior [ RunTime:0.007754s ]
INFO: [ view_parse ] --END-- [ RunTime:0.007839s ]
INFO: [ view_filter ] --START--
INFO: Run Behavior\WriteHtmlCacheBehavior [ RunTime:0.000332s ]
INFO: [ view_filter ] --END-- [ RunTime:0.000384s ]
INFO: [ app_end ] --START--
INFO: Run Behavior\ShowPageTraceBehavior [ RunTime:0.000399s ]
INFO: [ app_end ] --END-- [ RunTime:0.000454s ]

[ 2017-03-05T16:01:46+08:00 ] ::1 /trainer/index.php/Admin/Meal/set.html
INFO: [ app_init ] --START--
INFO: Run Behavior\BuildLiteBehavior [ RunTime:0.000032s ]
INFO: [ app_init ] --END-- [ RunTime:0.000486s ]
INFO: [ app_begin ] --START--
INFO: Run Behavior\ReadHtmlCacheBehavior [ RunTime:0.000729s ]
INFO: [ app_begin ] --END-- [ RunTime:0.000854s ]
SQL: SHOW COLUMNS FROM `trainer_config` [ RunTime:0.0075s ]
SQL: SELECT * FROM `trainer_config`  [ RunTime:0.0004s ]
INFO: [ view_parse ] --START--
INFO: [ template_filter ] --START--
INFO: Run Behavior\ContentReplaceBehavior [ RunTime:0.000081s ]
INFO: [ template_filter ] --END-- [ RunTime:0.000154s ]
NOTIC: [8] Undefined variable: config E:\wamp\www\trainer\Application\Runtime\Cache\Admin\e9ea5484816e6ca2f85e7d1fb3b4b8ab.php 第 75 行.
NOTIC: [8] Undefined variable: config E:\wamp\www\trainer\Application\Runtime\Cache\Admin\e9ea5484816e6ca2f85e7d1fb3b4b8ab.php 第 76 行.
NOTIC: [8] Undefined variable: config E:\wamp\www\trainer\Application\Runtime\Cache\Admin\e9ea5484816e6ca2f85e7d1fb3b4b8ab.php 第 234 行.
INFO: Run Behavior\ParseTemplateBehavior [ RunTime:0.007621s ]
INFO: [ view_parse ] --END-- [ RunTime:0.007691s ]
INFO: [ view_filter ] --START--
INFO: Run Behavior\WriteHtmlCacheBehavior [ RunTime:0.000196s ]
INFO: [ view_filter ] --END-- [ RunTime:0.000254s ]
INFO: [ app_end ] --START--
INFO: Run Behavior\ShowPageTraceBehavior [ RunTime:0.000391s ]
INFO: [ app_end ] --END-- [ RunTime:0.000455s ]

[ 2017-03-05T16:02:26+08:00 ] ::1 /trainer/index.php/Admin/Meal/index.html
INFO: [ app_init ] --START--
INFO: Run Behavior\BuildLiteBehavior [ RunTime:0.000015s ]
INFO: [ app_init ] --END-- [ RunTime:0.000263s ]
INFO: [ app_begin ] --START--
INFO: Run Behavior\ReadHtmlCacheBehavior [ RunTime:0.000352s ]
INFO: [ app_begin ] --END-- [ RunTime:0.000417s ]
SQL: SHOW COLUMNS FROM `trainer_meal` [ RunTime:0.0051s ]
SQL: SELECT * FROM `trainer_meal` WHERE `mealTime` LIKE '2017年03月05日%' AND `status` = 1  [ RunTime:0.0004s ]
INFO: [ view_parse ] --START--
INFO: [ template_filter ] --START--
INFO: Run Behavior\ContentReplaceBehavior [ RunTime:0.000059s ]
INFO: [ template_filter ] --END-- [ RunTime:0.000124s ]
INFO: Run Behavior\ParseTemplateBehavior [ RunTime:0.006753s ]
INFO: [ view_parse ] --END-- [ RunTime:0.006815s ]
INFO: [ view_filter ] --START--
INFO: Run Behavior\WriteHtmlCacheBehavior [ RunTime:0.000156s ]
INFO: [ view_filter ] --END-- [ RunTime:0.000211s ]
INFO: [ app_end ] --START--
INFO: Run Behavior\ShowPageTraceBehavior [ RunTime:0.000320s ]
INFO: [ app_end ] --END-- [ RunTime:0.000374s ]

[ 2017-03-05T16:02:28+08:00 ] ::1 /trainer/index.php/Admin/Meal/set.html
INFO: [ app_init ] --START--
INFO: Run Behavior\BuildLiteBehavior [ RunTime:0.000017s ]
INFO: [ app_init ] --END-- [ RunTime:0.000293s ]
INFO: [ app_begin ] --START--
INFO: Run Behavior\ReadHtmlCacheBehavior [ RunTime:0.000378s ]
INFO: [ app_begin ] --END-- [ RunTime:0.000446s ]
SQL: SHOW COLUMNS FROM `trainer_config` [ RunTime:0.0042s ]
SQL: SELECT * FROM `trainer_config`  [ RunTime:0.0004s ]
INFO: [ view_parse ] --START--
INFO: [ template_filter ] --START--
INFO: Run Behavior\ContentReplaceBehavior [ RunTime:0.000079s ]
INFO: [ template_filter ] --END-- [ RunTime:0.000151s ]
NOTIC: [8] Undefined variable: config E:\wamp\www\trainer\Application\Runtime\Cache\Admin\e9ea5484816e6ca2f85e7d1fb3b4b8ab.php 第 75 行.
NOTIC: [8] Undefined variable: config E:\wamp\www\trainer\Application\Runtime\Cache\Admin\e9ea5484816e6ca2f85e7d1fb3b4b8ab.php 第 76 行.
NOTIC: [8] Undefined variable: config E:\wamp\www\trainer\Application\Runtime\Cache\Admin\e9ea5484816e6ca2f85e7d1fb3b4b8ab.php 第 234 行.
INFO: Run Behavior\ParseTemplateBehavior [ RunTime:0.007467s ]
INFO: [ view_parse ] --END-- [ RunTime:0.007534s ]
INFO: [ view_filter ] --START--
INFO: Run Behavior\WriteHtmlCacheBehavior [ RunTime:0.000190s ]
INFO: [ view_filter ] --END-- [ RunTime:0.000247s ]
INFO: [ app_end ] --START--
INFO: Run Behavior\ShowPageTraceBehavior [ RunTime:0.000376s ]
INFO: [ app_end ] --END-- [ RunTime:0.000438s ]

[ 2017-03-05T16:02:30+08:00 ] ::1 /trainer/index.php/Admin/Meal/set.html
INFO: [ app_init ] --START--
INFO: Run Behavior\BuildLiteBehavior [ RunTime:0.000029s ]
INFO: [ app_init ] --END-- [ RunTime:0.000490s ]
INFO: [ app_begin ] --START--
INFO: Run Behavior\ReadHtmlCacheBehavior [ RunTime:0.000651s ]
INFO: [ app_begin ] --END-- [ RunTime:0.000790s ]
SQL: SHOW COLUMNS FROM `trainer_config` [ RunTime:0.0045s ]
SQL: SELECT * FROM `trainer_config`  [ RunTime:0.0003s ]
INFO: [ view_parse ] --START--
INFO: [ template_filter ] --START--
INFO: Run Behavior\ContentReplaceBehavior [ RunTime:0.000068s ]
INFO: [ template_filter ] --END-- [ RunTime:0.000130s ]
NOTIC: [8] Undefined variable: config E:\wamp\www\trainer\Application\Runtime\Cache\Admin\e9ea5484816e6ca2f85e7d1fb3b4b8ab.php 第 75 行.
NOTIC: [8] Undefined variable: config E:\wamp\www\trainer\Application\Runtime\Cache\Admin\e9ea5484816e6ca2f85e7d1fb3b4b8ab.php 第 76 行.
NOTIC: [8] Undefined variable: config E:\wamp\www\trainer\Application\Runtime\Cache\Admin\e9ea5484816e6ca2f85e7d1fb3b4b8ab.php 第 234 行.
INFO: Run Behavior\ParseTemplateBehavior [ RunTime:0.006724s ]
INFO: [ view_parse ] --END-- [ RunTime:0.006782s ]
INFO: [ view_filter ] --START--
INFO: Run Behavior\WriteHtmlCacheBehavior [ RunTime:0.000156s ]
INFO: [ view_filter ] --END-- [ RunTime:0.000206s ]
INFO: [ app_end ] --START--
INFO: Run Behavior\ShowPageTraceBehavior [ RunTime:0.000327s ]
INFO: [ app_end ] --END-- [ RunTime:0.000381s ]

[ 2017-03-05T16:02:45+08:00 ] ::1 /trainer/index.php/Admin/Meal/index.html
INFO: [ app_init ] --START--
INFO: Run Behavior\BuildLiteBehavior [ RunTime:0.000017s ]
INFO: [ app_init ] --END-- [ RunTime:0.000302s ]
INFO: [ app_begin ] --START--
INFO: Run Behavior\ReadHtmlCacheBehavior [ RunTime:0.000384s ]
INFO: [ app_begin ] --END-- [ RunTime:0.000455s ]
SQL: SHOW COLUMNS FROM `trainer_meal` [ RunTime:0.0074s ]
SQL: SELECT * FROM `trainer_meal` WHERE `mealTime` LIKE '2017年03月05日%' AND `status` = 1  [ RunTime:0.0006s ]
INFO: [ view_parse ] --START--
INFO: [ template_filter ] --START--
INFO: Run Behavior\ContentReplaceBehavior [ RunTime:0.000067s ]
INFO: [ template_filter ] --END-- [ RunTime:0.000143s ]
INFO: Run Behavior\ParseTemplateBehavior [ RunTime:0.007566s ]
INFO: [ view_parse ] --END-- [ RunTime:0.007636s ]
INFO: [ view_filter ] --START--
INFO: Run Behavior\WriteHtmlCacheBehavior [ RunTime:0.000184s ]
INFO: [ view_filter ] --END-- [ RunTime:0.000240s ]
INFO: [ app_end ] --START--
INFO: Run Behavior\ShowPageTraceBehavior [ RunTime:0.000367s ]
INFO: [ app_end ] --END-- [ RunTime:0.000428s ]

[ 2017-03-05T16:02:46+08:00 ] ::1 /trainer/index.php/Admin/Meal/set.html
INFO: [ app_init ] --START--
INFO: Run Behavior\BuildLiteBehavior [ RunTime:0.000020s ]
INFO: [ app_init ] --END-- [ RunTime:0.000358s ]
INFO: [ app_begin ] --START--
INFO: Run Behavior\ReadHtmlCacheBehavior [ RunTime:0.000388s ]
INFO: [ app_begin ] --END-- [ RunTime:0.000462s ]
SQL: SHOW COLUMNS FROM `trainer_config` [ RunTime:0.0043s ]
SQL: SELECT * FROM `trainer_config`  [ RunTime:0.0004s ]
INFO: [ view_parse ] --START--
INFO: [ template_filter ] --START--
INFO: Run Behavior\ContentReplaceBehavior [ RunTime:0.000078s ]
INFO: [ template_filter ] --END-- [ RunTime:0.000177s ]
NOTIC: [8] Undefined variable: config E:\wamp\www\trainer\Application\Runtime\Cache\Admin\e9ea5484816e6ca2f85e7d1fb3b4b8ab.php 第 75 行.
NOTIC: [8] Undefined variable: config E:\wamp\www\trainer\Application\Runtime\Cache\Admin\e9ea5484816e6ca2f85e7d1fb3b4b8ab.php 第 76 行.
NOTIC: [8] Undefined variable: config E:\wamp\www\trainer\Application\Runtime\Cache\Admin\e9ea5484816e6ca2f85e7d1fb3b4b8ab.php 第 234 行.
INFO: Run Behavior\ParseTemplateBehavior [ RunTime:0.007448s ]
INFO: [ view_parse ] --END-- [ RunTime:0.007514s ]
INFO: [ view_filter ] --START--
INFO: Run Behavior\WriteHtmlCacheBehavior [ RunTime:0.000193s ]
INFO: [ view_filter ] --END-- [ RunTime:0.000250s ]
INFO: [ app_end ] --START--
INFO: Run Behavior\ShowPageTraceBehavior [ RunTime:0.000429s ]
INFO: [ app_end ] --END-- [ RunTime:0.000519s ]

[ 2017-03-05T16:02:50+08:00 ] ::1 /trainer/index.php/Admin/Meal/set.html
INFO: [ app_init ] --START--
INFO: Run Behavior\BuildLiteBehavior [ RunTime:0.000072s ]
INFO: [ app_init ] --END-- [ RunTime:0.001025s ]
INFO: [ app_begin ] --START--
INFO: Run Behavior\ReadHtmlCacheBehavior [ RunTime:0.000561s ]
INFO: [ app_begin ] --END-- [ RunTime:0.000668s ]
SQL: SHOW COLUMNS FROM `trainer_config` [ RunTime:0.0073s ]
SQL: SELECT * FROM `trainer_config`  [ RunTime:0.0005s ]
INFO: [ view_parse ] --START--
INFO: [ template_filter ] --START--
INFO: Run Behavior\ContentReplaceBehavior [ RunTime:0.000085s ]
INFO: [ template_filter ] --END-- [ RunTime:0.000168s ]
NOTIC: [8] Undefined variable: config E:\wamp\www\trainer\Application\Runtime\Cache\Admin\e9ea5484816e6ca2f85e7d1fb3b4b8ab.php 第 75 行.
NOTIC: [8] Undefined variable: config E:\wamp\www\trainer\Application\Runtime\Cache\Admin\e9ea5484816e6ca2f85e7d1fb3b4b8ab.php 第 76 行.
NOTIC: [8] Undefined variable: config E:\wamp\www\trainer\Application\Runtime\Cache\Admin\e9ea5484816e6ca2f85e7d1fb3b4b8ab.php 第 234 行.
INFO: Run Behavior\ParseTemplateBehavior [ RunTime:0.008829s ]
INFO: [ view_parse ] --END-- [ RunTime:0.008900s ]
INFO: [ view_filter ] --START--
INFO: Run Behavior\WriteHtmlCacheBehavior [ RunTime:0.000198s ]
INFO: [ view_filter ] --END-- [ RunTime:0.000259s ]
INFO: [ app_end ] --START--
INFO: Run Behavior\ShowPageTraceBehavior [ RunTime:0.000402s ]
INFO: [ app_end ] --END-- [ RunTime:0.000469s ]

[ 2017-03-05T17:24:40+08:00 ] ::1 /trainer/index.php/Admin/Meal/set.html
INFO: [ app_init ] --START--
INFO: Run Behavior\BuildLiteBehavior [ RunTime:0.000019s ]
INFO: [ app_init ] --END-- [ RunTime:0.000367s ]
INFO: [ app_begin ] --START--
INFO: Run Behavior\ReadHtmlCacheBehavior [ RunTime:0.000500s ]
INFO: [ app_begin ] --END-- [ RunTime:0.000582s ]
SQL: SHOW COLUMNS FROM `trainer_config` [ RunTime:0.0048s ]
SQL: SELECT * FROM `trainer_config`  [ RunTime:0.0005s ]
INFO: [ view_parse ] --START--
INFO: [ template_filter ] --START--
INFO: Run Behavior\ContentReplaceBehavior [ RunTime:0.000086s ]
INFO: [ template_filter ] --END-- [ RunTime:0.000154s ]
NOTIC: [8] Undefined variable: config E:\wamp\www\trainer\Application\Runtime\Cache\Admin\e9ea5484816e6ca2f85e7d1fb3b4b8ab.php 第 75 行.
NOTIC: [8] Undefined variable: config E:\wamp\www\trainer\Application\Runtime\Cache\Admin\e9ea5484816e6ca2f85e7d1fb3b4b8ab.php 第 76 行.
NOTIC: [8] Undefined variable: config E:\wamp\www\trainer\Application\Runtime\Cache\Admin\e9ea5484816e6ca2f85e7d1fb3b4b8ab.php 第 236 行.
INFO: Run Behavior\ParseTemplateBehavior [ RunTime:0.008763s ]
INFO: [ view_parse ] --END-- [ RunTime:0.008841s ]
INFO: [ view_filter ] --START--
INFO: Run Behavior\WriteHtmlCacheBehavior [ RunTime:0.000320s ]
INFO: [ view_filter ] --END-- [ RunTime:0.000373s ]
INFO: [ app_end ] --START--
INFO: Run Behavior\ShowPageTraceBehavior [ RunTime:0.000884s ]
INFO: [ app_end ] --END-- [ RunTime:0.000953s ]

[ 2017-03-05T17:24:53+08:00 ] ::1 /trainer/index.php/Admin/Meal/set.html
INFO: [ app_init ] --START--
INFO: Run Behavior\BuildLiteBehavior [ RunTime:0.000022s ]
INFO: [ app_init ] --END-- [ RunTime:0.000370s ]
INFO: [ app_begin ] --START--
INFO: Run Behavior\ReadHtmlCacheBehavior [ RunTime:0.000660s ]
INFO: [ app_begin ] --END-- [ RunTime:0.000759s ]
SQL: SHOW COLUMNS FROM `trainer_config` [ RunTime:0.0073s ]
SQL: SELECT * FROM `trainer_config`  [ RunTime:0.0006s ]
INFO: [ view_parse ] --START--
INFO: [ template_filter ] --START--
INFO: Run Behavior\ContentReplaceBehavior [ RunTime:0.000077s ]
INFO: [ template_filter ] --END-- [ RunTime:0.000148s ]
NOTIC: [8] Undefined variable: config E:\wamp\www\trainer\Application\Runtime\Cache\Admin\e9ea5484816e6ca2f85e7d1fb3b4b8ab.php 第 75 行.
NOTIC: [8] Undefined variable: config E:\wamp\www\trainer\Application\Runtime\Cache\Admin\e9ea5484816e6ca2f85e7d1fb3b4b8ab.php 第 76 行.
NOTIC: [8] Undefined variable: config E:\wamp\www\trainer\Application\Runtime\Cache\Admin\e9ea5484816e6ca2f85e7d1fb3b4b8ab.php 第 236 行.
INFO: Run Behavior\ParseTemplateBehavior [ RunTime:0.007875s ]
INFO: [ view_parse ] --END-- [ RunTime:0.007957s ]
INFO: [ view_filter ] --START--
INFO: Run Behavior\WriteHtmlCacheBehavior [ RunTime:0.000282s ]
INFO: [ view_filter ] --END-- [ RunTime:0.000341s ]
INFO: [ app_end ] --START--
INFO: Run Behavior\ShowPageTraceBehavior [ RunTime:0.000462s ]
INFO: [ app_end ] --END-- [ RunTime:0.000524s ]

[ 2017-03-05T17:25:31+08:00 ] ::1 /trainer/index.php/Admin/Meal/set.html
INFO: [ app_init ] --START--
INFO: Run Behavior\BuildLiteBehavior [ RunTime:0.000025s ]
INFO: [ app_init ] --END-- [ RunTime:0.000414s ]
INFO: [ app_begin ] --START--
INFO: Run Behavior\ReadHtmlCacheBehavior [ RunTime:0.000389s ]
INFO: [ app_begin ] --END-- [ RunTime:0.000475s ]
SQL: SHOW COLUMNS FROM `trainer_config` [ RunTime:0.0045s ]
SQL: SELECT * FROM `trainer_config`  [ RunTime:0.0003s ]
INFO: [ view_parse ] --START--
INFO: [ template_filter ] --START--
INFO: Run Behavior\ContentReplaceBehavior [ RunTime:0.000069s ]
INFO: [ template_filter ] --END-- [ RunTime:0.000132s ]
NOTIC: [8] Undefined variable: config E:\wamp\www\trainer\Application\Runtime\Cache\Admin\e9ea5484816e6ca2f85e7d1fb3b4b8ab.php 第 75 行.
NOTIC: [8] Undefined variable: config E:\wamp\www\trainer\Application\Runtime\Cache\Admin\e9ea5484816e6ca2f85e7d1fb3b4b8ab.php 第 76 行.
NOTIC: [8] Undefined variable: config E:\wamp\www\trainer\Application\Runtime\Cache\Admin\e9ea5484816e6ca2f85e7d1fb3b4b8ab.php 第 239 行.
INFO: Run Behavior\ParseTemplateBehavior [ RunTime:0.007104s ]
INFO: [ view_parse ] --END-- [ RunTime:0.007166s ]
INFO: [ view_filter ] --START--
INFO: Run Behavior\WriteHtmlCacheBehavior [ RunTime:0.000239s ]
INFO: [ view_filter ] --END-- [ RunTime:0.000289s ]
INFO: [ app_end ] --START--
INFO: Run Behavior\ShowPageTraceBehavior [ RunTime:0.000446s ]
INFO: [ app_end ] --END-- [ RunTime:0.000501s ]

[ 2017-03-05T17:25:40+08:00 ] ::1 /trainer/index.php/Admin/Meal/set.html
INFO: [ app_init ] --START--
INFO: Run Behavior\BuildLiteBehavior [ RunTime:0.000026s ]
INFO: [ app_init ] --END-- [ RunTime:0.000456s ]
INFO: [ app_begin ] --START--
INFO: Run Behavior\ReadHtmlCacheBehavior [ RunTime:0.000454s ]
INFO: [ app_begin ] --END-- [ RunTime:0.000537s ]
SQL: SHOW COLUMNS FROM `trainer_config` [ RunTime:0.0040s ]
SQL: SELECT * FROM `trainer_config`  [ RunTime:0.0004s ]
INFO: [ view_parse ] --START--
INFO: [ template_filter ] --START--
INFO: Run Behavior\ContentReplaceBehavior [ RunTime:0.000069s ]
INFO: [ template_filter ] --END-- [ RunTime:0.000129s ]
NOTIC: [8] Undefined variable: config E:\wamp\www\trainer\Application\Runtime\Cache\Admin\e9ea5484816e6ca2f85e7d1fb3b4b8ab.php 第 75 行.
NOTIC: [8] Undefined variable: config E:\wamp\www\trainer\Application\Runtime\Cache\Admin\e9ea5484816e6ca2f85e7d1fb3b4b8ab.php 第 76 行.
NOTIC: [8] Undefined variable: config E:\wamp\www\trainer\Application\Runtime\Cache\Admin\e9ea5484816e6ca2f85e7d1fb3b4b8ab.php 第 239 行.
INFO: Run Behavior\ParseTemplateBehavior [ RunTime:0.006938s ]
INFO: [ view_parse ] --END-- [ RunTime:0.006998s ]
INFO: [ view_filter ] --START--
INFO: Run Behavior\WriteHtmlCacheBehavior [ RunTime:0.000251s ]
INFO: [ view_filter ] --END-- [ RunTime:0.000302s ]
INFO: [ app_end ] --START--
INFO: Run Behavior\ShowPageTraceBehavior [ RunTime:0.000450s ]
INFO: [ app_end ] --END-- [ RunTime:0.000506s ]

[ 2017-03-05T17:29:33+08:00 ] ::1 /trainer/index.php/Admin/Meal/set.html
INFO: [ app_init ] --START--
INFO: Run Behavior\BuildLiteBehavior [ RunTime:0.000028s ]
INFO: [ app_init ] --END-- [ RunTime:0.000520s ]
INFO: [ app_begin ] --START--
INFO: Run Behavior\ReadHtmlCacheBehavior [ RunTime:0.000454s ]
INFO: [ app_begin ] --END-- [ RunTime:0.000526s ]
SQL: SHOW COLUMNS FROM `trainer_config` [ RunTime:0.0050s ]
SQL: SELECT * FROM `trainer_config`  [ RunTime:0.0010s ]
INFO: [ view_parse ] --START--
INFO: [ template_filter ] --START--
INFO: Run Behavior\ContentReplaceBehavior [ RunTime:0.000073s ]
INFO: [ template_filter ] --END-- [ RunTime:0.000140s ]
NOTIC: [8] Undefined variable: config E:\wamp\www\trainer\Application\Runtime\Cache\Admin\e9ea5484816e6ca2f85e7d1fb3b4b8ab.php 第 75 行.
NOTIC: [8] Undefined variable: config E:\wamp\www\trainer\Application\Runtime\Cache\Admin\e9ea5484816e6ca2f85e7d1fb3b4b8ab.php 第 76 行.
NOTIC: [8] Undefined variable: config E:\wamp\www\trainer\Application\Runtime\Cache\Admin\e9ea5484816e6ca2f85e7d1fb3b4b8ab.php 第 245 行.
INFO: Run Behavior\ParseTemplateBehavior [ RunTime:0.008327s ]
INFO: [ view_parse ] --END-- [ RunTime:0.008391s ]
INFO: [ view_filter ] --START--
INFO: Run Behavior\WriteHtmlCacheBehavior [ RunTime:0.000294s ]
INFO: [ view_filter ] --END-- [ RunTime:0.000347s ]
INFO: [ app_end ] --START--
INFO: Run Behavior\ShowPageTraceBehavior [ RunTime:0.000406s ]
INFO: [ app_end ] --END-- [ RunTime:0.000460s ]

[ 2017-03-05T18:08:37+08:00 ] ::1 /trainer/index.php/Admin/Meal/index.html
INFO: [ app_init ] --START--
INFO: Run Behavior\BuildLiteBehavior [ RunTime:0.000017s ]
INFO: [ app_init ] --END-- [ RunTime:0.000333s ]
INFO: [ app_begin ] --START--
INFO: Run Behavior\ReadHtmlCacheBehavior [ RunTime:0.000456s ]
INFO: [ app_begin ] --END-- [ RunTime:0.000527s ]
SQL: SHOW COLUMNS FROM `trainer_meal` [ RunTime:0.0073s ]
SQL: SELECT * FROM `trainer_meal` WHERE `mealTime` LIKE '2017年03月05日%' AND `status` = 1  [ RunTime:0.0005s ]
INFO: [ view_parse ] --START--
INFO: [ template_filter ] --START--
INFO: Run Behavior\ContentReplaceBehavior [ RunTime:0.000067s ]
INFO: [ template_filter ] --END-- [ RunTime:0.000144s ]
INFO: Run Behavior\ParseTemplateBehavior [ RunTime:0.008025s ]
INFO: [ view_parse ] --END-- [ RunTime:0.008095s ]
INFO: [ view_filter ] --START--
INFO: Run Behavior\WriteHtmlCacheBehavior [ RunTime:0.000275s ]
INFO: [ view_filter ] --END-- [ RunTime:0.000333s ]
INFO: [ app_end ] --START--
INFO: Run Behavior\ShowPageTraceBehavior [ RunTime:0.000453s ]
INFO: [ app_end ] --END-- [ RunTime:0.000515s ]

[ 2017-03-05T18:08:39+08:00 ] ::1 /trainer/index.php/Admin/Meal/set.html
INFO: [ app_init ] --START--
INFO: Run Behavior\BuildLiteBehavior [ RunTime:0.000018s ]
INFO: [ app_init ] --END-- [ RunTime:0.000290s ]
INFO: [ app_begin ] --START--
INFO: Run Behavior\ReadHtmlCacheBehavior [ RunTime:0.000375s ]
INFO: [ app_begin ] --END-- [ RunTime:0.000445s ]
SQL: SHOW COLUMNS FROM `trainer_config` [ RunTime:0.0044s ]
SQL: SELECT * FROM `trainer_config`  [ RunTime:0.0004s ]
INFO: [ view_parse ] --START--
INFO: [ template_filter ] --START--
INFO: Run Behavior\ContentReplaceBehavior [ RunTime:0.000071s ]
INFO: [ template_filter ] --END-- [ RunTime:0.000136s ]
NOTIC: [8] Undefined variable: config E:\wamp\www\trainer\Application\Runtime\Cache\Admin\e9ea5484816e6ca2f85e7d1fb3b4b8ab.php 第 75 行.
NOTIC: [8] Undefined variable: config E:\wamp\www\trainer\Application\Runtime\Cache\Admin\e9ea5484816e6ca2f85e7d1fb3b4b8ab.php 第 76 行.
NOTIC: [8] Undefined variable: config E:\wamp\www\trainer\Application\Runtime\Cache\Admin\e9ea5484816e6ca2f85e7d1fb3b4b8ab.php 第 245 行.
INFO: Run Behavior\ParseTemplateBehavior [ RunTime:0.007697s ]
INFO: [ view_parse ] --END-- [ RunTime:0.007759s ]
INFO: [ view_filter ] --START--
INFO: Run Behavior\WriteHtmlCacheBehavior [ RunTime:0.000247s ]
INFO: [ view_filter ] --END-- [ RunTime:0.000297s ]
INFO: [ app_end ] --START--
INFO: Run Behavior\ShowPageTraceBehavior [ RunTime:0.000432s ]
INFO: [ app_end ] --END-- [ RunTime:0.000490s ]

[ 2017-03-05T18:26:37+08:00 ] ::1 /trainer/index.php/Admin/Index/index.html
INFO: [ app_init ] --START--
INFO: Run Behavior\BuildLiteBehavior [ RunTime:0.000021s ]
INFO: [ app_init ] --END-- [ RunTime:0.000363s ]
INFO: [ app_begin ] --START--
INFO: Run Behavior\ReadHtmlCacheBehavior [ RunTime:0.000455s ]
INFO: [ app_begin ] --END-- [ RunTime:0.000525s ]
SQL: SHOW COLUMNS FROM `trainer_user` [ RunTime:0.0070s ]
SQL: select user.id,openid,companyname,username,usersex,usertel,userstation,userjob,userroom,classname,class.id as classid,user.status as userstatus from trainer_user user left join trainer_class class on user.userClass=class.ID where user.status=1 order by user.id [ RunTime:0.0008s ]
INFO: [ view_parse ] --START--
INFO: [ template_filter ] --START--
INFO: Run Behavior\ContentReplaceBehavior [ RunTime:0.000075s ]
INFO: [ template_filter ] --END-- [ RunTime:0.000147s ]
NOTIC: [8] Array to string conversion E:\wamp\www\trainer\Application\Runtime\Cache\Admin\b595b808c2ebeeeb0478ffc30bb4e87a.php 第 160 行.
INFO: Run Behavior\ParseTemplateBehavior [ RunTime:0.009337s ]
INFO: [ view_parse ] --END-- [ RunTime:0.009408s ]
INFO: [ view_filter ] --START--
INFO: Run Behavior\WriteHtmlCacheBehavior [ RunTime:0.000274s ]
INFO: [ view_filter ] --END-- [ RunTime:0.000332s ]
INFO: [ app_end ] --START--
INFO: Run Behavior\ShowPageTraceBehavior [ RunTime:0.000568s ]
INFO: [ app_end ] --END-- [ RunTime:0.000630s ]

[ 2017-03-05T18:26:41+08:00 ] ::1 /trainer/index.php/Admin/Index/getClass.html
INFO: [ app_init ] --START--
INFO: Run Behavior\BuildLiteBehavior [ RunTime:0.000017s ]
INFO: [ app_init ] --END-- [ RunTime:0.000314s ]
INFO: [ app_begin ] --START--
INFO: Run Behavior\ReadHtmlCacheBehavior [ RunTime:0.000371s ]
INFO: [ app_begin ] --END-- [ RunTime:0.000432s ]
SQL: SHOW COLUMNS FROM `trainer_class` [ RunTime:0.0040s ]
SQL: SELECT `id`,`classname` FROM `trainer_class` WHERE ( status=1 )  [ RunTime:0.0003s ]

[ 2017-03-05T18:27:12+08:00 ] ::1 /trainer/index.php/Admin/Index/exportuser/data/[[%22%E5%A7%93%E5%90%8D%22,%22%E5%8D%95%E4%BD%8D%E5%90%8D%E7%A7%B0%22,%22%E6%80%A7%E5%88%AB%22,%22%E7%94%B5%E8%AF%9D%22,%22%E5%B2%97%E4%BD%8D%E5%90%8D%E7%A7%B0%22,%22%E8%81%8C%E7%A7%B0%22,%22%E6%98%AF%E5%90%A6%E5%8D%95%E4%BD%8F%22,%22%E6%89%80%E5%9C%A8%E7%8F%AD%E7%BA%A7%22],[%22%E9%A9%AC%E5%BD%A6%E9%B9%8F%22,%22%E6%88%90%E9%83%BD%E4%BF%A1%E6%81%AF%E4%BF%A1%E6%81%AF%E4%BF%A1%E6%81%AF%E4%BF%A1%E6%81%AF%E7%A7%91%E6%8A%80%E6%9C%89%E9%99%90%E5%85%AC%E5%8F%B8%22,%22male%22,%2215528270287%22,%22%E8%91%A3%E4%BA%8B%E9%95%BF%22,%22%E5%8F%AB%E5%85%BD%22,%22oneself%22,%22%E6%9C%AA%E5%88%86%E7%BB%84%22],[%22%E9%BB%84%E5%AE%89%E5%BA%B7%22,%22%E6%88%90%E9%83%BD%E4%BF%A1%E6%81%AF%E4%BF%A1%E6%81%AF%E4%BF%A1%E6%81%AF%E4%BF%A1%E6%81%AF%E7%A7%91%E6%8A%80%E6%9C%89%E9%99%90%E5%85%AC%E5%8F%B8%22,%22female%22,%2218602222222%22,%22%E7%BB%8F%E7%90%86%22,%22%E6%97%A0%22,%22oneself%22,%22%E6%B5%8B%E8%AF%95%E5%88%86%E7%BB%84%22],[%22%E9%BB%84%E5%AE%89%E5%BA%B7%22,%22%E6%88%90%E9%83%BD%E4%BF%A1%E6%81%AF%E4%BF%A1%E6%81%AF%E4%BF%A1%E6%81%AF%E4%BF%A1%E6%81%AF%E7%A7%91%E6%8A%80%E6%9C%89%E9%99%90%E5%85%AC%E5%8F%B8%22,%22%E7%94%B7%22,%2218602222222%22,%22%E7%BB%8F%E7%90%86%22,%22%E6%97%A0%22,%22%E6%88%91%E8%A6%81%E5%8D%95%E4%BD%8F%22,%22%E6%9C%AA%E5%88%86%E7%BB%84%22],[%22%E9%BB%84%E5%AE%89%E5%BA%B7%22,%22%E6%88%90%E9%83%BD%E4%BF%A1%E6%81%AF%E4%BF%A1%E6%81%AF%E4%BF%A1%E6%81%AF%E4%BF%A1%E6%81%AF%E7%A7%91%E6%8A%80%E6%9C%89%E9%99%90%E5%85%AC%E5%8F%B8%22,%22%E5%A5%B3%22,%2218602222222%22,%22%E7%88%B1%E4%BB%95%E8%BE%BE%22,%22%E5%AF%B9%E6%96%B9%E7%9A%84%22,%22%E4%B8%8D%E5%8D%95%E4%BD%8F%22,%22%E6%9C%AA%E5%88%86%E7%BB%84%22]].html
INFO: [ app_init ] --START--
INFO: Run Behavior\BuildLiteBehavior [ RunTime:0.000016s ]
INFO: [ app_init ] --END-- [ RunTime:0.000280s ]
INFO: [ app_begin ] --START--
INFO: Run Behavior\ReadHtmlCacheBehavior [ RunTime:0.000336s ]
INFO: [ app_begin ] --END-- [ RunTime:0.000397s ]

