[ 2017-04-14T09:23:04+08:00 ] ::1 /trainer/index.php/Admin/
INFO: [ app_init ] --START--
INFO: Run Behavior\BuildLiteBehavior [ RunTime:0.000020s ]
INFO: [ app_init ] --END-- [ RunTime:0.001159s ]
INFO: [ app_begin ] --START--
INFO: Run Behavior\ReadHtmlCacheBehavior [ RunTime:0.000608s ]
INFO: [ app_begin ] --END-- [ RunTime:0.000676s ]
SQL: SHOW COLUMNS FROM `trainer_user` [ RunTime:0.0402s ]
SQL: select user.id,openid,companyname,username,usersex,usertel,userstation,userjob,userroom,classname,class.id as classid,user.status as userstatus from trainer_user user left join trainer_class class on user.userClass=class.ID where user.status=1 order by user.id [ RunTime:0.0423s ]
INFO: [ view_parse ] --START--
INFO: [ template_filter ] --START--
INFO: Run Behavior\ContentReplaceBehavior [ RunTime:0.014793s ]
INFO: [ template_filter ] --END-- [ RunTime:0.015031s ]
NOTIC: [8] Array to string conversion E:\wamp\www\trainer\Application\Runtime\Cache\Admin\b595b808c2ebeeeb0478ffc30bb4e87a.php 第 160 行.
INFO: Run Behavior\ParseTemplateBehavior [ RunTime:0.116241s ]
INFO: [ view_parse ] --END-- [ RunTime:0.116468s ]
INFO: [ view_filter ] --START--
INFO: Run Behavior\WriteHtmlCacheBehavior [ RunTime:0.010335s ]
INFO: [ view_filter ] --END-- [ RunTime:0.010543s ]
INFO: [ app_end ] --START--
INFO: Run Behavior\ShowPageTraceBehavior [ RunTime:0.007123s ]
INFO: [ app_end ] --END-- [ RunTime:0.007319s ]

